RECORD=-42|LINENO=   0|OWNERPARTID= -42|OWNERINDEX= -42|HEADER=Protel for Windows - Schematic Capture Binary File Version 5.0|MinorVersion=2|UniqueID=NFAAIIGL|Weight=284|
RECORD=31|LINENO=   1|OWNERPARTID= -42|OWNERINDEX= -42|AreaColor=16317695|Bold2=T|Bold3=T|BorderOn=T|CustomX=1000|CustomY=800|Display_Unit=0|FontIdCount=3|FontName1=Times New Roman|FontName2=Arial Narrow|FontName3=Arial Narrow|HotSpotGridOn=T|HotSpotGridSize=3|IsBOC=T|SheetNumberSpaceSize=12|SheetStyle=5|ShowTemplateGraphics=T|Size1=10|Size2=72|Size3=26|SnapGridOn=T|SnapGridSize=5|SystemFont=1|UseMBCS=T|VisibleGridOn=T|VisibleGridSize=10|
RECORD=41|LINENO=   2|OWNERPARTID= -42|OWNERINDEX= -42|Color=8388608|FontID=1|IsHidden=T|Name=CurrentTime|OwnerPartId=-1|ReadOnlyState=1|Text=*|UniqueID=GTESSMJA|
RECORD=41|LINENO=   3|OWNERPARTID= -42|OWNERINDEX= -42|Color=8388608|FontID=1|IndexInSheet=1|IsHidden=T|Name=CurrentDate|OwnerPartId=-1|ReadOnlyState=1|Text=*|UniqueID=OBGMHBKR|
RECORD=41|LINENO=   4|OWNERPARTID= -42|OWNERINDEX= -42|Color=8388608|FontID=1|IndexInSheet=2|IsHidden=T|Name=Time|OwnerPartId=-1|ReadOnlyState=1|Text=*|UniqueID=PMTOBWVQ|
RECORD=41|LINENO=   5|OWNERPARTID= -42|OWNERINDEX= -42|Color=8388608|FontID=1|IndexInSheet=3|IsHidden=T|Name=Date|OwnerPartId=-1|ReadOnlyState=1|Text=*|UniqueID=BMOGFYNM|
RECORD=41|LINENO=   6|OWNERPARTID= -42|OWNERINDEX= -42|Color=8388608|FontID=1|IndexInSheet=4|IsHidden=T|Name=DocumentFullPathAndName|OwnerPartId=-1|ReadOnlyState=1|Text=*|UniqueID=UHBOMEKW|
RECORD=41|LINENO=   7|OWNERPARTID= -42|OWNERINDEX= -42|Color=8388608|FontID=1|IndexInSheet=5|IsHidden=T|Name=DocumentName|OwnerPartId=-1|ReadOnlyState=1|Text=*|UniqueID=NUTYOMWA|
RECORD=41|LINENO=   8|OWNERPARTID= -42|OWNERINDEX= -42|Color=8388608|FontID=1|IndexInSheet=6|IsHidden=T|Name=ModifiedDate|OwnerPartId=-1|ReadOnlyState=1|Text=*|UniqueID=HHMXLGLW|
RECORD=41|LINENO=   9|OWNERPARTID= -42|OWNERINDEX= -42|Color=8388608|FontID=1|IndexInSheet=7|IsHidden=T|Name=ApprovedBy|OwnerPartId=-1|ReadOnlyState=1|Text=*|UniqueID=MKKSTOPX|
RECORD=41|LINENO=  10|OWNERPARTID= -42|OWNERINDEX= -42|Color=8388608|FontID=1|IndexInSheet=8|IsHidden=T|Name=CheckedBy|OwnerPartId=-1|ReadOnlyState=1|Text=*|UniqueID=JWRYQXFH|
RECORD=41|LINENO=  11|OWNERPARTID= -42|OWNERINDEX= -42|Color=8388608|FontID=1|IndexInSheet=9|IsHidden=T|Name=Author|OwnerPartId=-1|ReadOnlyState=1|Text=*|UniqueID=MUSSOKVT|
RECORD=41|LINENO=  12|OWNERPARTID= -42|OWNERINDEX= -42|Color=8388608|FontID=1|IndexInSheet=10|IsHidden=T|Name=CompanyName|OwnerPartId=-1|ReadOnlyState=1|Text=*|UniqueID=VGTBWOAD|
RECORD=41|LINENO=  13|OWNERPARTID= -42|OWNERINDEX= -42|Color=8388608|FontID=1|IndexInSheet=11|IsHidden=T|Name=DrawnBy|OwnerPartId=-1|ReadOnlyState=1|Text=*|UniqueID=BUCDNUYY|
RECORD=41|LINENO=  14|OWNERPARTID= -42|OWNERINDEX= -42|Color=8388608|FontID=1|IndexInSheet=12|IsHidden=T|Name=Engineer|OwnerPartId=-1|ReadOnlyState=1|Text=*|UniqueID=VMIIUHMP|
RECORD=41|LINENO=  15|OWNERPARTID= -42|OWNERINDEX= -42|Color=8388608|FontID=1|IndexInSheet=13|IsHidden=T|Name=Organization|OwnerPartId=-1|ReadOnlyState=1|Text=*|UniqueID=ECBCXOPT|
RECORD=41|LINENO=  16|OWNERPARTID= -42|OWNERINDEX= -42|Color=8388608|FontID=1|IndexInSheet=14|IsHidden=T|Name=Address1|OwnerPartId=-1|ReadOnlyState=1|Text=*|UniqueID=GKUCLOSK|
RECORD=41|LINENO=  17|OWNERPARTID= -42|OWNERINDEX= -42|Color=8388608|FontID=1|IndexInSheet=15|IsHidden=T|Name=Address2|OwnerPartId=-1|ReadOnlyState=1|Text=*|UniqueID=EQLNHEAA|
RECORD=41|LINENO=  18|OWNERPARTID= -42|OWNERINDEX= -42|Color=8388608|FontID=1|IndexInSheet=16|IsHidden=T|Name=Address3|OwnerPartId=-1|ReadOnlyState=1|Text=*|UniqueID=RTPHANIG|
RECORD=41|LINENO=  19|OWNERPARTID= -42|OWNERINDEX= -42|Color=8388608|FontID=1|IndexInSheet=17|IsHidden=T|Name=Address4|OwnerPartId=-1|ReadOnlyState=1|Text=*|UniqueID=ICSFEUDH|
RECORD=41|LINENO=  20|OWNERPARTID= -42|OWNERINDEX= -42|Color=8388608|FontID=1|IndexInSheet=18|IsHidden=T|Name=Title|OwnerPartId=-1|ReadOnlyState=1|Text=*|UniqueID=YSGQMMXY|
RECORD=41|LINENO=  21|OWNERPARTID= -42|OWNERINDEX= -42|Color=8388608|FontID=1|IndexInSheet=19|IsHidden=T|Name=DocumentNumber|OwnerPartId=-1|ReadOnlyState=1|Text=5|UniqueID=MHCQSGVU|
RECORD=41|LINENO=  22|OWNERPARTID= -42|OWNERINDEX= -42|Color=8388608|FontID=1|IndexInSheet=20|IsHidden=T|Name=Revision|OwnerPartId=-1|ReadOnlyState=1|Text=*|UniqueID=XKPQLLXO|
RECORD=41|LINENO=  23|OWNERPARTID= -42|OWNERINDEX= -42|Color=8388608|FontID=1|IndexInSheet=21|IsHidden=T|Name=SheetNumber|OwnerPartId=-1|ReadOnlyState=1|Text=5|UniqueID=WPQYPBDG|
RECORD=41|LINENO=  24|OWNERPARTID= -42|OWNERINDEX= -42|Color=8388608|FontID=1|IndexInSheet=22|IsHidden=T|Name=SheetTotal|OwnerPartId=-1|ReadOnlyState=1|Text=5|UniqueID=CCCKRHEX|
RECORD=41|LINENO=  25|OWNERPARTID= -42|OWNERINDEX= -42|Color=8388608|FontID=1|IndexInSheet=23|IsHidden=T|Name=Rule|OwnerPartId=-1|ReadOnlyState=1|Text=*|UniqueID=RNQYIXGU|
RECORD=41|LINENO=  26|OWNERPARTID= -42|OWNERINDEX= -42|Color=8388608|FontID=1|IndexInSheet=24|IsHidden=T|Name=ImagePath|OwnerPartId=-1|ReadOnlyState=1|Text=*|UniqueID=HXWPVORY|
RECORD=41|LINENO=  27|OWNERPARTID= -42|OWNERINDEX= -42|Color=8388608|FontID=1|IndexInSheet=25|IsHidden=T|Name=ProjectName|OwnerPartId=-1|ReadOnlyState=1|Text=*|UniqueID=UVQAJJYA|
RECORD=41|LINENO=  28|OWNERPARTID= -42|OWNERINDEX= -42|Color=8388608|FontID=1|IndexInSheet=26|IsHidden=T|Name=Application_BuildNumber|OwnerPartId=-1|ReadOnlyState=1|Text=*|UniqueID=IEYMEOFL|
RECORD=41|LINENO=  29|OWNERPARTID= -42|OWNERINDEX= -42|Color=8388608|FontID=1|IndexInSheet=27|IsHidden=T|Name=ConfigurationParameters|OwnerPartId=-1|ReadOnlyState=1|UniqueID=YTYRBQAJ|
RECORD=41|LINENO=  30|OWNERPARTID= -42|OWNERINDEX= -42|Color=8388608|FontID=1|IndexInSheet=28|IsHidden=T|Name=ConfiguratorName|OwnerPartId=-1|ReadOnlyState=1|UniqueID=DXNUYKQL|
RECORD=41|LINENO=  31|OWNERPARTID= -42|OWNERINDEX= -42|Color=8388608|FontID=1|IndexInSheet=29|IsHidden=T|Name=VersionControl_RevNumber|OwnerPartId=-1|ReadOnlyState=1|UniqueID=VMXOOHXA|
RECORD=41|LINENO=  32|OWNERPARTID= -42|OWNERINDEX= -42|Color=8388608|FontID=1|IndexInSheet=30|IsHidden=T|Name=IsUserConfigurable|OwnerPartId=-1|ReadOnlyState=1|UniqueID=MGNMJOVX|
RECORD=41|LINENO=  33|OWNERPARTID= -42|OWNERINDEX= -42|Color=8388608|FontID=1|IndexInSheet=31|IsHidden=T|Name=VersionControl_ProjFolderRevNumber|OwnerPartId=-1|ReadOnlyState=1|UniqueID=HIMBHWXY|
RECORD=14|LINENO=  34|OWNERPARTID= -42|OWNERINDEX= -42|AreaColor=11599871|Corner.X=645|Corner.Y=700|IndexInSheet=32|LineWidth=3|Location.X=305|Location.Y=630|OwnerPartId=-1|
RECORD= 4|LINENO=  35|OWNERPARTID= -42|OWNERINDEX= -42|FontID=2|IndexInSheet=33|Justification=1|Location.X=475|Location.Y=630|OwnerPartId=-1|Text=ACTUATORS|
RECORD=14|LINENO=  36|OWNERPARTID= -42|OWNERINDEX= -42|AreaColor=11599871|Corner.X=685|Corner.Y=545|IndexInSheet=34|LineWidth=3|Location.X=265|Location.Y=370|OwnerPartId=-1|
RECORD=14|LINENO=  37|OWNERPARTID= -42|OWNERINDEX= -42|AreaColor=11599871|Corner.X=685|Corner.Y=580|IndexInSheet=35|LineWidth=3|Location.X=265|Location.Y=545|OwnerPartId=-1|
RECORD= 4|LINENO=  38|OWNERPARTID= -42|OWNERINDEX= -42|FontID=3|IndexInSheet=36|Justification=1|Location.X=470|Location.Y=550|OwnerPartId=-1|Text=1.3" Diameter TFT Display|
RECORD= 1|LINENO=  39|OWNERPARTID= -42|OWNERINDEX= -42|AllPinCount=2|AreaColor=11599871|Color=128|ComponentDescription=DC Motor Vibration, ERM 10000 RPM 3VDC|CurrentPartId=1|DesignItemId=C0720B001F|DisplayModeCount=1|IndexInSheet=37|LibReference=C0720B001F|LibraryPath=*|Location.X=495|Location.Y=290|OwnerPartId=-1|PartCount=2|PartIDLocked=T|SourceLibraryName=smLib.IntLib|TargetFileName=*|UniqueID=RTIWMPVN|
RECORD= 2|LINENO=  40|OWNERPARTID= -42|OWNERINDEX= -42|%UTF8%SwapIDPart=Â¦&Â¦VDD|Designator=1|Designator_CustomPosition_Margin=2|Designator_CustomPosition_Margin_Frac=50000|Electrical=4|FormalType=1|Location.X=480|Location.Y=290|Name=1|Name_CustomPosition_Margin=2|OwnerIndex=38|OwnerPartId=1|PinConglomerate=34|PinDesignator_PositionConglomerate=1|PinLength=10|PinName_PositionConglomerate=1|SwapIDPart=Ž&ŽVDD|
RECORD=41|LINENO=  41|OWNERPARTID= -42|OWNERINDEX= -42|Color=8388608|FontID=1|IsHidden=T|Location.X=480|Location.Y=290|Name=PinUniqueId|OwnerIndex=39|OwnerPartId=-1|Text=AFNAGBFX|UniqueID=SYPEAVGM|
RECORD= 2|LINENO=  42|OWNERPARTID= -42|OWNERINDEX= -42|%UTF8%SwapIDPart=Â¦&Â¦VDD|Designator=2|Designator_CustomPosition_Margin=2|Designator_CustomPosition_Margin_Frac=50000|Electrical=4|FormalType=1|Location.X=510|Location.Y=290|Name=2|Name_CustomPosition_Margin=2|OwnerIndex=38|OwnerPartId=1|PinConglomerate=32|PinDesignator_PositionConglomerate=1|PinLength=10|PinName_PositionConglomerate=1|SwapIDPart=Ž&ŽVDD|
RECORD=41|LINENO=  43|OWNERPARTID= -42|OWNERINDEX= -42|Color=8388608|FontID=1|IsHidden=T|Location.X=510|Location.Y=290|Name=PinUniqueId|OwnerIndex=41|OwnerPartId=-1|Text=POEHIWNY|UniqueID=OXGZNXVA|
RECORD=12|LINENO=  44|OWNERPARTID= -42|OWNERINDEX= -42|EndAngle=360.000|IndexInSheet=2|IsNotAccesible=T|LineWidth=1|Location.X=495|Location.Y=290|OwnerIndex=38|OwnerPartId=1|Radius=10|
RECORD= 6|LINENO=  45|OWNERPARTID= -42|OWNERINDEX= -42|IndexInSheet=3|IsNotAccesible=T|LineWidth=1|LocationCount=4|OwnerIndex=38|OwnerPartId=1|X1=505|X2=510|X3=510|X4=505|Y1=295|Y2=295|Y3=285|Y4=285|
RECORD= 6|LINENO=  46|OWNERPARTID= -42|OWNERINDEX= -42|IndexInSheet=4|IsNotAccesible=T|LineWidth=1|LocationCount=4|OwnerIndex=38|OwnerPartId=1|X1=485|X2=480|X3=480|X4=485|Y1=285|Y2=285|Y3=295|Y4=295|
RECORD= 4|LINENO=  47|OWNERPARTID= -42|OWNERINDEX= -42|FontID=1|IndexInSheet=5|IsNotAccesible=T|Justification=4|Location.X=495|Location.Y=290|OwnerIndex=38|OwnerPartId=1|Text=M|
RECORD=34|LINENO=  48|OWNERPARTID= -42|OWNERINDEX= -42|Color=8388608|FontID=1|IndexInSheet=-1|Location.X=465|Location.Y=280|Name=Designator|OwnerIndex=38|OwnerPartId=-1|ReadOnlyState=1|Text=M1|UniqueID=USFIOGXP|
RECORD=41|LINENO=  49|OWNERPARTID= -42|OWNERINDEX= -42|Color=8388608|FontID=1|IndexInSheet=-1|Location.X=465|Location.Y=270|Name=Comment|OwnerIndex=38|OwnerPartId=-1|Text=C0720B001F|UniqueID=KWLOBSEQ|
RECORD=44|LINENO=  50|OWNERPARTID= -42|OWNERINDEX= -42|OwnerIndex=38|
RECORD=45|LINENO=  51|OWNERPARTID= -42|OWNERINDEX= -42|DatabaseDatalinksLocked=T|DatabaseModel=T|DatafileCount=1|DatalinksLocked=T|Description=DC Motor Vibration, ERM 10000 RPM  3VDC|IndexInSheet=-1|IntegratedModel=T|IsCurrent=T|ModelDatafileEntity0=C0720B001F|ModelDatafileKind0=PCBLib|ModelName=C0720B001F|ModelType=PCBLIB|OwnerIndex=49|UniqueID=CGKYMXWC|UseComponentLibrary=T|
RECORD=46|LINENO=  52|OWNERPARTID= -42|OWNERINDEX= -42|OwnerIndex=50|
RECORD=48|LINENO=  53|OWNERPARTID= -42|OWNERINDEX= -42|OwnerIndex=50|
RECORD=25|LINENO=  54|OWNERPARTID= -42|OWNERINDEX= -42|Color=128|FontID=1|IndexInSheet=38|Location.X=355|Location.Y=410|OwnerPartId=-1|Text=DISPLAY_CS|UniqueID=AAIEFBRJ|
RECORD=25|LINENO=  55|OWNERPARTID= -42|OWNERINDEX= -42|Color=128|FontID=1|IndexInSheet=39|Location.X=355|Location.Y=440|OwnerPartId=-1|Text=DISPLAY_MOSI|UniqueID=BEHYBYJG|
RECORD=25|LINENO=  56|OWNERPARTID= -42|OWNERINDEX= -42|Color=128|FontID=1|IndexInSheet=40|Location.X=355|Location.Y=460|OwnerPartId=-1|Text=DISPLAY_RST|UniqueID=ECMIHCFD|
RECORD=25|LINENO=  57|OWNERPARTID= -42|OWNERINDEX= -42|Color=128|FontID=1|IndexInSheet=41|Location.X=355|Location.Y=420|OwnerPartId=-1|Text=DISPLAY_CLK|UniqueID=FVVJZULQ|
RECORD=27|LINENO=  58|OWNERPARTID= -42|OWNERINDEX= -42|Color=8388608|IndexInSheet=42|LineWidth=1|LocationCount=2|OwnerPartId=-1|UniqueID=QTINPNVW|X1=345|X2=425|Y1=420|Y2=420|
RECORD=27|LINENO=  59|OWNERPARTID= -42|OWNERINDEX= -42|Color=8388608|IndexInSheet=43|LineWidth=1|LocationCount=2|OwnerPartId=-1|UniqueID=VQOMHWNC|X1=345|X2=425|Y1=440|Y2=440|
RECORD=27|LINENO=  60|OWNERPARTID= -42|OWNERINDEX= -42|Color=8388608|IndexInSheet=44|LineWidth=1|LocationCount=2|OwnerPartId=-1|UniqueID=EEVGSHJX|X1=345|X2=425|Y1=460|Y2=460|
RECORD=27|LINENO=  61|OWNERPARTID= -42|OWNERINDEX= -42|Color=8388608|IndexInSheet=45|LineWidth=1|LocationCount=2|OwnerPartId=-1|UniqueID=VFYKFIJH|X1=345|X2=425|Y1=410|Y2=410|
RECORD=25|LINENO=  62|OWNERPARTID= -42|OWNERINDEX= -42|Color=128|FontID=1|IndexInSheet=46|Location.X=590|Location.Y=460|OwnerPartId=-1|Text=DISPLAY_BCKL|UniqueID=TRIHPWQQ|
RECORD=18|LINENO=  63|OWNERPARTID= -42|OWNERINDEX= -42|AreaColor=8454143|Color=128|FontID=1|Height=10|IndexInSheet=47|Location.X=590|Location.Y=450|Name=DISPLAY_BCKL|OwnerPartId=-1|TextColor=128|UniqueID=HTFVYEXI|Width=70|
RECORD=18|LINENO=  64|OWNERPARTID= -42|OWNERINDEX= -42|AreaColor=8454143|Color=128|FontID=1|Height=10|IndexInSheet=48|Location.X=275|Location.Y=460|Name=DISPLAY_RST|OwnerPartId=-1|TextColor=128|UniqueID=KLSKOLQN|Width=70|
RECORD=18|LINENO=  65|OWNERPARTID= -42|OWNERINDEX= -42|AreaColor=8454143|Color=128|FontID=1|Height=10|IndexInSheet=49|Location.X=275|Location.Y=440|Name=DISPLAY_MOSI|OwnerPartId=-1|TextColor=128|UniqueID=GGTQOGMI|Width=70|
RECORD=18|LINENO=  66|OWNERPARTID= -42|OWNERINDEX= -42|AreaColor=8454143|Color=128|FontID=1|Height=10|IndexInSheet=50|Location.X=275|Location.Y=410|Name=DISPLAY_CS|OwnerPartId=-1|TextColor=128|UniqueID=OEZCURIB|Width=70|
RECORD=18|LINENO=  67|OWNERPARTID= -42|OWNERINDEX= -42|AreaColor=8454143|Color=128|FontID=1|Height=10|IndexInSheet=51|Location.X=275|Location.Y=420|Name=DISPLAY_CLK|OwnerPartId=-1|TextColor=128|UniqueID=JQCMCOJP|Width=70|
RECORD=22|LINENO=  68|OWNERPARTID= -42|OWNERINDEX= -42|Color=255|IndexInSheet=52|IsActive=T|Location.X=345|Location.Y=430|Orientation=1|OwnerPartId=-1|SuppressAll=T|Symbol=Thin Cross|UniqueID=SFFLRJFS|
RECORD=22|LINENO=  69|OWNERPARTID= -42|OWNERINDEX= -42|Color=255|IndexInSheet=53|IsActive=T|Location.X=605|Location.Y=520|Orientation=1|OwnerPartId=-1|SuppressAll=T|Symbol=Thin Cross|UniqueID=PAWUNZWO|
RECORD=17|LINENO=  70|OWNERPARTID= -42|OWNERINDEX= -42|Color=128|FontID=1|IndexInSheet=54|Location.X=345|Location.Y=520|Orientation=1|OwnerPartId=-1|ShowNetName=T|Style=2|Text=3V3|UniqueID=HCNTDOAM|
RECORD=27|LINENO=  71|OWNERPARTID= -42|OWNERINDEX= -42|Color=8388608|IndexInSheet=55|LineWidth=1|LocationCount=6|OwnerPartId=-1|UniqueID=QHPEUMJR|X1=425|X2=345|X3=345|X4=345|X5=345|X6=425|Y1=480|Y2=480|Y3=490|Y4=510|Y5=520|Y6=520|
RECORD=27|LINENO=  72|OWNERPARTID= -42|OWNERINDEX= -42|Color=8388608|IndexInSheet=56|LineWidth=1|LocationCount=2|OwnerPartId=-1|UniqueID=UITQZKAK|X1=425|X2=345|Y1=510|Y2=510|
RECORD=27|LINENO=  73|OWNERPARTID= -42|OWNERINDEX= -42|Color=8388608|IndexInSheet=57|LineWidth=1|LocationCount=2|OwnerPartId=-1|UniqueID=VKEPVLPA|X1=425|X2=345|Y1=490|Y2=490|
RECORD=27|LINENO=  74|OWNERPARTID= -42|OWNERINDEX= -42|Color=8388608|IndexInSheet=58|LineWidth=1|LocationCount=2|OwnerPartId=-1|UniqueID=DISFSFBU|X1=345|X2=425|Y1=430|Y2=430|
RECORD=17|LINENO=  75|OWNERPARTID= -42|OWNERINDEX= -42|Color=128|FontID=1|IndexInSheet=59|Location.X=605|Location.Y=405|Orientation=3|OwnerPartId=-1|ShowNetName=T|Style=4|Text=GND|UniqueID=PFXMSYCJ|
RECORD=17|LINENO=  76|OWNERPARTID= -42|OWNERINDEX= -42|Color=128|FontID=1|IndexInSheet=60|Location.X=605|Location.Y=500|Orientation=1|OwnerPartId=-1|ShowNetName=T|Style=2|Text=3V3|UniqueID=JOWVBSTM|
RECORD=27|LINENO=  77|OWNERPARTID= -42|OWNERINDEX= -42|Color=8388608|IndexInSheet=61|LineWidth=1|LocationCount=4|OwnerPartId=-1|UniqueID=FOMLJRUZ|X1=525|X2=605|X3=605|X4=525|Y1=490|Y2=490|Y3=500|Y4=500|
RECORD=27|LINENO=  78|OWNERPARTID= -42|OWNERINDEX= -42|Color=8388608|IndexInSheet=62|LineWidth=1|LocationCount=4|OwnerPartId=-1|UniqueID=SKLFNGBX|X1=525|X2=605|X3=605|X4=525|Y1=410|Y2=410|Y3=420|Y4=420|
RECORD=27|LINENO=  79|OWNERPARTID= -42|OWNERINDEX= -42|Color=8388608|IndexInSheet=63|LineWidth=1|LocationCount=2|OwnerPartId=-1|UniqueID=ATLMEICJ|X1=605|X2=605|Y1=430|Y2=420|
RECORD=27|LINENO=  80|OWNERPARTID= -42|OWNERINDEX= -42|Color=8388608|IndexInSheet=64|LineWidth=1|LocationCount=2|OwnerPartId=-1|UniqueID=KVOZHBEL|X1=525|X2=605|Y1=520|Y2=520|
RECORD= 1|LINENO=  81|OWNERPARTID= -42|OWNERINDEX= -42|AllPinCount=8|AreaColor=11599871|Color=128|ComponentDescription=Mosfet Array 2 N-Channel (Dual) Common Drain 24V 14A 1.4W Surface Mount SOT-28FL/ECH8|CurrentPartId=1|DesignItemId=ECH8693R-TL-W|DisplayModeCount=1|IndexInSheet=65|LibReference=ECH8693R-TL-W|LibraryPath=*|Location.X=475|Location.Y=205|OwnerPartId=-1|PartCount=2|PartIDLocked=T|SourceLibraryName=smLib.IntLib|TargetFileName=*|UniqueID=ICTZIOGZ|
RECORD= 2|LINENO=  82|OWNERPARTID= -42|OWNERINDEX= -42|%UTF8%SwapIDPart=Â¦&Â¦VDD|Designator=1|Designator_CustomPosition_Margin=2|Designator_CustomPosition_Margin_Frac=50000|Electrical=4|FormalType=1|Location.X=450|Location.Y=205|Name=S1|Name_CustomPosition_Margin=2|OwnerIndex=80|OwnerPartId=1|PinConglomerate=34|PinDesignator_PositionConglomerate=1|PinLength=10|PinName_PositionConglomerate=1|SwapIDPart=Ž&ŽVDD|
RECORD=41|LINENO=  83|OWNERPARTID= -42|OWNERINDEX= -42|Color=8388608|FontID=1|IsHidden=T|Location.X=450|Location.Y=205|Name=PinUniqueId|OwnerIndex=81|OwnerPartId=-1|Text=VJMPIDHW|UniqueID=TQUNFZWS|
RECORD= 2|LINENO=  84|OWNERPARTID= -42|OWNERINDEX= -42|%UTF8%SwapIDPart=Â¦&Â¦VDD|Designator=2|Designator_CustomPosition_Margin=2|Designator_CustomPosition_Margin_Frac=50000|Electrical=4|FormalType=1|Location.X=455|Location.Y=215|Name=G1|Name_CustomFontID=1|OwnerIndex=80|OwnerPartId=1|PinConglomerate=33|PinDesignator_PositionConglomerate=5|PinLength=10|PinName_PositionConglomerate=21|SwapIDPart=Ž&ŽVDD|
RECORD=41|LINENO=  85|OWNERPARTID= -42|OWNERINDEX= -42|Color=8388608|FontID=1|IsHidden=T|Location.X=455|Location.Y=215|Name=PinUniqueId|OwnerIndex=83|OwnerPartId=-1|Text=XWDOWECT|UniqueID=XAGDNOBI|
RECORD= 2|LINENO=  86|OWNERPARTID= -42|OWNERINDEX= -42|%UTF8%SwapIDPart=Â¦&Â¦VDD|Designator=3|Designator_CustomPosition_Margin=2|Designator_CustomPosition_Margin_Frac=50000|Electrical=4|FormalType=1|Location.X=500|Location.Y=205|Name=S2|Name_CustomPosition_Margin=2|OwnerIndex=80|OwnerPartId=1|PinConglomerate=32|PinDesignator_PositionConglomerate=1|PinLength=10|PinName_PositionConglomerate=1|SwapIDPart=Ž&ŽVDD|
RECORD=41|LINENO=  87|OWNERPARTID= -42|OWNERINDEX= -42|Color=8388608|FontID=1|IsHidden=T|Location.X=500|Location.Y=205|Name=PinUniqueId|OwnerIndex=85|OwnerPartId=-1|Text=TGRVAKUQ|UniqueID=LIKNIUCY|
RECORD= 2|LINENO=  88|OWNERPARTID= -42|OWNERINDEX= -42|%UTF8%SwapIDPart=Â¦&Â¦VDD|Designator=4|Designator_CustomPosition_Margin=2|Designator_CustomPosition_Margin_Frac=50000|Electrical=4|FormalType=1|Location.X=495|Location.Y=215|Name=G2|Name_CustomFontID=1|Name_CustomPosition_Margin=2|OwnerIndex=80|OwnerPartId=1|PinConglomerate=33|PinDesignator_PositionConglomerate=5|PinLength=10|PinName_PositionConglomerate=21|SwapIDPart=Ž&ŽVDD|
RECORD=41|LINENO=  89|OWNERPARTID= -42|OWNERINDEX= -42|Color=8388608|FontID=1|IsHidden=T|Location.X=495|Location.Y=215|Name=PinUniqueId|OwnerIndex=87|OwnerPartId=-1|Text=YYFKLZDN|UniqueID=TMSEASUF|
RECORD= 2|LINENO=  90|OWNERPARTID= -42|OWNERINDEX= -42|%UTF8%SwapIDPart=Â¦&Â¦VDD|Designator=5|Designator_CustomPosition_Margin=2|Designator_CustomPosition_Margin_Frac=50000|Electrical=4|FormalType=1|Location.X=490|Location.Y=205|Name=D|Name_CustomFontID=1|Name_CustomPosition_Margin=2|OwnerIndex=80|OwnerPartId=1|PinConglomerate=34|PinDesignator_PositionConglomerate=5|PinLength=10|PinName_PositionConglomerate=21|SwapIDPart=Ž&ŽVDD|
RECORD=41|LINENO=  91|OWNERPARTID= -42|OWNERINDEX= -42|Color=8388608|FontID=1|IsHidden=T|Location.X=490|Location.Y=205|Name=PinUniqueId|OwnerIndex=89|OwnerPartId=-1|Text=BXOYGTRR|UniqueID=DYZNQURS|
RECORD= 2|LINENO=  92|OWNERPARTID= -42|OWNERINDEX= -42|%UTF8%SwapIDPart=Â¦&Â¦VDD|Designator=6|Designator_CustomPosition_Margin=2|Designator_CustomPosition_Margin_Frac=50000|Electrical=4|FormalType=1|Location.X=490|Location.Y=205|Name=D|Name_CustomFontID=1|Name_CustomPosition_Margin=2|OwnerIndex=80|OwnerPartId=1|PinConglomerate=34|PinDesignator_PositionConglomerate=5|PinLength=10|PinName_PositionConglomerate=21|SwapIDPart=Ž&ŽVDD|
RECORD=41|LINENO=  93|OWNERPARTID= -42|OWNERINDEX= -42|Color=8388608|FontID=1|IsHidden=T|Location.X=490|Location.Y=205|Name=PinUniqueId|OwnerIndex=91|OwnerPartId=-1|Text=KNPKOUCE|UniqueID=CXHAODZZ|
RECORD= 2|LINENO=  94|OWNERPARTID= -42|OWNERINDEX= -42|%UTF8%SwapIDPart=Â¦&Â¦VDD|Designator=7|Designator_CustomPosition_Margin=2|Designator_CustomPosition_Margin_Frac=50000|Electrical=4|FormalType=1|Location.X=460|Location.Y=205|Name=D|Name_CustomFontID=1|Name_CustomPosition_Margin=2|OwnerIndex=80|OwnerPartId=1|PinConglomerate=32|PinDesignator_PositionConglomerate=5|PinLength=10|PinName_PositionConglomerate=21|SwapIDPart=Ž&ŽVDD|
RECORD=41|LINENO=  95|OWNERPARTID= -42|OWNERINDEX= -42|Color=8388608|FontID=1|IsHidden=T|Location.X=460|Location.Y=205|Name=PinUniqueId|OwnerIndex=93|OwnerPartId=-1|Text=AAFBXKZK|UniqueID=VYOEMISZ|
RECORD= 2|LINENO=  96|OWNERPARTID= -42|OWNERINDEX= -42|%UTF8%SwapIDPart=Â¦&Â¦VDD|Designator=8|Designator_CustomPosition_Margin=2|Designator_CustomPosition_Margin_Frac=50000|Electrical=4|FormalType=1|Location.X=460|Location.Y=205|Name=D|Name_CustomFontID=1|Name_CustomPosition_Margin=2|OwnerIndex=80|OwnerPartId=1|PinConglomerate=32|PinDesignator_PositionConglomerate=5|PinLength=10|PinName_PositionConglomerate=21|SwapIDPart=Ž&ŽVDD|
RECORD=41|LINENO=  97|OWNERPARTID= -42|OWNERINDEX= -42|Color=8388608|FontID=1|IsHidden=T|Location.X=460|Location.Y=205|Name=PinUniqueId|OwnerIndex=95|OwnerPartId=-1|Text=PWRJXWKX|UniqueID=NVTSGRSE|
RECORD= 6|LINENO=  98|OWNERPARTID= -42|OWNERINDEX= -42|IndexInSheet=8|IsNotAccesible=T|LineWidth=1|LocationCount=2|OwnerIndex=80|OwnerPartId=1|X1=450|X2=460|Y1=215|Y2=215|
RECORD= 6|LINENO=  99|OWNERPARTID= -42|OWNERINDEX= -42|IndexInSheet=9|IsNotAccesible=T|LineWidth=1|LocationCount=2|OwnerIndex=80|OwnerPartId=1|X1=490|X2=500|Y1=215|Y2=215|
RECORD= 6|LINENO= 100|OWNERPARTID= -42|OWNERINDEX= -42|IndexInSheet=10|IsNotAccesible=T|LineWidth=1|LocationCount=3|OwnerIndex=80|OwnerPartId=1|X1=450|X2=450|X3=460|Y1=205|Y2=210|Y3=210|
RECORD= 6|LINENO= 101|OWNERPARTID= -42|OWNERINDEX= -42|IndexInSheet=11|IsNotAccesible=T|LineWidth=1|LocationCount=2|OwnerIndex=80|OwnerPartId=1|X1=460|X2=460|Y1=210|Y2=205|
RECORD= 6|LINENO= 102|OWNERPARTID= -42|OWNERINDEX= -42|IndexInSheet=12|IsNotAccesible=T|LineWidth=1|LocationCount=4|OwnerIndex=80|OwnerPartId=1|X1=490|X2=490|X3=500|X4=500|Y1=205|Y2=210|Y3=210|Y4=205|
RECORD= 4|LINENO= 103|OWNERPARTID= -42|OWNERINDEX= -42|FontID=1|IndexInSheet=13|IsNotAccesible=T|Location.X=460|Location.Y=215|OwnerIndex=80|OwnerPartId=1|Text=G|
RECORD= 4|LINENO= 104|OWNERPARTID= -42|OWNERINDEX= -42|FontID=1|IndexInSheet=14|IsNotAccesible=T|Justification=1|Location.X=445|Location.Y=205|OwnerIndex=80|OwnerPartId=1|Text=S|
RECORD= 4|LINENO= 105|OWNERPARTID= -42|OWNERINDEX= -42|FontID=1|IndexInSheet=15|IsNotAccesible=T|Justification=1|Location.X=475|Location.Y=205|OwnerIndex=80|OwnerPartId=1|Text=D|
RECORD= 4|LINENO= 106|OWNERPARTID= -42|OWNERINDEX= -42|FontID=1|IndexInSheet=16|IsNotAccesible=T|Location.X=502|Location.Y=205|OwnerIndex=80|OwnerPartId=1|Text=S|
RECORD= 4|LINENO= 107|OWNERPARTID= -42|OWNERINDEX= -42|FontID=1|IndexInSheet=17|IsNotAccesible=T|Location.X=485|Location.Y=215|OwnerIndex=80|OwnerPartId=1|Text=G|
RECORD= 6|LINENO= 108|OWNERPARTID= -42|OWNERINDEX= -42|IndexInSheet=18|IsNotAccesible=T|LineWidth=1|LocationCount=3|OwnerIndex=80|OwnerPartId=1|X1=450|X2=455|X3=455|Y1=205|Y2=205|Y3=210|
RECORD= 6|LINENO= 109|OWNERPARTID= -42|OWNERINDEX= -42|IndexInSheet=19|IsNotAccesible=T|LineWidth=1|LocationCount=2|OwnerIndex=80|OwnerPartId=1|X1=455|X2=454|Y1=210|Y2=208|
RECORD= 6|LINENO= 110|OWNERPARTID= -42|OWNERINDEX= -42|IndexInSheet=20|IsNotAccesible=T|LineWidth=1|LocationCount=2|OwnerIndex=80|OwnerPartId=1|X1=455|X2=456|Y1=210|Y2=208|
RECORD= 6|LINENO= 111|OWNERPARTID= -42|OWNERINDEX= -42|IndexInSheet=21|IsNotAccesible=T|LineWidth=1|LocationCount=3|OwnerIndex=80|OwnerPartId=1|X1=500|X2=495|X3=495|Y1=205|Y2=205|Y3=210|
RECORD= 6|LINENO= 112|OWNERPARTID= -42|OWNERINDEX= -42|IndexInSheet=22|IsNotAccesible=T|LineWidth=1|LocationCount=2|OwnerIndex=80|OwnerPartId=1|X1=495|X2=496|Y1=210|Y2=208|
RECORD= 6|LINENO= 113|OWNERPARTID= -42|OWNERINDEX= -42|IndexInSheet=23|IsNotAccesible=T|LineWidth=1|LocationCount=2|OwnerIndex=80|OwnerPartId=1|X1=495|X2=494|Y1=210|Y2=208|
RECORD= 6|LINENO= 114|OWNERPARTID= -42|OWNERINDEX= -42|IndexInSheet=24|IsNotAccesible=T|LineWidth=1|LocationCount=2|OwnerIndex=80|OwnerPartId=1|X1=457|X2=453|Y1=200|Y2=198|
RECORD= 6|LINENO= 115|OWNERPARTID= -42|OWNERINDEX= -42|IndexInSheet=25|IsNotAccesible=T|LineWidth=1|LocationCount=2|OwnerIndex=80|OwnerPartId=1|X1=457|X2=453|Y1=200|Y2=202|
RECORD= 6|LINENO= 116|OWNERPARTID= -42|OWNERINDEX= -42|IndexInSheet=26|IsNotAccesible=T|LineWidth=1|LocationCount=2|OwnerIndex=80|OwnerPartId=1|X1=453|X2=453|Y1=202|Y2=198|
RECORD= 6|LINENO= 117|OWNERPARTID= -42|OWNERINDEX= -42|IndexInSheet=27|IsNotAccesible=T|LineWidth=1|LocationCount=2|OwnerIndex=80|OwnerPartId=1|X1=457|X2=457|Y1=202|Y2=198|
RECORD= 6|LINENO= 118|OWNERPARTID= -42|OWNERINDEX= -42|IndexInSheet=28|IsNotAccesible=T|LineWidth=1|LocationCount=3|OwnerIndex=80|OwnerPartId=1|X1=453|X2=450|X3=450|Y1=200|Y2=200|Y3=205|
RECORD= 6|LINENO= 119|OWNERPARTID= -42|OWNERINDEX= -42|IndexInSheet=29|IsNotAccesible=T|LineWidth=1|LocationCount=3|OwnerIndex=80|OwnerPartId=1|X1=457|X2=460|X3=460|Y1=200|Y2=200|Y3=205|
RECORD= 6|LINENO= 120|OWNERPARTID= -42|OWNERINDEX= -42|IndexInSheet=30|IsNotAccesible=T|LineWidth=1|LocationCount=2|OwnerIndex=80|OwnerPartId=1|X1=493|X2=497|Y1=200|Y2=198|
RECORD= 6|LINENO= 121|OWNERPARTID= -42|OWNERINDEX= -42|IndexInSheet=31|IsNotAccesible=T|LineWidth=1|LocationCount=2|OwnerIndex=80|OwnerPartId=1|X1=493|X2=497|Y1=200|Y2=202|
RECORD= 6|LINENO= 122|OWNERPARTID= -42|OWNERINDEX= -42|IndexInSheet=32|IsNotAccesible=T|LineWidth=1|LocationCount=2|OwnerIndex=80|OwnerPartId=1|X1=497|X2=497|Y1=202|Y2=198|
RECORD= 6|LINENO= 123|OWNERPARTID= -42|OWNERINDEX= -42|IndexInSheet=33|IsNotAccesible=T|LineWidth=1|LocationCount=2|OwnerIndex=80|OwnerPartId=1|X1=493|X2=493|Y1=202|Y2=198|
RECORD= 6|LINENO= 124|OWNERPARTID= -42|OWNERINDEX= -42|IndexInSheet=34|IsNotAccesible=T|LineWidth=1|LocationCount=3|OwnerIndex=80|OwnerPartId=1|X1=497|X2=500|X3=500|Y1=200|Y2=200|Y3=205|
RECORD= 6|LINENO= 125|OWNERPARTID= -42|OWNERINDEX= -42|IndexInSheet=35|IsNotAccesible=T|LineWidth=1|LocationCount=3|OwnerIndex=80|OwnerPartId=1|X1=493|X2=490|X3=490|Y1=200|Y2=200|Y3=205|
RECORD=34|LINENO= 126|OWNERPARTID= -42|OWNERINDEX= -42|Color=8388608|FontID=1|IndexInSheet=-1|Location.X=442|Location.X_Frac=72335|Location.Y=187|Name=Designator|OwnerIndex=80|OwnerPartId=-1|ReadOnlyState=1|Text=Q2|UniqueID=OALNVJBE|
RECORD=41|LINENO= 127|OWNERPARTID= -42|OWNERINDEX= -42|Color=8388608|FontID=1|IndexInSheet=-1|Location.X=442|Location.X_Frac=72335|Location.Y=177|Name=Comment|OwnerIndex=80|OwnerPartId=-1|Text=ECH8693R-TL-W|UniqueID=WBKLUBPQ|
RECORD=44|LINENO= 128|OWNERPARTID= -42|OWNERINDEX= -42|OwnerIndex=80|
RECORD=45|LINENO= 129|OWNERPARTID= -42|OWNERINDEX= -42|DatabaseDatalinksLocked=T|DatabaseModel=T|DatafileCount=1|DatalinksLocked=T|Description=Mosfet Array 2 N-Channel (Dual) Common Drain 24V 14A 1.4W Surface Mount SOT-28FL/ECH8|IndexInSheet=-1|IntegratedModel=T|IsCurrent=T|ModelDatafileEntity0=ECH8693R-TL-W|ModelDatafileKind0=PCBLib|ModelName=ECH8693R-TL-W|ModelType=PCBLIB|OwnerIndex=127|UniqueID=TPNZPEMZ|UseComponentLibrary=T|
RECORD=46|LINENO= 130|OWNERPARTID= -42|OWNERINDEX= -42|OwnerIndex=128|
RECORD=48|LINENO= 131|OWNERPARTID= -42|OWNERINDEX= -42|OwnerIndex=128|
RECORD=17|LINENO= 132|OWNERPARTID= -42|OWNERINDEX= -42|Color=128|FontID=1|IndexInSheet=66|Location.X=470|Location.Y=290|Orientation=1|OwnerPartId=-1|ShowNetName=T|Style=2|Text=3V3|UniqueID=XEIKCHTN|
RECORD=27|LINENO= 133|OWNERPARTID= -42|OWNERINDEX= -42|Color=8388608|IndexInSheet=67|LineWidth=1|LocationCount=5|OwnerPartId=-1|UniqueID=MNWXFIXY|X1=440|X2=440|X3=475|X4=510|X5=510|Y1=205|Y2=175|Y3=175|Y4=175|Y5=205|
RECORD=17|LINENO= 134|OWNERPARTID= -42|OWNERINDEX= -42|Color=128|FontID=1|IndexInSheet=68|Location.X=475|Location.Y=175|Orientation=3|OwnerPartId=-1|ShowNetName=T|Style=4|Text=GND|UniqueID=QXHUTCAC|
RECORD= 1|LINENO= 135|OWNERPARTID= -42|OWNERINDEX= -42|AllPinCount=2|AreaColor=11599871|Color=128|ComponentDescription=0603 Resistor|CurrentPartId=1|DesignItemId=Resistor_0603|DisplayModeCount=1|IndexInSheet=69|IsMirrored=T|LibReference=Resistor_0603|LibraryPath=*|Location.X=440|Location.Y=215|Orientation=1|OwnerPartId=-1|PartCount=2|PartIDLocked=T|SourceLibraryName=smLib.IntLib|TargetFileName=*|UniqueID=ZNMACOGJ|
RECORD= 2|LINENO= 136|OWNERPARTID= -42|OWNERINDEX= -42|Designator=1|Electrical=4|FormalType=1|Location.X=440|Location.Y=209|Name=1|OwnerIndex=134|OwnerPartId=1|PinConglomerate=35|PinLength=4|
RECORD=41|LINENO= 137|OWNERPARTID= -42|OWNERINDEX= -42|Color=8388608|FontID=1|IsHidden=T|Location.X=440|Location.Y=209|Name=PinUniqueId|OwnerIndex=135|OwnerPartId=-1|Text=QJDYYXKB|UniqueID=GBZOONRQ|
RECORD= 2|LINENO= 138|OWNERPARTID= -42|OWNERINDEX= -42|Designator=2|Electrical=4|FormalType=1|Location.X=440|Location.Y=221|Name=2|OwnerIndex=134|OwnerPartId=1|PinConglomerate=33|PinLength=4|
RECORD=41|LINENO= 139|OWNERPARTID= -42|OWNERINDEX= -42|Color=8388608|FontID=1|IsHidden=T|Location.X=440|Location.Y=221|Name=PinUniqueId|OwnerIndex=137|OwnerPartId=-1|Text=ZGOEIXTO|UniqueID=RRKLMCKQ|
RECORD= 6|LINENO= 140|OWNERPARTID= -42|OWNERINDEX= -42|IndexInSheet=2|IsNotAccesible=T|LineWidth=1|LocationCount=8|OwnerIndex=134|OwnerPartId=1|X1=440|X2=438|X3=442|X4=438|X5=442|X6=438|X7=442|X8=440|Y1=221|Y2=220|Y3=218|Y4=216|Y5=214|Y6=212|Y7=210|Y8=209|
RECORD=34|LINENO= 141|OWNERPARTID= -42|OWNERINDEX= -42|Color=8388608|FontID=1|IndexInSheet=-1|IsMirrored=T|Location.X=420|Location.Y=215|Name=Designator|OwnerIndex=134|OwnerPartId=-1|ReadOnlyState=1|Text=R11|UniqueID=YCZENLGB|
RECORD=41|LINENO= 142|OWNERPARTID= -42|OWNERINDEX= -42|Color=8388608|FontID=1|IndexInSheet=-1|IsMirrored=T|Location.X=420|Location.Y=205|Name=Comment|OwnerIndex=134|OwnerPartId=-1|Text=10K|UniqueID=UXUABDOV|
RECORD=44|LINENO= 143|OWNERPARTID= -42|OWNERINDEX= -42|OwnerIndex=134|
RECORD=45|LINENO= 144|OWNERPARTID= -42|OWNERINDEX= -42|DatabaseDatalinksLocked=T|DatabaseModel=T|DatafileCount=1|DatalinksLocked=T|Description=High density 0603 passive|IndexInSheet=-1|IntegratedModel=T|IsCurrent=T|ModelDatafileEntity0=RES_0603_HIGH|ModelDatafileKind0=PCBLib|ModelName=RES_0603_HIGH|ModelType=PCBLIB|OwnerIndex=142|UniqueID=FBNDVULS|UseComponentLibrary=T|
RECORD=46|LINENO= 145|OWNERPARTID= -42|OWNERINDEX= -42|OwnerIndex=143|
RECORD=48|LINENO= 146|OWNERPARTID= -42|OWNERINDEX= -42|OwnerIndex=143|
RECORD=45|LINENO= 147|OWNERPARTID= -42|OWNERINDEX= -42|DatabaseDatalinksLocked=T|DatabaseModel=T|DatafileCount=1|DatalinksLocked=T|Description=Low density 0603 passive|IndexInSheet=-1|IntegratedModel=T|ModelDatafileEntity0=RES_0603_LOW|ModelDatafileKind0=PCBLib|ModelName=RES_0603_LOW|ModelType=PCBLIB|OwnerIndex=142|UniqueID=DIPHXAUW|UseComponentLibrary=T|
RECORD=46|LINENO= 148|OWNERPARTID= -42|OWNERINDEX= -42|OwnerIndex=146|
RECORD=48|LINENO= 149|OWNERPARTID= -42|OWNERINDEX= -42|OwnerIndex=146|
RECORD=45|LINENO= 150|OWNERPARTID= -42|OWNERINDEX= -42|DatabaseDatalinksLocked=T|DatabaseModel=T|DatafileCount=1|DatalinksLocked=T|Description=Medium density 0603 passive|IndexInSheet=-1|IntegratedModel=T|ModelDatafileEntity0=RES_0603_MEDIUM|ModelDatafileKind0=PCBLib|ModelName=RES_0603_MEDIUM|ModelType=PCBLIB|OwnerIndex=142|UniqueID=VZOSICWP|UseComponentLibrary=T|
RECORD=46|LINENO= 151|OWNERPARTID= -42|OWNERINDEX= -42|OwnerIndex=149|
RECORD=48|LINENO= 152|OWNERPARTID= -42|OWNERINDEX= -42|OwnerIndex=149|
RECORD=25|LINENO= 153|OWNERPARTID= -42|OWNERINDEX= -42|Color=128|FontID=1|IndexInSheet=70|Location.X=400|Location.Y=225|OwnerPartId=-1|Text=MOTOR_PWM|UniqueID=JGWQUSKI|
RECORD= 1|LINENO= 154|OWNERPARTID= -42|OWNERINDEX= -42|AllPinCount=2|AreaColor=11599871|Color=128|ComponentDescription=0603 Resistor|CurrentPartId=1|DesignItemId=Resistor_0603|DisplayModeCount=1|IndexInSheet=71|LibReference=Resistor_0603|LibraryPath=*|Location.X=495|Location.Y=245|OwnerPartId=-1|PartCount=2|PartIDLocked=T|SourceLibraryName=smLib.IntLib|TargetFileName=*|UniqueID=ZTUDXHKU|
RECORD= 2|LINENO= 155|OWNERPARTID= -42|OWNERINDEX= -42|Designator=1|Electrical=4|FormalType=1|Location.X=489|Location.Y=245|Name=1|OwnerIndex=153|OwnerPartId=1|PinConglomerate=34|PinLength=4|
RECORD=41|LINENO= 156|OWNERPARTID= -42|OWNERINDEX= -42|Color=8388608|FontID=1|IsHidden=T|Location.X=489|Location.Y=245|Name=PinUniqueId|OwnerIndex=154|OwnerPartId=-1|Text=YLDNHFIP|UniqueID=NTIBEPSV|
RECORD= 2|LINENO= 157|OWNERPARTID= -42|OWNERINDEX= -42|Designator=2|Electrical=4|FormalType=1|Location.X=501|Location.Y=245|Name=2|OwnerIndex=153|OwnerPartId=1|PinConglomerate=32|PinLength=4|
RECORD=41|LINENO= 158|OWNERPARTID= -42|OWNERINDEX= -42|Color=8388608|FontID=1|IsHidden=T|Location.X=501|Location.Y=245|Name=PinUniqueId|OwnerIndex=156|OwnerPartId=-1|Text=IVVJWJSO|UniqueID=FAZVAZMK|
RECORD= 6|LINENO= 159|OWNERPARTID= -42|OWNERINDEX= -42|IndexInSheet=2|IsNotAccesible=T|LineWidth=1|LocationCount=8|OwnerIndex=153|OwnerPartId=1|X1=501|X2=500|X3=498|X4=496|X5=494|X6=492|X7=490|X8=489|Y1=245|Y2=243|Y3=247|Y4=243|Y5=247|Y6=243|Y7=247|Y8=245|
RECORD=34|LINENO= 160|OWNERPARTID= -42|OWNERINDEX= -42|Color=8388608|FontID=1|IndexInSheet=-1|Location.X=480|Location.Y=235|Name=Designator|OwnerIndex=153|OwnerPartId=-1|ReadOnlyState=1|Text=R10|UniqueID=KRMODUEP|
RECORD=41|LINENO= 161|OWNERPARTID= -42|OWNERINDEX= -42|Color=8388608|FontID=1|IndexInSheet=-1|Location.X=500|Location.Y=235|Name=Comment|OwnerIndex=153|OwnerPartId=-1|Text=330|UniqueID=BGSRVKNT|
RECORD=44|LINENO= 162|OWNERPARTID= -42|OWNERINDEX= -42|OwnerIndex=153|
RECORD=45|LINENO= 163|OWNERPARTID= -42|OWNERINDEX= -42|DatabaseDatalinksLocked=T|DatabaseModel=T|DatafileCount=1|DatalinksLocked=T|Description=High density 0603 passive|IndexInSheet=-1|IntegratedModel=T|IsCurrent=T|ModelDatafileEntity0=RES_0603_HIGH|ModelDatafileKind0=PCBLib|ModelName=RES_0603_HIGH|ModelType=PCBLIB|OwnerIndex=161|UniqueID=LGMZGEKV|UseComponentLibrary=T|
RECORD=46|LINENO= 164|OWNERPARTID= -42|OWNERINDEX= -42|OwnerIndex=162|
RECORD=48|LINENO= 165|OWNERPARTID= -42|OWNERINDEX= -42|OwnerIndex=162|
RECORD=45|LINENO= 166|OWNERPARTID= -42|OWNERINDEX= -42|DatabaseDatalinksLocked=T|DatabaseModel=T|DatafileCount=1|DatalinksLocked=T|Description=Low density 0603 passive|IndexInSheet=-1|IntegratedModel=T|ModelDatafileEntity0=RES_0603_LOW|ModelDatafileKind0=PCBLib|ModelName=RES_0603_LOW|ModelType=PCBLIB|OwnerIndex=161|UniqueID=ZBMCOQSG|UseComponentLibrary=T|
RECORD=46|LINENO= 167|OWNERPARTID= -42|OWNERINDEX= -42|OwnerIndex=165|
RECORD=48|LINENO= 168|OWNERPARTID= -42|OWNERINDEX= -42|OwnerIndex=165|
RECORD=45|LINENO= 169|OWNERPARTID= -42|OWNERINDEX= -42|DatabaseDatalinksLocked=T|DatabaseModel=T|DatafileCount=1|DatalinksLocked=T|Description=Medium density 0603 passive|IndexInSheet=-1|IntegratedModel=T|ModelDatafileEntity0=RES_0603_MEDIUM|ModelDatafileKind0=PCBLib|ModelName=RES_0603_MEDIUM|ModelType=PCBLIB|OwnerIndex=161|UniqueID=AXHRGJQI|UseComponentLibrary=T|
RECORD=46|LINENO= 170|OWNERPARTID= -42|OWNERINDEX= -42|OwnerIndex=168|
RECORD=48|LINENO= 171|OWNERPARTID= -42|OWNERINDEX= -42|OwnerIndex=168|
RECORD=25|LINENO= 172|OWNERPARTID= -42|OWNERINDEX= -42|Color=128|FontID=1|IndexInSheet=72|Location.X=505|Location.Y=245|OwnerPartId=-1|Text=M_OUT|UniqueID=WZLGFEMO|
RECORD=27|LINENO= 173|OWNERPARTID= -42|OWNERINDEX= -42|Color=8388608|IndexInSheet=73|LineWidth=1|LocationCount=3|OwnerPartId=-1|UniqueID=PVFVQGED|X1=470|X2=470|X3=485|Y1=220|Y2=245|Y3=245|
RECORD=27|LINENO= 174|OWNERPARTID= -42|OWNERINDEX= -42|Color=8388608|IndexInSheet=74|LineWidth=1|LocationCount=4|OwnerPartId=-1|UniqueID=ICTTVMTF|X1=520|X2=540|X3=540|X4=505|Y1=290|Y2=290|Y3=245|Y4=245|
RECORD=27|LINENO= 175|OWNERPARTID= -42|OWNERINDEX= -42|Color=8388608|IndexInSheet=75|LineWidth=1|LocationCount=4|OwnerPartId=-1|UniqueID=FIAAPEKR|X1=470|X2=470|X3=480|X4=480|Y1=205|Y2=220|Y3=220|Y4=205|
RECORD=25|LINENO= 176|OWNERPARTID= -42|OWNERINDEX= -42|Color=128|FontID=1|IndexInSheet=76|Location.X=470|Location.Y=245|OwnerPartId=-1|Text=M_D|UniqueID=YETGWEPF|
RECORD=18|LINENO= 177|OWNERPARTID= -42|OWNERINDEX= -42|AreaColor=8454143|Color=128|FontID=1|Height=10|IndexInSheet=77|Location.X=400|Location.Y=260|Name=MOTOR_PWM|OwnerPartId=-1|TextColor=128|UniqueID=ACBHIMHC|Width=70|
RECORD=27|LINENO= 178|OWNERPARTID= -42|OWNERINDEX= -42|Color=8388608|IndexInSheet=78|LineWidth=1|LocationCount=5|OwnerPartId=-1|UniqueID=LTLQLTKQ|X1=455|X2=440|X3=395|X4=395|X5=400|Y1=225|Y2=225|Y3=225|Y4=260|Y5=260|
RECORD=25|LINENO= 179|OWNERPARTID= -42|OWNERINDEX= -42|Color=128|FontID=1|IndexInSheet=79|Location.X=495|Location.Y=225|OwnerPartId=-1|Text=MOTOR_PWM|UniqueID=FYIEXUFY|
RECORD=27|LINENO= 180|OWNERPARTID= -42|OWNERINDEX= -42|Color=8388608|IndexInSheet=80|LineWidth=1|LocationCount=2|OwnerPartId=-1|UniqueID=UTKWTDMI|X1=495|X2=555|Y1=225|Y2=225|
RECORD=14|LINENO= 181|OWNERPARTID= -42|OWNERINDEX= -42|AreaColor=11599871|Corner.X=570|Corner.Y=315|IndexInSheet=81|LineWidth=3|Location.X=380|Location.Y=140|OwnerPartId=-1|
RECORD=14|LINENO= 182|OWNERPARTID= -42|OWNERINDEX= -42|AreaColor=11599871|Corner.X=570|Corner.Y=350|IndexInSheet=82|LineWidth=3|Location.X=380|Location.Y=315|OwnerPartId=-1|
RECORD= 4|LINENO= 183|OWNERPARTID= -42|OWNERINDEX= -42|FontID=3|IndexInSheet=83|Justification=1|Location.X=475|Location.Y=320|OwnerPartId=-1|Text=VIBRATION MOTOR|
RECORD=27|LINENO= 184|OWNERPARTID= -42|OWNERINDEX= -42|Color=8388608|IndexInSheet=84|LineWidth=1|LocationCount=2|OwnerPartId=-1|UniqueID=DDTCDWEB|X1=605|X2=605|Y1=410|Y2=405|
RECORD= 1|LINENO= 185|OWNERPARTID= -42|OWNERINDEX= -42|AllPinCount=18|AreaColor=11599871|Color=128|ComponentDescription=AML130A2402A Round 1.3" TFT Display|CurrentPartId=1|DesignItemId=AML130A2402A|DisplayModeCount=1|IndexInSheet=85|LibReference=AML130A2402A|LibraryPath=*|Location.X=475|Location.Y=465|OwnerPartId=-1|PartCount=2|PartIDLocked=T|SourceLibraryName=smLib.IntLib|TargetFileName=*|UniqueID=RKIUSKIQ|
RECORD= 2|LINENO= 186|OWNERPARTID= -42|OWNERINDEX= -42|%UTF8%SwapIDPart=Â¦&Â¦VDD|Designator=1|Designator_CustomPosition_Margin=2|Designator_CustomPosition_Margin_Frac=50000|Electrical=4|FormalType=1|Location.X=515|Location.Y=470|Name=LED_K|Name_CustomPosition_Margin=2|OwnerIndex=184|OwnerPartId=1|PinConglomerate=56|PinDesignator_PositionConglomerate=1|PinLength=10|PinName_PositionConglomerate=1|SwapIDPart=Ž&ŽVDD|
RECORD=41|LINENO= 187|OWNERPARTID= -42|OWNERINDEX= -42|Color=8388608|FontID=1|IsHidden=T|Location.X=515|Location.Y=470|Name=PinUniqueId|OwnerIndex=185|OwnerPartId=-1|Text=TIYAWFQT|UniqueID=ECUNDKKI|
RECORD= 2|LINENO= 188|OWNERPARTID= -42|OWNERINDEX= -42|%UTF8%SwapIDPart=Â¦&Â¦VDD|Designator=2|Designator_CustomPosition_Margin=2|Designator_CustomPosition_Margin_Frac=50000|Electrical=4|FormalType=1|Location.X=515|Location.Y=460|Name=LED_K|Name_CustomPosition_Margin=2|OwnerIndex=184|OwnerPartId=1|PinConglomerate=56|PinDesignator_PositionConglomerate=1|PinLength=10|PinName_PositionConglomerate=1|SwapIDPart=Ž&ŽVDD|
RECORD=41|LINENO= 189|OWNERPARTID= -42|OWNERINDEX= -42|Color=8388608|FontID=1|IsHidden=T|Location.X=515|Location.Y=460|Name=PinUniqueId|OwnerIndex=187|OwnerPartId=-1|Text=BSOYFGTC|UniqueID=HXNVXHML|
RECORD= 2|LINENO= 190|OWNERPARTID= -42|OWNERINDEX= -42|%UTF8%SwapIDPart=Â¦&Â¦VDD|Designator=3|Designator_CustomPosition_Margin=2|Designator_CustomPosition_Margin_Frac=50000|Electrical=4|FormalType=1|Location.X=515|Location.Y=440|Name=GND|Name_CustomPosition_Margin=2|OwnerIndex=184|OwnerPartId=1|PinConglomerate=56|PinDesignator_PositionConglomerate=1|PinLength=10|PinName_PositionConglomerate=1|SwapIDPart=Ž&ŽVDD|
RECORD=41|LINENO= 191|OWNERPARTID= -42|OWNERINDEX= -42|Color=8388608|FontID=1|IsHidden=T|Location.X=515|Location.Y=440|Name=PinUniqueId|OwnerIndex=189|OwnerPartId=-1|Text=TJYCBQEO|UniqueID=LDEMJRAQ|
RECORD= 2|LINENO= 192|OWNERPARTID= -42|OWNERINDEX= -42|%UTF8%SwapIDPart=Â¦&Â¦VDD|Designator=4|Designator_CustomPosition_Margin=2|Designator_CustomPosition_Margin_Frac=50000|Electrical=4|FormalType=1|Location.X=515|Location.Y=430|Name=GND|Name_CustomPosition_Margin=2|OwnerIndex=184|OwnerPartId=1|PinConglomerate=56|PinDesignator_PositionConglomerate=1|PinLength=10|PinName_PositionConglomerate=1|SwapIDPart=Ž&ŽVDD|
RECORD=41|LINENO= 193|OWNERPARTID= -42|OWNERINDEX= -42|Color=8388608|FontID=1|IsHidden=T|Location.X=515|Location.Y=430|Name=PinUniqueId|OwnerIndex=191|OwnerPartId=-1|Text=EHPKGGSP|UniqueID=IDJONWPS|
RECORD= 2|LINENO= 194|OWNERPARTID= -42|OWNERINDEX= -42|%UTF8%SwapIDPart=Â¦&Â¦VDD|Designator=5|Designator_CustomPosition_Margin=2|Designator_CustomPosition_Margin_Frac=50000|Electrical=4|FormalType=1|Location.X=515|Location.Y=520|Name=TE|Name_CustomPosition_Margin=2|OwnerIndex=184|OwnerPartId=1|PinConglomerate=56|PinDesignator_PositionConglomerate=1|PinLength=10|PinName_PositionConglomerate=1|SwapIDPart=Ž&ŽVDD|
RECORD=41|LINENO= 195|OWNERPARTID= -42|OWNERINDEX= -42|Color=8388608|FontID=1|IsHidden=T|Location.X=515|Location.Y=520|Name=PinUniqueId|OwnerIndex=193|OwnerPartId=-1|Text=ZWIJIEND|UniqueID=FAGJIWND|
RECORD= 2|LINENO= 196|OWNERPARTID= -42|OWNERINDEX= -42|%UTF8%SwapIDPart=Â¦&Â¦VDD|Designator=6|Designator_CustomPosition_Margin=2|Designator_CustomPosition_Margin_Frac=50000|Electrical=4|FormalType=1|Location.X=435|Location.Y=440|Name=MOSI|Name_CustomPosition_Margin=2|OwnerIndex=184|OwnerPartId=1|PinConglomerate=58|PinDesignator_PositionConglomerate=1|PinLength=10|PinName_PositionConglomerate=1|SwapIDPart=Ž&ŽVDD|
RECORD=41|LINENO= 197|OWNERPARTID= -42|OWNERINDEX= -42|Color=8388608|FontID=1|IsHidden=T|Location.X=435|Location.Y=440|Name=PinUniqueId|OwnerIndex=195|OwnerPartId=-1|Text=UOOVKLXK|UniqueID=JAUGCXYY|
RECORD= 2|LINENO= 198|OWNERPARTID= -42|OWNERINDEX= -42|%UTF8%SwapIDPart=Â¦&Â¦VDD|Designator=7|Designator_CustomPosition_Margin=2|Designator_CustomPosition_Margin_Frac=50000|Electrical=4|FormalType=1|Location.X=435|Location.Y=430|Name=WR|Name_CustomPosition_Margin=2|OwnerIndex=184|OwnerPartId=1|PinConglomerate=58|PinDesignator_PositionConglomerate=1|PinLength=10|PinName_PositionConglomerate=1|SwapIDPart=Ž&ŽVDD|
RECORD=41|LINENO= 199|OWNERPARTID= -42|OWNERINDEX= -42|Color=8388608|FontID=1|IsHidden=T|Location.X=435|Location.Y=430|Name=PinUniqueId|OwnerIndex=197|OwnerPartId=-1|Text=RFBJLFOC|UniqueID=NOKXUZAN|
RECORD= 2|LINENO= 200|OWNERPARTID= -42|OWNERINDEX= -42|%UTF8%SwapIDPart=Â¦&Â¦VDD|Designator=8|Designator_CustomPosition_Margin=2|Designator_CustomPosition_Margin_Frac=50000|Electrical=4|FormalType=1|Location.X=435|Location.Y=420|Name=CLK|Name_CustomPosition_Margin=2|OwnerIndex=184|OwnerPartId=1|PinConglomerate=58|PinDesignator_PositionConglomerate=1|PinLength=10|PinName_PositionConglomerate=1|SwapIDPart=Ž&ŽVDD|
RECORD=41|LINENO= 201|OWNERPARTID= -42|OWNERINDEX= -42|Color=8388608|FontID=1|IsHidden=T|Location.X=435|Location.Y=420|Name=PinUniqueId|OwnerIndex=199|OwnerPartId=-1|Text=DKVOPFNU|UniqueID=CDEZBVUL|
RECORD= 2|LINENO= 202|OWNERPARTID= -42|OWNERINDEX= -42|%UTF8%SwapIDPart=Â¦&Â¦VDD|Designator=9|Designator_CustomPosition_Margin=2|Designator_CustomPosition_Margin_Frac=50000|Electrical=4|FormalType=1|Location.X=435|Location.Y=410|Name=CS|Name_CustomPosition_Margin=2|OwnerIndex=184|OwnerPartId=1|PinConglomerate=58|PinDesignator_PositionConglomerate=1|PinLength=10|PinName_PositionConglomerate=1|SwapIDPart=Ž&ŽVDD|
RECORD=41|LINENO= 203|OWNERPARTID= -42|OWNERINDEX= -42|Color=8388608|FontID=1|IsHidden=T|Location.X=435|Location.Y=410|Name=PinUniqueId|OwnerIndex=201|OwnerPartId=-1|Text=ZYZIYKTP|UniqueID=IUQWBCDO|
RECORD= 2|LINENO= 204|OWNERPARTID= -42|OWNERINDEX= -42|%UTF8%SwapIDPart=Â¦&Â¦VDD|Designator=10|Designator_CustomPosition_Margin=2|Designator_CustomPosition_Margin_Frac=50000|Electrical=4|FormalType=1|Location.X=435|Location.Y=460|Name=R\E\S\E\T\|Name_CustomPosition_Margin=2|OwnerIndex=184|OwnerPartId=1|PinConglomerate=58|PinDesignator_PositionConglomerate=1|PinLength=10|PinName_PositionConglomerate=1|SwapIDPart=Ž&ŽVDD|
RECORD=41|LINENO= 205|OWNERPARTID= -42|OWNERINDEX= -42|Color=8388608|FontID=1|IsHidden=T|Location.X=435|Location.Y=460|Name=PinUniqueId|OwnerIndex=203|OwnerPartId=-1|Text=WVHMCJES|UniqueID=QADJWTNL|
RECORD= 2|LINENO= 206|OWNERPARTID= -42|OWNERINDEX= -42|%UTF8%SwapIDPart=Â¦&Â¦VDD|Designator=11|Designator_CustomPosition_Margin=2|Designator_CustomPosition_Margin_Frac=50000|Electrical=4|FormalType=1|Location.X=435|Location.Y=490|Name=VCC_IO|Name_CustomPosition_Margin=2|OwnerIndex=184|OwnerPartId=1|PinConglomerate=58|PinDesignator_PositionConglomerate=1|PinLength=10|PinName_PositionConglomerate=1|SwapIDPart=Ž&ŽVDD|
RECORD=41|LINENO= 207|OWNERPARTID= -42|OWNERINDEX= -42|Color=8388608|FontID=1|IsHidden=T|Location.X=435|Location.Y=490|Name=PinUniqueId|OwnerIndex=205|OwnerPartId=-1|Text=KETAFJDT|UniqueID=FKAZLSXF|
RECORD= 2|LINENO= 208|OWNERPARTID= -42|OWNERINDEX= -42|%UTF8%SwapIDPart=Â¦&Â¦VDD|Designator=12|Designator_CustomPosition_Margin=2|Designator_CustomPosition_Margin_Frac=50000|Electrical=4|FormalType=1|Location.X=435|Location.Y=480|Name=VCC_IO|Name_CustomPosition_Margin=2|OwnerIndex=184|OwnerPartId=1|PinConglomerate=58|PinDesignator_PositionConglomerate=1|PinLength=10|PinName_PositionConglomerate=1|SwapIDPart=Ž&ŽVDD|
RECORD=41|LINENO= 209|OWNERPARTID= -42|OWNERINDEX= -42|Color=8388608|FontID=1|IsHidden=T|Location.X=435|Location.Y=480|Name=PinUniqueId|OwnerIndex=207|OwnerPartId=-1|Text=HGFYIZOP|UniqueID=ASHERNCN|
RECORD= 2|LINENO= 210|OWNERPARTID= -42|OWNERINDEX= -42|%UTF8%SwapIDPart=Â¦&Â¦VDD|Designator=13|Designator_CustomPosition_Margin=2|Designator_CustomPosition_Margin_Frac=50000|Electrical=4|FormalType=1|Location.X=435|Location.Y=520|Name=VCC|Name_CustomPosition_Margin=2|OwnerIndex=184|OwnerPartId=1|PinConglomerate=58|PinDesignator_PositionConglomerate=1|PinLength=10|PinName_PositionConglomerate=1|SwapIDPart=Ž&ŽVDD|
RECORD=41|LINENO= 211|OWNERPARTID= -42|OWNERINDEX= -42|Color=8388608|FontID=1|IsHidden=T|Location.X=435|Location.Y=520|Name=PinUniqueId|OwnerIndex=209|OwnerPartId=-1|Text=BTVLLOMG|UniqueID=FIYHHCXK|
RECORD= 2|LINENO= 212|OWNERPARTID= -42|OWNERINDEX= -42|%UTF8%SwapIDPart=Â¦&Â¦VDD|Designator=14|Designator_CustomPosition_Margin=2|Designator_CustomPosition_Margin_Frac=50000|Electrical=4|FormalType=1|Location.X=435|Location.Y=510|Name=VCC|Name_CustomPosition_Margin=2|OwnerIndex=184|OwnerPartId=1|PinConglomerate=58|PinDesignator_PositionConglomerate=1|PinLength=10|PinName_PositionConglomerate=1|SwapIDPart=Ž&ŽVDD|
RECORD=41|LINENO= 213|OWNERPARTID= -42|OWNERINDEX= -42|Color=8388608|FontID=1|IsHidden=T|Location.X=435|Location.Y=510|Name=PinUniqueId|OwnerIndex=211|OwnerPartId=-1|Text=LLMQYBZU|UniqueID=KVHUWRQI|
RECORD= 2|LINENO= 214|OWNERPARTID= -42|OWNERINDEX= -42|%UTF8%SwapIDPart=Â¦&Â¦VDD|Designator=15|Designator_CustomPosition_Margin=2|Designator_CustomPosition_Margin_Frac=50000|Electrical=4|FormalType=1|Location.X=515|Location.Y=420|Name=GND|Name_CustomPosition_Margin=2|OwnerIndex=184|OwnerPartId=1|PinConglomerate=56|PinDesignator_PositionConglomerate=1|PinLength=10|PinName_PositionConglomerate=1|SwapIDPart=Ž&ŽVDD|
RECORD=41|LINENO= 215|OWNERPARTID= -42|OWNERINDEX= -42|Color=8388608|FontID=1|IsHidden=T|Location.X=515|Location.Y=420|Name=PinUniqueId|OwnerIndex=213|OwnerPartId=-1|Text=FCDLMMPQ|UniqueID=QTUQVUZP|
RECORD= 2|LINENO= 216|OWNERPARTID= -42|OWNERINDEX= -42|%UTF8%SwapIDPart=Â¦&Â¦VDD|Designator=16|Designator_CustomPosition_Margin=2|Designator_CustomPosition_Margin_Frac=50000|Electrical=4|FormalType=1|Location.X=515|Location.Y=410|Name=GND|Name_CustomPosition_Margin=2|OwnerIndex=184|OwnerPartId=1|PinConglomerate=56|PinDesignator_PositionConglomerate=1|PinLength=10|PinName_PositionConglomerate=1|SwapIDPart=Ž&ŽVDD|
RECORD=41|LINENO= 217|OWNERPARTID= -42|OWNERINDEX= -42|Color=8388608|FontID=1|IsHidden=T|Location.X=515|Location.Y=410|Name=PinUniqueId|OwnerIndex=215|OwnerPartId=-1|Text=UFAREUHX|UniqueID=XKWIVZWC|
RECORD= 2|LINENO= 218|OWNERPARTID= -42|OWNERINDEX= -42|%UTF8%SwapIDPart=Â¦&Â¦VDD|Designator=23|Designator_CustomPosition_Margin=2|Designator_CustomPosition_Margin_Frac=50000|Electrical=4|FormalType=1|Location.X=515|Location.Y=500|Name=LED_A|Name_CustomPosition_Margin=2|OwnerIndex=184|OwnerPartId=1|PinConglomerate=56|PinDesignator_PositionConglomerate=1|PinLength=10|PinName_PositionConglomerate=1|SwapIDPart=Ž&ŽVDD|
RECORD=41|LINENO= 219|OWNERPARTID= -42|OWNERINDEX= -42|Color=8388608|FontID=1|IsHidden=T|Location.X=515|Location.Y=500|Name=PinUniqueId|OwnerIndex=217|OwnerPartId=-1|Text=GRLINSGV|UniqueID=YPDOVFEC|
RECORD= 2|LINENO= 220|OWNERPARTID= -42|OWNERINDEX= -42|%UTF8%SwapIDPart=Â¦&Â¦VDD|Designator=24|Designator_CustomPosition_Margin=2|Designator_CustomPosition_Margin_Frac=50000|Electrical=4|FormalType=1|Location.X=515|Location.Y=490|Name=LED_A|Name_CustomPosition_Margin=2|OwnerIndex=184|OwnerPartId=1|PinConglomerate=56|PinDesignator_PositionConglomerate=1|PinLength=10|PinName_PositionConglomerate=1|SwapIDPart=Ž&ŽVDD|
RECORD=41|LINENO= 221|OWNERPARTID= -42|OWNERINDEX= -42|Color=8388608|FontID=1|IsHidden=T|Location.X=515|Location.Y=490|Name=PinUniqueId|OwnerIndex=219|OwnerPartId=-1|Text=SMOTWNUF|UniqueID=NPPQLDJJ|
RECORD=14|LINENO= 222|OWNERPARTID= -42|OWNERINDEX= -42|AreaColor=11599871|Color=128|Corner.X=515|Corner.Y=530|IndexInSheet=18|IsNotAccesible=T|IsSolid=T|Location.X=435|Location.Y=400|OwnerIndex=184|OwnerPartId=1|Transparent=T|
RECORD=34|LINENO= 223|OWNERPARTID= -42|OWNERINDEX= -42|Color=8388608|FontID=1|IndexInSheet=-1|Location.X=435|Location.Y=530|Name=Designator|OwnerIndex=184|OwnerPartId=-1|ReadOnlyState=1|Text=U1|UniqueID=DFRGOUCR|
RECORD=41|LINENO= 224|OWNERPARTID= -42|OWNERINDEX= -42|Color=8388608|FontID=1|IndexInSheet=-1|Location.X=435|Location.Y=390|Name=Comment|OwnerIndex=184|OwnerPartId=-1|Text=AML130A2402A|UniqueID=EPJGQRGN|
RECORD=44|LINENO= 225|OWNERPARTID= -42|OWNERINDEX= -42|OwnerIndex=184|
RECORD=45|LINENO= 226|OWNERPARTID= -42|OWNERINDEX= -42|DatabaseDatalinksLocked=T|DatabaseModel=T|DatafileCount=1|DatalinksLocked=T|Description=AML130A2402A 1.3" Round TFT Display|IndexInSheet=-1|IntegratedModel=T|IsCurrent=T|ModelDatafileEntity0=AML130A2402A|ModelDatafileKind0=PCBLib|ModelName=AML130A2402A|ModelType=PCBLIB|OwnerIndex=224|UniqueID=GLSFVDDP|UseComponentLibrary=T|
RECORD=46|LINENO= 227|OWNERPARTID= -42|OWNERINDEX= -42|OwnerIndex=225|
RECORD=48|LINENO= 228|OWNERPARTID= -42|OWNERINDEX= -42|OwnerIndex=225|
RECORD= 1|LINENO= 229|OWNERPARTID= -42|OWNERINDEX= -42|AllPinCount=2|AreaColor=11599871|Color=128|ComponentDescription=0603 Resistor|CurrentPartId=1|DesignItemId=Resistor_0603|DisplayModeCount=1|IndexInSheet=86|IsMirrored=T|LibReference=Resistor_0603|LibraryPath=*|Location.X=570|Location.Y=460|OwnerPartId=-1|PartCount=2|PartIDLocked=T|SourceLibraryName=smLib.IntLib|TargetFileName=*|UniqueID=XRWRSUUF|
RECORD= 2|LINENO= 230|OWNERPARTID= -42|OWNERINDEX= -42|Designator=1|Electrical=4|FormalType=1|Location.X=576|Location.Y=460|Name=1|OwnerIndex=228|OwnerPartId=1|PinConglomerate=32|PinLength=4|
RECORD=41|LINENO= 231|OWNERPARTID= -42|OWNERINDEX= -42|Color=8388608|FontID=1|IsHidden=T|Location.X=576|Location.Y=460|Name=PinUniqueId|OwnerIndex=229|OwnerPartId=-1|Text=NGWNVOGO|UniqueID=CYNYTMSL|
RECORD= 2|LINENO= 232|OWNERPARTID= -42|OWNERINDEX= -42|Designator=2|Electrical=4|FormalType=1|Location.X=564|Location.Y=460|Name=2|OwnerIndex=228|OwnerPartId=1|PinConglomerate=34|PinLength=4|
RECORD=41|LINENO= 233|OWNERPARTID= -42|OWNERINDEX= -42|Color=8388608|FontID=1|IsHidden=T|Location.X=564|Location.Y=460|Name=PinUniqueId|OwnerIndex=231|OwnerPartId=-1|Text=TMIXJCSU|UniqueID=JIKWGOPL|
RECORD= 6|LINENO= 234|OWNERPARTID= -42|OWNERINDEX= -42|IndexInSheet=2|IsNotAccesible=T|LineWidth=1|LocationCount=8|OwnerIndex=228|OwnerPartId=1|X1=564|X2=565|X3=567|X4=569|X5=571|X6=573|X7=575|X8=576|Y1=460|Y2=458|Y3=462|Y4=458|Y5=462|Y6=458|Y7=462|Y8=460|
RECORD=34|LINENO= 235|OWNERPARTID= -42|OWNERINDEX= -42|Color=8388608|FontID=1|IndexInSheet=-1|IsMirrored=T|Location.X=565|Location.Y=470|Name=Designator|OwnerIndex=228|OwnerPartId=-1|ReadOnlyState=1|Text=R13|UniqueID=BIGVGAJU|
RECORD=41|LINENO= 236|OWNERPARTID= -42|OWNERINDEX= -42|Color=8388608|FontID=1|IndexInSheet=-1|IsMirrored=T|Location.X=565|Location.Y=460|Name=Comment|OwnerIndex=228|OwnerPartId=-1|Text=0 Ohm|UniqueID=YCVRXKHO|
RECORD=44|LINENO= 237|OWNERPARTID= -42|OWNERINDEX= -42|OwnerIndex=228|
RECORD=45|LINENO= 238|OWNERPARTID= -42|OWNERINDEX= -42|DatabaseDatalinksLocked=T|DatabaseModel=T|DatafileCount=1|DatalinksLocked=T|Description=High density 0603 passive|IndexInSheet=-1|IntegratedModel=T|IsCurrent=T|ModelDatafileEntity0=RES_0603_HIGH|ModelDatafileKind0=PCBLib|ModelName=RES_0603_HIGH|ModelType=PCBLIB|OwnerIndex=236|UniqueID=WAWKYZJD|UseComponentLibrary=T|
RECORD=46|LINENO= 239|OWNERPARTID= -42|OWNERINDEX= -42|OwnerIndex=237|
RECORD=48|LINENO= 240|OWNERPARTID= -42|OWNERINDEX= -42|OwnerIndex=237|
RECORD=45|LINENO= 241|OWNERPARTID= -42|OWNERINDEX= -42|DatabaseDatalinksLocked=T|DatabaseModel=T|DatafileCount=1|DatalinksLocked=T|Description=Low density 0603 passive|IndexInSheet=-1|IntegratedModel=T|ModelDatafileEntity0=RES_0603_LOW|ModelDatafileKind0=PCBLib|ModelName=RES_0603_LOW|ModelType=PCBLIB|OwnerIndex=236|UniqueID=BRQHAGIY|UseComponentLibrary=T|
RECORD=46|LINENO= 242|OWNERPARTID= -42|OWNERINDEX= -42|OwnerIndex=240|
RECORD=48|LINENO= 243|OWNERPARTID= -42|OWNERINDEX= -42|OwnerIndex=240|
RECORD=45|LINENO= 244|OWNERPARTID= -42|OWNERINDEX= -42|DatabaseDatalinksLocked=T|DatabaseModel=T|DatafileCount=1|DatalinksLocked=T|Description=Medium density 0603 passive|IndexInSheet=-1|IntegratedModel=T|ModelDatafileEntity0=RES_0603_MEDIUM|ModelDatafileKind0=PCBLib|ModelName=RES_0603_MEDIUM|ModelType=PCBLIB|OwnerIndex=236|UniqueID=NVNTIFEU|UseComponentLibrary=T|
RECORD=46|LINENO= 245|OWNERPARTID= -42|OWNERINDEX= -42|OwnerIndex=243|
RECORD=48|LINENO= 246|OWNERPARTID= -42|OWNERINDEX= -42|OwnerIndex=243|
RECORD= 1|LINENO= 247|OWNERPARTID= -42|OWNERINDEX= -42|AllPinCount=2|AreaColor=11599871|Color=128|ComponentDescription=0603 Resistor|ComponentKindVersion2=5|CurrentPartId=1|DesignItemId=Resistor_0603|DisplayModeCount=1|IndexInSheet=87|IsMirrored=T|LibReference=Resistor_0603|LibraryPath=*|Location.X=560|Location.Y=450|Orientation=3|OwnerPartId=-1|PartCount=2|PartIDLocked=T|SourceLibraryName=smLib.IntLib|TargetFileName=*|UniqueID=ETRRIFMV|
RECORD= 2|LINENO= 248|OWNERPARTID= -42|OWNERINDEX= -42|Designator=1|Electrical=4|FormalType=1|Location.X=560|Location.Y=456|Name=1|OwnerIndex=246|OwnerPartId=1|PinConglomerate=33|PinLength=4|
RECORD=41|LINENO= 249|OWNERPARTID= -42|OWNERINDEX= -42|Color=8388608|FontID=1|IsHidden=T|Location.X=560|Location.Y=456|Name=PinUniqueId|OwnerIndex=247|OwnerPartId=-1|Text=OYTPDZFO|UniqueID=ZEVGNCNK|
RECORD= 2|LINENO= 250|OWNERPARTID= -42|OWNERINDEX= -42|Designator=2|Electrical=4|FormalType=1|Location.X=560|Location.Y=444|Name=2|OwnerIndex=246|OwnerPartId=1|PinConglomerate=35|PinLength=4|
RECORD=41|LINENO= 251|OWNERPARTID= -42|OWNERINDEX= -42|Color=8388608|FontID=1|IsHidden=T|Location.X=560|Location.Y=444|Name=PinUniqueId|OwnerIndex=249|OwnerPartId=-1|Text=DKDBVCWD|UniqueID=ORDFEJET|
RECORD= 6|LINENO= 252|OWNERPARTID= -42|OWNERINDEX= -42|IndexInSheet=2|IsNotAccesible=T|LineWidth=1|LocationCount=8|OwnerIndex=246|OwnerPartId=1|X1=560|X2=562|X3=558|X4=562|X5=558|X6=562|X7=558|X8=560|Y1=444|Y2=445|Y3=447|Y4=449|Y5=451|Y6=453|Y7=455|Y8=456|
RECORD=34|LINENO= 253|OWNERPARTID= -42|OWNERINDEX= -42|Color=8388608|FontID=1|IndexInSheet=-1|IsMirrored=T|Location.X=530|Location.Y=450|Name=Designator|OwnerIndex=246|OwnerPartId=-1|ReadOnlyState=1|Text=R14|UniqueID=HOFBYVTC|
RECORD=41|LINENO= 254|OWNERPARTID= -42|OWNERINDEX= -42|Color=8388608|FontID=1|IndexInSheet=-1|IsMirrored=T|Location.X=530|Location.Y=440|Name=Comment|OwnerIndex=246|OwnerPartId=-1|Text=0 Ohm|UniqueID=XOBFSKAN|
RECORD=44|LINENO= 255|OWNERPARTID= -42|OWNERINDEX= -42|OwnerIndex=246|
RECORD=45|LINENO= 256|OWNERPARTID= -42|OWNERINDEX= -42|DatabaseDatalinksLocked=T|DatabaseModel=T|DatafileCount=1|DatalinksLocked=T|Description=High density 0603 passive|IndexInSheet=-1|IntegratedModel=T|IsCurrent=T|ModelDatafileEntity0=RES_0603_HIGH|ModelDatafileKind0=PCBLib|ModelName=RES_0603_HIGH|ModelType=PCBLIB|OwnerIndex=254|UniqueID=PDNCVAKB|UseComponentLibrary=T|
RECORD=46|LINENO= 257|OWNERPARTID= -42|OWNERINDEX= -42|OwnerIndex=255|
RECORD=48|LINENO= 258|OWNERPARTID= -42|OWNERINDEX= -42|OwnerIndex=255|
RECORD=45|LINENO= 259|OWNERPARTID= -42|OWNERINDEX= -42|DatabaseDatalinksLocked=T|DatabaseModel=T|DatafileCount=1|DatalinksLocked=T|Description=Low density 0603 passive|IndexInSheet=-1|IntegratedModel=T|ModelDatafileEntity0=RES_0603_LOW|ModelDatafileKind0=PCBLib|ModelName=RES_0603_LOW|ModelType=PCBLIB|OwnerIndex=254|UniqueID=AWISHJJJ|UseComponentLibrary=T|
RECORD=46|LINENO= 260|OWNERPARTID= -42|OWNERINDEX= -42|OwnerIndex=258|
RECORD=48|LINENO= 261|OWNERPARTID= -42|OWNERINDEX= -42|OwnerIndex=258|
RECORD=45|LINENO= 262|OWNERPARTID= -42|OWNERINDEX= -42|DatabaseDatalinksLocked=T|DatabaseModel=T|DatafileCount=1|DatalinksLocked=T|Description=Medium density 0603 passive|IndexInSheet=-1|IntegratedModel=T|ModelDatafileEntity0=RES_0603_MEDIUM|ModelDatafileKind0=PCBLib|ModelName=RES_0603_MEDIUM|ModelType=PCBLIB|OwnerIndex=254|UniqueID=JMLWKPMK|UseComponentLibrary=T|
RECORD=46|LINENO= 263|OWNERPARTID= -42|OWNERINDEX= -42|OwnerIndex=261|
RECORD=48|LINENO= 264|OWNERPARTID= -42|OWNERINDEX= -42|OwnerIndex=261|
RECORD=27|LINENO= 265|OWNERPARTID= -42|OWNERINDEX= -42|Color=8388608|IndexInSheet=88|LineWidth=1|LocationCount=5|OwnerPartId=-1|UniqueID=IZXOUEEW|X1=525|X2=605|X3=605|X4=560|X5=525|Y1=430|Y2=430|Y3=440|Y4=440|Y5=440|
RECORD=25|LINENO= 266|OWNERPARTID= -42|OWNERINDEX= -42|Color=128|FontID=1|IndexInSheet=89|Location.X=530|Location.Y=460|OwnerPartId=-1|Text=LED_K|UniqueID=NNZOEKLO|
RECORD=27|LINENO= 267|OWNERPARTID= -42|OWNERINDEX= -42|Color=8388608|IndexInSheet=90|LineWidth=1|LocationCount=3|OwnerPartId=-1|UniqueID=QNRQLJAS|X1=525|X2=525|X3=560|Y1=470|Y2=460|Y3=460|
RECORD=27|LINENO= 268|OWNERPARTID= -42|OWNERINDEX= -42|Color=8388608|IndexInSheet=91|LineWidth=1|LocationCount=4|OwnerPartId=-1|UniqueID=BDJLCYYF|X1=580|X2=670|X3=670|X4=660|Y1=460|Y2=460|Y3=450|Y4=450|
RECORD=29|LINENO= 269|OWNERPARTID= -42|OWNERINDEX= -42|Color=128|IndexInSheet=-1|Location.X=345|Location.Y=490|OwnerPartId=-1|
RECORD=29|LINENO= 270|OWNERPARTID= -42|OWNERINDEX= -42|Color=128|IndexInSheet=-1|Location.X=345|Location.Y=510|OwnerPartId=-1|
RECORD=29|LINENO= 271|OWNERPARTID= -42|OWNERINDEX= -42|Color=128|IndexInSheet=-1|Location.X=345|Location.Y=520|OwnerPartId=-1|
RECORD=29|LINENO= 272|OWNERPARTID= -42|OWNERINDEX= -42|Color=128|IndexInSheet=-1|Location.X=440|Location.Y=205|OwnerPartId=-1|
RECORD=29|LINENO= 273|OWNERPARTID= -42|OWNERINDEX= -42|Color=128|IndexInSheet=-1|Location.X=440|Location.Y=225|OwnerPartId=-1|
RECORD=29|LINENO= 274|OWNERPARTID= -42|OWNERINDEX= -42|Color=128|IndexInSheet=-1|Location.X=470|Location.Y=205|OwnerPartId=-1|
RECORD=29|LINENO= 275|OWNERPARTID= -42|OWNERINDEX= -42|Color=128|IndexInSheet=-1|Location.X=470|Location.Y=220|OwnerPartId=-1|
RECORD=29|LINENO= 276|OWNERPARTID= -42|OWNERINDEX= -42|Color=128|IndexInSheet=-1|Location.X=475|Location.Y=175|OwnerPartId=-1|
RECORD=29|LINENO= 277|OWNERPARTID= -42|OWNERINDEX= -42|Color=128|IndexInSheet=-1|Location.X=480|Location.Y=205|OwnerPartId=-1|
RECORD=29|LINENO= 278|OWNERPARTID= -42|OWNERINDEX= -42|Color=128|IndexInSheet=-1|Location.X=525|Location.Y=460|OwnerPartId=-1|
RECORD=29|LINENO= 279|OWNERPARTID= -42|OWNERINDEX= -42|Color=128|IndexInSheet=-1|Location.X=560|Location.Y=440|OwnerPartId=-1|
RECORD=29|LINENO= 280|OWNERPARTID= -42|OWNERINDEX= -42|Color=128|IndexInSheet=-1|Location.X=560|Location.Y=460|OwnerPartId=-1|
RECORD=29|LINENO= 281|OWNERPARTID= -42|OWNERINDEX= -42|Color=128|IndexInSheet=-1|Location.X=605|Location.Y=410|OwnerPartId=-1|
RECORD=29|LINENO= 282|OWNERPARTID= -42|OWNERINDEX= -42|Color=128|IndexInSheet=-1|Location.X=605|Location.Y=420|OwnerPartId=-1|
RECORD=29|LINENO= 283|OWNERPARTID= -42|OWNERINDEX= -42|Color=128|IndexInSheet=-1|Location.X=605|Location.Y=430|OwnerPartId=-1|
RECORD=29|LINENO= 284|OWNERPARTID= -42|OWNERINDEX= -42|Color=128|IndexInSheet=-1|Location.X=605|Location.Y=500|OwnerPartId=-1|
