RECORD=-42|LINENO=   0|OWNERPARTID= -42|OWNERINDEX= -42|HEADER=Protel for Windows - Schematic Capture Binary File Version 5.0|MinorVersion=2|UniqueID=NFAAIIGL|Weight=126|
RECORD=31|LINENO=   1|OWNERPARTID= -42|OWNERINDEX= -42|AreaColor=16317695|Bold2=T|Bold3=T|BorderOn=T|CustomX=1000|CustomY=800|Display_Unit=0|FontIdCount=3|FontName1=Times New Roman|FontName2=Arial Narrow|FontName3=Arial Narrow|HotSpotGridOn=T|HotSpotGridSize=3|IsBOC=T|SheetNumberSpaceSize=12|SheetStyle=5|ShowTemplateGraphics=T|Size1=10|Size2=72|Size3=26|SnapGridOn=T|SnapGridSize=5|SystemFont=1|UseMBCS=T|VisibleGridOn=T|VisibleGridSize=10|
RECORD=41|LINENO=   2|OWNERPARTID= -42|OWNERINDEX= -42|Color=8388608|FontID=1|IsHidden=T|Name=CurrentTime|OwnerPartId=-1|ReadOnlyState=1|Text=*|UniqueID=GTESSMJA|
RECORD=41|LINENO=   3|OWNERPARTID= -42|OWNERINDEX= -42|Color=8388608|FontID=1|IndexInSheet=1|IsHidden=T|Name=CurrentDate|OwnerPartId=-1|ReadOnlyState=1|Text=*|UniqueID=OBGMHBKR|
RECORD=41|LINENO=   4|OWNERPARTID= -42|OWNERINDEX= -42|Color=8388608|FontID=1|IndexInSheet=2|IsHidden=T|Name=Time|OwnerPartId=-1|ReadOnlyState=1|Text=*|UniqueID=PMTOBWVQ|
RECORD=41|LINENO=   5|OWNERPARTID= -42|OWNERINDEX= -42|Color=8388608|FontID=1|IndexInSheet=3|IsHidden=T|Name=Date|OwnerPartId=-1|ReadOnlyState=1|Text=*|UniqueID=BMOGFYNM|
RECORD=41|LINENO=   6|OWNERPARTID= -42|OWNERINDEX= -42|Color=8388608|FontID=1|IndexInSheet=4|IsHidden=T|Name=DocumentFullPathAndName|OwnerPartId=-1|ReadOnlyState=1|Text=*|UniqueID=UHBOMEKW|
RECORD=41|LINENO=   7|OWNERPARTID= -42|OWNERINDEX= -42|Color=8388608|FontID=1|IndexInSheet=5|IsHidden=T|Name=DocumentName|OwnerPartId=-1|ReadOnlyState=1|Text=*|UniqueID=NUTYOMWA|
RECORD=41|LINENO=   8|OWNERPARTID= -42|OWNERINDEX= -42|Color=8388608|FontID=1|IndexInSheet=6|IsHidden=T|Name=ModifiedDate|OwnerPartId=-1|ReadOnlyState=1|Text=*|UniqueID=HHMXLGLW|
RECORD=41|LINENO=   9|OWNERPARTID= -42|OWNERINDEX= -42|Color=8388608|FontID=1|IndexInSheet=7|IsHidden=T|Name=ApprovedBy|OwnerPartId=-1|ReadOnlyState=1|Text=*|UniqueID=MKKSTOPX|
RECORD=41|LINENO=  10|OWNERPARTID= -42|OWNERINDEX= -42|Color=8388608|FontID=1|IndexInSheet=8|IsHidden=T|Name=CheckedBy|OwnerPartId=-1|ReadOnlyState=1|Text=*|UniqueID=JWRYQXFH|
RECORD=41|LINENO=  11|OWNERPARTID= -42|OWNERINDEX= -42|Color=8388608|FontID=1|IndexInSheet=9|IsHidden=T|Name=Author|OwnerPartId=-1|ReadOnlyState=1|Text=*|UniqueID=MUSSOKVT|
RECORD=41|LINENO=  12|OWNERPARTID= -42|OWNERINDEX= -42|Color=8388608|FontID=1|IndexInSheet=10|IsHidden=T|Name=CompanyName|OwnerPartId=-1|ReadOnlyState=1|Text=*|UniqueID=VGTBWOAD|
RECORD=41|LINENO=  13|OWNERPARTID= -42|OWNERINDEX= -42|Color=8388608|FontID=1|IndexInSheet=11|IsHidden=T|Name=DrawnBy|OwnerPartId=-1|ReadOnlyState=1|Text=*|UniqueID=BUCDNUYY|
RECORD=41|LINENO=  14|OWNERPARTID= -42|OWNERINDEX= -42|Color=8388608|FontID=1|IndexInSheet=12|IsHidden=T|Name=Engineer|OwnerPartId=-1|ReadOnlyState=1|Text=*|UniqueID=VMIIUHMP|
RECORD=41|LINENO=  15|OWNERPARTID= -42|OWNERINDEX= -42|Color=8388608|FontID=1|IndexInSheet=13|IsHidden=T|Name=Organization|OwnerPartId=-1|ReadOnlyState=1|Text=*|UniqueID=ECBCXOPT|
RECORD=41|LINENO=  16|OWNERPARTID= -42|OWNERINDEX= -42|Color=8388608|FontID=1|IndexInSheet=14|IsHidden=T|Name=Address1|OwnerPartId=-1|ReadOnlyState=1|Text=*|UniqueID=GKUCLOSK|
RECORD=41|LINENO=  17|OWNERPARTID= -42|OWNERINDEX= -42|Color=8388608|FontID=1|IndexInSheet=15|IsHidden=T|Name=Address2|OwnerPartId=-1|ReadOnlyState=1|Text=*|UniqueID=EQLNHEAA|
RECORD=41|LINENO=  18|OWNERPARTID= -42|OWNERINDEX= -42|Color=8388608|FontID=1|IndexInSheet=16|IsHidden=T|Name=Address3|OwnerPartId=-1|ReadOnlyState=1|Text=*|UniqueID=RTPHANIG|
RECORD=41|LINENO=  19|OWNERPARTID= -42|OWNERINDEX= -42|Color=8388608|FontID=1|IndexInSheet=17|IsHidden=T|Name=Address4|OwnerPartId=-1|ReadOnlyState=1|Text=*|UniqueID=ICSFEUDH|
RECORD=41|LINENO=  20|OWNERPARTID= -42|OWNERINDEX= -42|Color=8388608|FontID=1|IndexInSheet=18|IsHidden=T|Name=Title|OwnerPartId=-1|ReadOnlyState=1|Text=*|UniqueID=YSGQMMXY|
RECORD=41|LINENO=  21|OWNERPARTID= -42|OWNERINDEX= -42|Color=8388608|FontID=1|IndexInSheet=19|IsHidden=T|Name=DocumentNumber|OwnerPartId=-1|ReadOnlyState=1|Text=4|UniqueID=MHCQSGVU|
RECORD=41|LINENO=  22|OWNERPARTID= -42|OWNERINDEX= -42|Color=8388608|FontID=1|IndexInSheet=20|IsHidden=T|Name=Revision|OwnerPartId=-1|ReadOnlyState=1|Text=*|UniqueID=XKPQLLXO|
RECORD=41|LINENO=  23|OWNERPARTID= -42|OWNERINDEX= -42|Color=8388608|FontID=1|IndexInSheet=21|IsHidden=T|Name=SheetNumber|OwnerPartId=-1|ReadOnlyState=1|Text=4|UniqueID=WPQYPBDG|
RECORD=41|LINENO=  24|OWNERPARTID= -42|OWNERINDEX= -42|Color=8388608|FontID=1|IndexInSheet=22|IsHidden=T|Name=SheetTotal|OwnerPartId=-1|ReadOnlyState=1|Text=5|UniqueID=CCCKRHEX|
RECORD=41|LINENO=  25|OWNERPARTID= -42|OWNERINDEX= -42|Color=8388608|FontID=1|IndexInSheet=23|IsHidden=T|Name=Rule|OwnerPartId=-1|ReadOnlyState=1|Text=*|UniqueID=RNQYIXGU|
RECORD=41|LINENO=  26|OWNERPARTID= -42|OWNERINDEX= -42|Color=8388608|FontID=1|IndexInSheet=24|IsHidden=T|Name=ImagePath|OwnerPartId=-1|ReadOnlyState=1|Text=*|UniqueID=HXWPVORY|
RECORD=41|LINENO=  27|OWNERPARTID= -42|OWNERINDEX= -42|Color=8388608|FontID=1|IndexInSheet=25|IsHidden=T|Name=ProjectName|OwnerPartId=-1|ReadOnlyState=1|Text=*|UniqueID=UVQAJJYA|
RECORD=41|LINENO=  28|OWNERPARTID= -42|OWNERINDEX= -42|Color=8388608|FontID=1|IndexInSheet=26|IsHidden=T|Name=Application_BuildNumber|OwnerPartId=-1|ReadOnlyState=1|Text=*|UniqueID=IEYMEOFL|
RECORD=41|LINENO=  29|OWNERPARTID= -42|OWNERINDEX= -42|Color=8388608|FontID=1|IndexInSheet=27|IsHidden=T|Name=ConfigurationParameters|OwnerPartId=-1|ReadOnlyState=1|UniqueID=YTYRBQAJ|
RECORD=41|LINENO=  30|OWNERPARTID= -42|OWNERINDEX= -42|Color=8388608|FontID=1|IndexInSheet=28|IsHidden=T|Name=ConfiguratorName|OwnerPartId=-1|ReadOnlyState=1|UniqueID=DXNUYKQL|
RECORD=41|LINENO=  31|OWNERPARTID= -42|OWNERINDEX= -42|Color=8388608|FontID=1|IndexInSheet=29|IsHidden=T|Name=VersionControl_RevNumber|OwnerPartId=-1|ReadOnlyState=1|UniqueID=VMXOOHXA|
RECORD=41|LINENO=  32|OWNERPARTID= -42|OWNERINDEX= -42|Color=8388608|FontID=1|IndexInSheet=30|IsHidden=T|Name=IsUserConfigurable|OwnerPartId=-1|ReadOnlyState=1|UniqueID=MGNMJOVX|
RECORD=41|LINENO=  33|OWNERPARTID= -42|OWNERINDEX= -42|Color=8388608|FontID=1|IndexInSheet=31|IsHidden=T|Name=VersionControl_ProjFolderRevNumber|OwnerPartId=-1|ReadOnlyState=1|UniqueID=HIMBHWXY|
RECORD=14|LINENO=  34|OWNERPARTID= -42|OWNERINDEX= -42|AreaColor=11599871|Corner.X=605|Corner.Y=700|IndexInSheet=32|LineWidth=3|Location.X=345|Location.Y=630|OwnerPartId=-1|
RECORD= 4|LINENO=  35|OWNERPARTID= -42|OWNERINDEX= -42|FontID=2|IndexInSheet=33|Justification=1|Location.X=475|Location.Y=630|OwnerPartId=-1|Text=DISPLAY|
RECORD=14|LINENO=  36|OWNERPARTID= -42|OWNERINDEX= -42|AreaColor=11599871|Corner.X=460|Corner.Y=545|IndexInSheet=34|LineWidth=3|Location.X=125|Location.Y=215|OwnerPartId=-1|
RECORD=14|LINENO=  37|OWNERPARTID= -42|OWNERINDEX= -42|AreaColor=11599871|Corner.X=460|Corner.Y=580|IndexInSheet=35|LineWidth=3|Location.X=215|Location.Y=545|OwnerPartId=-1|
RECORD= 4|LINENO=  38|OWNERPARTID= -42|OWNERINDEX= -42|FontID=3|IndexInSheet=36|Justification=1|Location.X=335|Location.Y=550|OwnerPartId=-1|Text=1.3" Diameter TFT Display|
RECORD= 1|LINENO=  39|OWNERPARTID= -42|OWNERINDEX= -42|AllPinCount=18|AreaColor=11599871|Color=128|ComponentDescription=AML130A2402A Round 1.3" TFT Display|CurrentPartId=1|DesignItemId=AML130A2402A|DisplayModeCount=1|IndexInSheet=37|LibReference=AML130A2402A|LibraryPath=*|Location.X=335|Location.Y=430|OwnerPartId=-1|PartCount=2|PartIDLocked=T|SourceLibraryName=smLib.IntLib|TargetFileName=*|UniqueID=NQSDYUDI|
RECORD= 2|LINENO=  40|OWNERPARTID= -42|OWNERINDEX= -42|%UTF8%SwapIDPart=Â¦&Â¦VDD|Designator=1|Designator_CustomPosition_Margin=2|Designator_CustomPosition_Margin_Frac=50000|Electrical=4|FormalType=1|Location.X=375|Location.Y=435|Name=LED_K|Name_CustomPosition_Margin=2|OwnerIndex=38|OwnerPartId=1|PinConglomerate=56|PinDesignator_PositionConglomerate=1|PinLength=10|PinName_PositionConglomerate=1|SwapIDPart=Ž&ŽVDD|
RECORD=41|LINENO=  41|OWNERPARTID= -42|OWNERINDEX= -42|Color=8388608|FontID=1|IsHidden=T|Location.X=375|Location.Y=435|Name=PinUniqueId|OwnerIndex=39|OwnerPartId=-1|Text=SQRURORW|UniqueID=SWYUUKNJ|
RECORD= 2|LINENO=  42|OWNERPARTID= -42|OWNERINDEX= -42|%UTF8%SwapIDPart=Â¦&Â¦VDD|Designator=2|Designator_CustomPosition_Margin=2|Designator_CustomPosition_Margin_Frac=50000|Electrical=4|FormalType=1|Location.X=375|Location.Y=425|Name=LED_K|Name_CustomPosition_Margin=2|OwnerIndex=38|OwnerPartId=1|PinConglomerate=56|PinDesignator_PositionConglomerate=1|PinLength=10|PinName_PositionConglomerate=1|SwapIDPart=Ž&ŽVDD|
RECORD=41|LINENO=  43|OWNERPARTID= -42|OWNERINDEX= -42|Color=8388608|FontID=1|IsHidden=T|Location.X=375|Location.Y=425|Name=PinUniqueId|OwnerIndex=41|OwnerPartId=-1|Text=GNULXIJN|UniqueID=LDEFTYBE|
RECORD= 2|LINENO=  44|OWNERPARTID= -42|OWNERINDEX= -42|%UTF8%SwapIDPart=Â¦&Â¦VDD|Designator=3|Designator_CustomPosition_Margin=2|Designator_CustomPosition_Margin_Frac=50000|Electrical=4|FormalType=1|Location.X=375|Location.Y=405|Name=GND|Name_CustomPosition_Margin=2|OwnerIndex=38|OwnerPartId=1|PinConglomerate=56|PinDesignator_PositionConglomerate=1|PinLength=10|PinName_PositionConglomerate=1|SwapIDPart=Ž&ŽVDD|
RECORD=41|LINENO=  45|OWNERPARTID= -42|OWNERINDEX= -42|Color=8388608|FontID=1|IsHidden=T|Location.X=375|Location.Y=405|Name=PinUniqueId|OwnerIndex=43|OwnerPartId=-1|Text=KKPOHRMS|UniqueID=ROEKMIFY|
RECORD= 2|LINENO=  46|OWNERPARTID= -42|OWNERINDEX= -42|%UTF8%SwapIDPart=Â¦&Â¦VDD|Designator=4|Designator_CustomPosition_Margin=2|Designator_CustomPosition_Margin_Frac=50000|Electrical=4|FormalType=1|Location.X=375|Location.Y=395|Name=GND|Name_CustomPosition_Margin=2|OwnerIndex=38|OwnerPartId=1|PinConglomerate=56|PinDesignator_PositionConglomerate=1|PinLength=10|PinName_PositionConglomerate=1|SwapIDPart=Ž&ŽVDD|
RECORD=41|LINENO=  47|OWNERPARTID= -42|OWNERINDEX= -42|Color=8388608|FontID=1|IsHidden=T|Location.X=375|Location.Y=395|Name=PinUniqueId|OwnerIndex=45|OwnerPartId=-1|Text=YUDKPUUC|UniqueID=KHNQSUSQ|
RECORD= 2|LINENO=  48|OWNERPARTID= -42|OWNERINDEX= -42|%UTF8%SwapIDPart=Â¦&Â¦VDD|Designator=5|Designator_CustomPosition_Margin=2|Designator_CustomPosition_Margin_Frac=50000|Electrical=4|FormalType=1|Location.X=375|Location.Y=485|Name=TE|Name_CustomPosition_Margin=2|OwnerIndex=38|OwnerPartId=1|PinConglomerate=56|PinDesignator_PositionConglomerate=1|PinLength=10|PinName_PositionConglomerate=1|SwapIDPart=Ž&ŽVDD|
RECORD=41|LINENO=  49|OWNERPARTID= -42|OWNERINDEX= -42|Color=8388608|FontID=1|IsHidden=T|Location.X=375|Location.Y=485|Name=PinUniqueId|OwnerIndex=47|OwnerPartId=-1|Text=LIWHIKKO|UniqueID=JJWZNVGP|
RECORD= 2|LINENO=  50|OWNERPARTID= -42|OWNERINDEX= -42|%UTF8%SwapIDPart=Â¦&Â¦VDD|Designator=6|Designator_CustomPosition_Margin=2|Designator_CustomPosition_Margin_Frac=50000|Electrical=4|FormalType=1|Location.X=295|Location.Y=405|Name=MOSI|Name_CustomPosition_Margin=2|OwnerIndex=38|OwnerPartId=1|PinConglomerate=58|PinDesignator_PositionConglomerate=1|PinLength=10|PinName_PositionConglomerate=1|SwapIDPart=Ž&ŽVDD|
RECORD=41|LINENO=  51|OWNERPARTID= -42|OWNERINDEX= -42|Color=8388608|FontID=1|IsHidden=T|Location.X=295|Location.Y=405|Name=PinUniqueId|OwnerIndex=49|OwnerPartId=-1|Text=NFNFKMCF|UniqueID=WQPHSTSE|
RECORD= 2|LINENO=  52|OWNERPARTID= -42|OWNERINDEX= -42|%UTF8%SwapIDPart=Â¦&Â¦VDD|Designator=7|Designator_CustomPosition_Margin=2|Designator_CustomPosition_Margin_Frac=50000|Electrical=4|FormalType=1|Location.X=295|Location.Y=395|Name=WR|Name_CustomPosition_Margin=2|OwnerIndex=38|OwnerPartId=1|PinConglomerate=58|PinDesignator_PositionConglomerate=1|PinLength=10|PinName_PositionConglomerate=1|SwapIDPart=Ž&ŽVDD|
RECORD=41|LINENO=  53|OWNERPARTID= -42|OWNERINDEX= -42|Color=8388608|FontID=1|IsHidden=T|Location.X=295|Location.Y=395|Name=PinUniqueId|OwnerIndex=51|OwnerPartId=-1|Text=GAMKBJGP|UniqueID=HONDARIK|
RECORD= 2|LINENO=  54|OWNERPARTID= -42|OWNERINDEX= -42|%UTF8%SwapIDPart=Â¦&Â¦VDD|Designator=8|Designator_CustomPosition_Margin=2|Designator_CustomPosition_Margin_Frac=50000|Electrical=4|FormalType=1|Location.X=295|Location.Y=385|Name=CLK|Name_CustomPosition_Margin=2|OwnerIndex=38|OwnerPartId=1|PinConglomerate=58|PinDesignator_PositionConglomerate=1|PinLength=10|PinName_PositionConglomerate=1|SwapIDPart=Ž&ŽVDD|
RECORD=41|LINENO=  55|OWNERPARTID= -42|OWNERINDEX= -42|Color=8388608|FontID=1|IsHidden=T|Location.X=295|Location.Y=385|Name=PinUniqueId|OwnerIndex=53|OwnerPartId=-1|Text=WJDDKPPV|UniqueID=QAJNWWRQ|
RECORD= 2|LINENO=  56|OWNERPARTID= -42|OWNERINDEX= -42|%UTF8%SwapIDPart=Â¦&Â¦VDD|Designator=9|Designator_CustomPosition_Margin=2|Designator_CustomPosition_Margin_Frac=50000|Electrical=4|FormalType=1|Location.X=295|Location.Y=375|Name=CS|Name_CustomPosition_Margin=2|OwnerIndex=38|OwnerPartId=1|PinConglomerate=58|PinDesignator_PositionConglomerate=1|PinLength=10|PinName_PositionConglomerate=1|SwapIDPart=Ž&ŽVDD|
RECORD=41|LINENO=  57|OWNERPARTID= -42|OWNERINDEX= -42|Color=8388608|FontID=1|IsHidden=T|Location.X=295|Location.Y=375|Name=PinUniqueId|OwnerIndex=55|OwnerPartId=-1|Text=POYEVCPA|UniqueID=LNWJBCRW|
RECORD= 2|LINENO=  58|OWNERPARTID= -42|OWNERINDEX= -42|%UTF8%SwapIDPart=Â¦&Â¦VDD|Designator=10|Designator_CustomPosition_Margin=2|Designator_CustomPosition_Margin_Frac=50000|Electrical=4|FormalType=1|Location.X=295|Location.Y=425|Name=R\E\S\E\T\|Name_CustomPosition_Margin=2|OwnerIndex=38|OwnerPartId=1|PinConglomerate=58|PinDesignator_PositionConglomerate=1|PinLength=10|PinName_PositionConglomerate=1|SwapIDPart=Ž&ŽVDD|
RECORD=41|LINENO=  59|OWNERPARTID= -42|OWNERINDEX= -42|Color=8388608|FontID=1|IsHidden=T|Location.X=295|Location.Y=425|Name=PinUniqueId|OwnerIndex=57|OwnerPartId=-1|Text=IQVYJGCH|UniqueID=IPNVSYGR|
RECORD= 2|LINENO=  60|OWNERPARTID= -42|OWNERINDEX= -42|%UTF8%SwapIDPart=Â¦&Â¦VDD|Designator=11|Designator_CustomPosition_Margin=2|Designator_CustomPosition_Margin_Frac=50000|Electrical=4|FormalType=1|Location.X=295|Location.Y=455|Name=VCC_IO|Name_CustomPosition_Margin=2|OwnerIndex=38|OwnerPartId=1|PinConglomerate=58|PinDesignator_PositionConglomerate=1|PinLength=10|PinName_PositionConglomerate=1|SwapIDPart=Ž&ŽVDD|
RECORD=41|LINENO=  61|OWNERPARTID= -42|OWNERINDEX= -42|Color=8388608|FontID=1|IsHidden=T|Location.X=295|Location.Y=455|Name=PinUniqueId|OwnerIndex=59|OwnerPartId=-1|Text=SFFCLBFM|UniqueID=OJJEHOQR|
RECORD= 2|LINENO=  62|OWNERPARTID= -42|OWNERINDEX= -42|%UTF8%SwapIDPart=Â¦&Â¦VDD|Designator=12|Designator_CustomPosition_Margin=2|Designator_CustomPosition_Margin_Frac=50000|Electrical=4|FormalType=1|Location.X=295|Location.Y=445|Name=VCC_IO|Name_CustomPosition_Margin=2|OwnerIndex=38|OwnerPartId=1|PinConglomerate=58|PinDesignator_PositionConglomerate=1|PinLength=10|PinName_PositionConglomerate=1|SwapIDPart=Ž&ŽVDD|
RECORD=41|LINENO=  63|OWNERPARTID= -42|OWNERINDEX= -42|Color=8388608|FontID=1|IsHidden=T|Location.X=295|Location.Y=445|Name=PinUniqueId|OwnerIndex=61|OwnerPartId=-1|Text=SFHOCKOM|UniqueID=AMIMLSSA|
RECORD= 2|LINENO=  64|OWNERPARTID= -42|OWNERINDEX= -42|%UTF8%SwapIDPart=Â¦&Â¦VDD|Designator=13|Designator_CustomPosition_Margin=2|Designator_CustomPosition_Margin_Frac=50000|Electrical=4|FormalType=1|Location.X=295|Location.Y=485|Name=VCC|Name_CustomPosition_Margin=2|OwnerIndex=38|OwnerPartId=1|PinConglomerate=58|PinDesignator_PositionConglomerate=1|PinLength=10|PinName_PositionConglomerate=1|SwapIDPart=Ž&ŽVDD|
RECORD=41|LINENO=  65|OWNERPARTID= -42|OWNERINDEX= -42|Color=8388608|FontID=1|IsHidden=T|Location.X=295|Location.Y=485|Name=PinUniqueId|OwnerIndex=63|OwnerPartId=-1|Text=KJYLGKWR|UniqueID=ZYWEWJCF|
RECORD= 2|LINENO=  66|OWNERPARTID= -42|OWNERINDEX= -42|%UTF8%SwapIDPart=Â¦&Â¦VDD|Designator=14|Designator_CustomPosition_Margin=2|Designator_CustomPosition_Margin_Frac=50000|Electrical=4|FormalType=1|Location.X=295|Location.Y=475|Name=VCC|Name_CustomPosition_Margin=2|OwnerIndex=38|OwnerPartId=1|PinConglomerate=58|PinDesignator_PositionConglomerate=1|PinLength=10|PinName_PositionConglomerate=1|SwapIDPart=Ž&ŽVDD|
RECORD=41|LINENO=  67|OWNERPARTID= -42|OWNERINDEX= -42|Color=8388608|FontID=1|IsHidden=T|Location.X=295|Location.Y=475|Name=PinUniqueId|OwnerIndex=65|OwnerPartId=-1|Text=SVIGNSUP|UniqueID=WQULDNSS|
RECORD= 2|LINENO=  68|OWNERPARTID= -42|OWNERINDEX= -42|%UTF8%SwapIDPart=Â¦&Â¦VDD|Designator=15|Designator_CustomPosition_Margin=2|Designator_CustomPosition_Margin_Frac=50000|Electrical=4|FormalType=1|Location.X=375|Location.Y=385|Name=GND|Name_CustomPosition_Margin=2|OwnerIndex=38|OwnerPartId=1|PinConglomerate=56|PinDesignator_PositionConglomerate=1|PinLength=10|PinName_PositionConglomerate=1|SwapIDPart=Ž&ŽVDD|
RECORD=41|LINENO=  69|OWNERPARTID= -42|OWNERINDEX= -42|Color=8388608|FontID=1|IsHidden=T|Location.X=375|Location.Y=385|Name=PinUniqueId|OwnerIndex=67|OwnerPartId=-1|Text=HROQHCDP|UniqueID=USYNNNJW|
RECORD= 2|LINENO=  70|OWNERPARTID= -42|OWNERINDEX= -42|%UTF8%SwapIDPart=Â¦&Â¦VDD|Designator=16|Designator_CustomPosition_Margin=2|Designator_CustomPosition_Margin_Frac=50000|Electrical=4|FormalType=1|Location.X=375|Location.Y=375|Name=GND|Name_CustomPosition_Margin=2|OwnerIndex=38|OwnerPartId=1|PinConglomerate=56|PinDesignator_PositionConglomerate=1|PinLength=10|PinName_PositionConglomerate=1|SwapIDPart=Ž&ŽVDD|
RECORD=41|LINENO=  71|OWNERPARTID= -42|OWNERINDEX= -42|Color=8388608|FontID=1|IsHidden=T|Location.X=375|Location.Y=375|Name=PinUniqueId|OwnerIndex=69|OwnerPartId=-1|Text=TWVCXREL|UniqueID=WEJPTELP|
RECORD= 2|LINENO=  72|OWNERPARTID= -42|OWNERINDEX= -42|%UTF8%SwapIDPart=Â¦&Â¦VDD|Designator=23|Designator_CustomPosition_Margin=2|Designator_CustomPosition_Margin_Frac=50000|Electrical=4|FormalType=1|Location.X=375|Location.Y=465|Name=LED_A|Name_CustomPosition_Margin=2|OwnerIndex=38|OwnerPartId=1|PinConglomerate=56|PinDesignator_PositionConglomerate=1|PinLength=10|PinName_PositionConglomerate=1|SwapIDPart=Ž&ŽVDD|
RECORD=41|LINENO=  73|OWNERPARTID= -42|OWNERINDEX= -42|Color=8388608|FontID=1|IsHidden=T|Location.X=375|Location.Y=465|Name=PinUniqueId|OwnerIndex=71|OwnerPartId=-1|Text=CTUPPUSD|UniqueID=WNWTCBUF|
RECORD= 2|LINENO=  74|OWNERPARTID= -42|OWNERINDEX= -42|%UTF8%SwapIDPart=Â¦&Â¦VDD|Designator=24|Designator_CustomPosition_Margin=2|Designator_CustomPosition_Margin_Frac=50000|Electrical=4|FormalType=1|Location.X=375|Location.Y=455|Name=LED_A|Name_CustomPosition_Margin=2|OwnerIndex=38|OwnerPartId=1|PinConglomerate=56|PinDesignator_PositionConglomerate=1|PinLength=10|PinName_PositionConglomerate=1|SwapIDPart=Ž&ŽVDD|
RECORD=41|LINENO=  75|OWNERPARTID= -42|OWNERINDEX= -42|Color=8388608|FontID=1|IsHidden=T|Location.X=375|Location.Y=455|Name=PinUniqueId|OwnerIndex=73|OwnerPartId=-1|Text=NGHNDIDT|UniqueID=GEHRUFON|
RECORD=14|LINENO=  76|OWNERPARTID= -42|OWNERINDEX= -42|AreaColor=11599871|Color=128|Corner.X=375|Corner.Y=495|IndexInSheet=18|IsNotAccesible=T|IsSolid=T|Location.X=295|Location.Y=365|OwnerIndex=38|OwnerPartId=1|Transparent=T|
RECORD=28|LINENO=  77|OWNERPARTID= -42|OWNERINDEX= -42|Alignment=1|AreaColor=16777215|ClipToRect=T|Corner.X=375|Corner.Y=355|FontID=1|IndexInSheet=19|IsNotAccesible=T|Location.X=295|Location.Y=275|OwnerIndex=38|OwnerPartId=1|Text=VCC and VCC_IO must be 2V8~1~1TE is the tearing effect pin, can be used to synchronize MCU with the frame buffer on display|TextMargin_Frac=5|WordWrap=T|
RECORD=34|LINENO=  78|OWNERPARTID= -42|OWNERINDEX= -42|Color=8388608|FontID=1|IndexInSheet=-1|Location.X=295|Location.Y=495|Name=Designator|OwnerIndex=38|OwnerPartId=-1|ReadOnlyState=1|Text=U1|UniqueID=WHMTPHDV|
RECORD=41|LINENO=  79|OWNERPARTID= -42|OWNERINDEX= -42|Color=8388608|FontID=1|IndexInSheet=-1|Location.X=295|Location.Y=265|Name=Comment|OwnerIndex=38|OwnerPartId=-1|Text=AML130A2402A|UniqueID=GUOLWOKD|
RECORD=44|LINENO=  80|OWNERPARTID= -42|OWNERINDEX= -42|OwnerIndex=38|
RECORD=45|LINENO=  81|OWNERPARTID= -42|OWNERINDEX= -42|DatabaseDatalinksLocked=T|DatabaseModel=T|DatafileCount=1|DatalinksLocked=T|Description=AML130A2402A 1.3" Round TFT Display|IndexInSheet=-1|IntegratedModel=T|IsCurrent=T|ModelDatafileEntity0=AML130A2402A|ModelDatafileKind0=PCBLib|ModelName=AML130A2402A|ModelType=PCBLIB|OwnerIndex=79|UniqueID=QHIJIRPJ|UseComponentLibrary=T|
RECORD=46|LINENO=  82|OWNERPARTID= -42|OWNERINDEX= -42|OwnerIndex=80|
RECORD=48|LINENO=  83|OWNERPARTID= -42|OWNERINDEX= -42|OwnerIndex=80|
RECORD= 1|LINENO=  84|OWNERPARTID= -42|OWNERINDEX= -42|AllPinCount=2|AreaColor=11599871|Color=128|ComponentDescription=DC Motor Vibration, ERM 10000 RPM 3VDC|CurrentPartId=1|DesignItemId=C0720B001F|DisplayModeCount=1|IndexInSheet=38|LibReference=C0720B001F|LibraryPath=*|Location.X=520|Location.Y=450|OwnerPartId=-1|PartCount=2|PartIDLocked=T|SourceLibraryName=smLib.IntLib|TargetFileName=*|UniqueID=RTIWMPVN|
RECORD= 2|LINENO=  85|OWNERPARTID= -42|OWNERINDEX= -42|%UTF8%SwapIDPart=Â¦&Â¦VDD|Designator=1|Designator_CustomPosition_Margin=2|Designator_CustomPosition_Margin_Frac=50000|Electrical=4|FormalType=1|Location.X=505|Location.Y=450|Name=1|Name_CustomPosition_Margin=2|OwnerIndex=83|OwnerPartId=1|PinConglomerate=34|PinDesignator_PositionConglomerate=1|PinLength=10|PinName_PositionConglomerate=1|SwapIDPart=Ž&ŽVDD|
RECORD=41|LINENO=  86|OWNERPARTID= -42|OWNERINDEX= -42|Color=8388608|FontID=1|IsHidden=T|Location.X=505|Location.Y=450|Name=PinUniqueId|OwnerIndex=84|OwnerPartId=-1|Text=AFNAGBFX|UniqueID=UQRSUFMM|
RECORD= 2|LINENO=  87|OWNERPARTID= -42|OWNERINDEX= -42|%UTF8%SwapIDPart=Â¦&Â¦VDD|Designator=2|Designator_CustomPosition_Margin=2|Designator_CustomPosition_Margin_Frac=50000|Electrical=4|FormalType=1|Location.X=535|Location.Y=450|Name=2|Name_CustomPosition_Margin=2|OwnerIndex=83|OwnerPartId=1|PinConglomerate=32|PinDesignator_PositionConglomerate=1|PinLength=10|PinName_PositionConglomerate=1|SwapIDPart=Ž&ŽVDD|
RECORD=41|LINENO=  88|OWNERPARTID= -42|OWNERINDEX= -42|Color=8388608|FontID=1|IsHidden=T|Location.X=535|Location.Y=450|Name=PinUniqueId|OwnerIndex=86|OwnerPartId=-1|Text=POEHIWNY|UniqueID=PZHRANLS|
RECORD=12|LINENO=  89|OWNERPARTID= -42|OWNERINDEX= -42|EndAngle=360.000|IndexInSheet=2|IsNotAccesible=T|LineWidth=1|Location.X=520|Location.Y=450|OwnerIndex=83|OwnerPartId=1|Radius=10|
RECORD= 6|LINENO=  90|OWNERPARTID= -42|OWNERINDEX= -42|IndexInSheet=3|IsNotAccesible=T|LineWidth=1|LocationCount=4|OwnerIndex=83|OwnerPartId=1|X1=530|X2=535|X3=535|X4=530|Y1=455|Y2=455|Y3=445|Y4=445|
RECORD= 6|LINENO=  91|OWNERPARTID= -42|OWNERINDEX= -42|IndexInSheet=4|IsNotAccesible=T|LineWidth=1|LocationCount=4|OwnerIndex=83|OwnerPartId=1|X1=510|X2=505|X3=505|X4=510|Y1=445|Y2=445|Y3=455|Y4=455|
RECORD= 4|LINENO=  92|OWNERPARTID= -42|OWNERINDEX= -42|FontID=1|IndexInSheet=5|IsNotAccesible=T|Justification=4|Location.X=520|Location.Y=450|OwnerIndex=83|OwnerPartId=1|Text=M|
RECORD=34|LINENO=  93|OWNERPARTID= -42|OWNERINDEX= -42|Color=8388608|FontID=1|IndexInSheet=-1|Location.X=504|Location.Y=460|Name=Designator|OwnerIndex=83|OwnerPartId=-1|ReadOnlyState=1|Text=M1|UniqueID=USFIOGXP|
RECORD=41|LINENO=  94|OWNERPARTID= -42|OWNERINDEX= -42|Color=8388608|FontID=1|IndexInSheet=-1|Location.X=504|Location.Y=430|Name=Comment|OwnerIndex=83|OwnerPartId=-1|Text=C0720B001F|UniqueID=KWLOBSEQ|
RECORD=44|LINENO=  95|OWNERPARTID= -42|OWNERINDEX= -42|OwnerIndex=83|
RECORD=45|LINENO=  96|OWNERPARTID= -42|OWNERINDEX= -42|DatabaseDatalinksLocked=T|DatabaseModel=T|DatafileCount=1|DatalinksLocked=T|Description=DC Motor Vibration, ERM 10000 RPM  3VDC|IndexInSheet=-1|IntegratedModel=T|IsCurrent=T|ModelDatafileEntity0=C0720B001F|ModelDatafileKind0=PCBLib|ModelName=C0720B001F|ModelType=PCBLIB|OwnerIndex=94|UniqueID=CGKYMXWC|UseComponentLibrary=T|
RECORD=46|LINENO=  97|OWNERPARTID= -42|OWNERINDEX= -42|OwnerIndex=95|
RECORD=48|LINENO=  98|OWNERPARTID= -42|OWNERINDEX= -42|OwnerIndex=95|
RECORD=25|LINENO=  99|OWNERPARTID= -42|OWNERINDEX= -42|Color=128|FontID=1|IndexInSheet=39|Location.X=215|Location.Y=375|OwnerPartId=-1|Text=DISPLAY_CS|UniqueID=AAIEFBRJ|
RECORD=25|LINENO= 100|OWNERPARTID= -42|OWNERINDEX= -42|Color=128|FontID=1|IndexInSheet=40|Location.X=215|Location.Y=405|OwnerPartId=-1|Text=DISPLAY_MOSI|UniqueID=BEHYBYJG|
RECORD=25|LINENO= 101|OWNERPARTID= -42|OWNERINDEX= -42|Color=128|FontID=1|IndexInSheet=41|Location.X=215|Location.Y=425|OwnerPartId=-1|Text=DISPLAY_RST|UniqueID=ECMIHCFD|
RECORD=25|LINENO= 102|OWNERPARTID= -42|OWNERINDEX= -42|Color=128|FontID=1|IndexInSheet=42|Location.X=215|Location.Y=385|OwnerPartId=-1|Text=DISPLAY_CLK|UniqueID=FVVJZULQ|
RECORD=27|LINENO= 103|OWNERPARTID= -42|OWNERINDEX= -42|Color=8388608|IndexInSheet=43|LineWidth=1|LocationCount=2|OwnerPartId=-1|UniqueID=QTINPNVW|X1=205|X2=285|Y1=385|Y2=385|
RECORD=27|LINENO= 104|OWNERPARTID= -42|OWNERINDEX= -42|Color=8388608|IndexInSheet=44|LineWidth=1|LocationCount=2|OwnerPartId=-1|UniqueID=VQOMHWNC|X1=205|X2=285|Y1=405|Y2=405|
RECORD=27|LINENO= 105|OWNERPARTID= -42|OWNERINDEX= -42|Color=8388608|IndexInSheet=45|LineWidth=1|LocationCount=2|OwnerPartId=-1|UniqueID=EEVGSHJX|X1=205|X2=285|Y1=425|Y2=425|
RECORD=27|LINENO= 106|OWNERPARTID= -42|OWNERINDEX= -42|Color=8388608|IndexInSheet=46|LineWidth=1|LocationCount=2|OwnerPartId=-1|UniqueID=VFYKFIJH|X1=205|X2=285|Y1=375|Y2=375|
RECORD=25|LINENO= 107|OWNERPARTID= -42|OWNERINDEX= -42|Color=128|FontID=1|IndexInSheet=47|Location.X=395|Location.Y=425|OwnerPartId=-1|Text=DISPLAY_BCKL|UniqueID=TRIHPWQQ|
RECORD=27|LINENO= 108|OWNERPARTID= -42|OWNERINDEX= -42|Color=8388608|IndexInSheet=48|LineWidth=1|LocationCount=3|OwnerPartId=-1|UniqueID=HPMROTVI|X1=385|X2=390|X3=465|Y1=425|Y2=425|Y3=425|
RECORD=18|LINENO= 109|OWNERPARTID= -42|OWNERINDEX= -42|AreaColor=8454143|Color=128|FontID=1|Height=10|IndexInSheet=49|Location.X=465|Location.Y=425|Name=DISPLAY_BCKL|OwnerPartId=-1|TextColor=128|UniqueID=HTFVYEXI|Width=70|
RECORD=18|LINENO= 110|OWNERPARTID= -42|OWNERINDEX= -42|AreaColor=8454143|Color=128|FontID=1|Height=10|IndexInSheet=50|Location.X=135|Location.Y=425|Name=DISPLAY_RST|OwnerPartId=-1|TextColor=128|UniqueID=KLSKOLQN|Width=70|
RECORD=18|LINENO= 111|OWNERPARTID= -42|OWNERINDEX= -42|AreaColor=8454143|Color=128|FontID=1|Height=10|IndexInSheet=51|Location.X=135|Location.Y=405|Name=DISPLAY_MOSI|OwnerPartId=-1|TextColor=128|UniqueID=GGTQOGMI|Width=70|
RECORD=18|LINENO= 112|OWNERPARTID= -42|OWNERINDEX= -42|AreaColor=8454143|Color=128|FontID=1|Height=10|IndexInSheet=52|Location.X=135|Location.Y=375|Name=DISPLAY_CS|OwnerPartId=-1|TextColor=128|UniqueID=OEZCURIB|Width=70|
RECORD=18|LINENO= 113|OWNERPARTID= -42|OWNERINDEX= -42|AreaColor=8454143|Color=128|FontID=1|Height=10|IndexInSheet=53|Location.X=135|Location.Y=385|Name=DISPLAY_CLK|OwnerPartId=-1|TextColor=128|UniqueID=JQCMCOJP|Width=70|
RECORD=27|LINENO= 114|OWNERPARTID= -42|OWNERINDEX= -42|Color=8388608|IndexInSheet=54|LineWidth=1|LocationCount=3|OwnerPartId=-1|UniqueID=LNZEKARI|X1=385|X2=390|X3=390|Y1=435|Y2=435|Y3=425|
RECORD=27|LINENO= 115|OWNERPARTID= -42|OWNERINDEX= -42|Color=8388608|IndexInSheet=55|LineWidth=1|LocationCount=4|OwnerPartId=-1|UniqueID=HVZEEQGW|X1=385|X2=390|X3=390|X4=385|Y1=465|Y2=465|Y3=455|Y4=455|
RECORD=22|LINENO= 116|OWNERPARTID= -42|OWNERINDEX= -42|Color=255|IndexInSheet=56|IsActive=T|Location.X=205|Location.Y=395|Orientation=1|OwnerPartId=-1|SuppressAll=T|Symbol=Thin Cross|UniqueID=SFFLRJFS|
RECORD=22|LINENO= 117|OWNERPARTID= -42|OWNERINDEX= -42|Color=255|IndexInSheet=57|IsActive=T|Location.X=390|Location.Y=485|Orientation=1|OwnerPartId=-1|SuppressAll=T|Symbol=Thin Cross|UniqueID=PAWUNZWO|
RECORD=17|LINENO= 118|OWNERPARTID= -42|OWNERINDEX= -42|Color=128|FontID=1|IndexInSheet=58|Location.X=205|Location.Y=485|Orientation=1|OwnerPartId=-1|ShowNetName=T|Style=2|Text=3V3|UniqueID=HCNTDOAM|
RECORD=27|LINENO= 119|OWNERPARTID= -42|OWNERINDEX= -42|Color=8388608|IndexInSheet=59|LineWidth=1|LocationCount=6|OwnerPartId=-1|UniqueID=QHPEUMJR|X1=285|X2=205|X3=205|X4=205|X5=205|X6=285|Y1=445|Y2=445|Y3=455|Y4=475|Y5=485|Y6=485|
RECORD=27|LINENO= 120|OWNERPARTID= -42|OWNERINDEX= -42|Color=8388608|IndexInSheet=60|LineWidth=1|LocationCount=2|OwnerPartId=-1|UniqueID=UITQZKAK|X1=285|X2=205|Y1=475|Y2=475|
RECORD=27|LINENO= 121|OWNERPARTID= -42|OWNERINDEX= -42|Color=8388608|IndexInSheet=61|LineWidth=1|LocationCount=2|OwnerPartId=-1|UniqueID=VKEPVLPA|X1=285|X2=205|Y1=455|Y2=455|
RECORD=27|LINENO= 122|OWNERPARTID= -42|OWNERINDEX= -42|Color=8388608|IndexInSheet=62|LineWidth=1|LocationCount=2|OwnerPartId=-1|UniqueID=DISFSFBU|X1=205|X2=285|Y1=395|Y2=395|
RECORD=29|LINENO= 123|OWNERPARTID= -42|OWNERINDEX= -42|Color=128|IndexInSheet=-1|Location.X=205|Location.Y=455|OwnerPartId=-1|
RECORD=29|LINENO= 124|OWNERPARTID= -42|OWNERINDEX= -42|Color=128|IndexInSheet=-1|Location.X=205|Location.Y=475|OwnerPartId=-1|
RECORD=29|LINENO= 125|OWNERPARTID= -42|OWNERINDEX= -42|Color=128|IndexInSheet=-1|Location.X=205|Location.Y=485|OwnerPartId=-1|
RECORD=29|LINENO= 126|OWNERPARTID= -42|OWNERINDEX= -42|Color=128|IndexInSheet=-1|Location.X=390|Location.Y=425|OwnerPartId=-1|
