RECORD=-42|LINENO=   0|OWNERPARTID= -42|OWNERINDEX= -42|HEADER=Protel for Windows - Schematic Capture Binary File Version 5.0|MinorVersion=2|UniqueID=TIBMPQFL|Weight=199|
RECORD=31|LINENO=   1|OWNERPARTID= -42|OWNERINDEX= -42|AreaColor=16317695|Bold2=T|Bold3=T|BorderOn=T|CustomX=1000|CustomY=800|Display_Unit=0|FontIdCount=3|FontName1=Times New Roman|FontName2=Arial Narrow|FontName3=Arial Narrow|HotSpotGridOn=T|HotSpotGridSize=3|IsBOC=T|SheetNumberSpaceSize=12|SheetStyle=5|ShowTemplateGraphics=T|Size1=10|Size2=72|Size3=26|SnapGridOn=T|SnapGridSize=5|SystemFont=1|UseMBCS=T|VisibleGridOn=T|VisibleGridSize=10|
RECORD=41|LINENO=   2|OWNERPARTID= -42|OWNERINDEX= -42|Color=8388608|FontID=1|IsHidden=T|Name=CurrentTime|OwnerPartId=-1|ReadOnlyState=1|Text=*|UniqueID=GTESSMJA|
RECORD=41|LINENO=   3|OWNERPARTID= -42|OWNERINDEX= -42|Color=8388608|FontID=1|IndexInSheet=1|IsHidden=T|Name=CurrentDate|OwnerPartId=-1|ReadOnlyState=1|Text=*|UniqueID=OBGMHBKR|
RECORD=41|LINENO=   4|OWNERPARTID= -42|OWNERINDEX= -42|Color=8388608|FontID=1|IndexInSheet=2|IsHidden=T|Name=Time|OwnerPartId=-1|ReadOnlyState=1|Text=*|UniqueID=PMTOBWVQ|
RECORD=41|LINENO=   5|OWNERPARTID= -42|OWNERINDEX= -42|Color=8388608|FontID=1|IndexInSheet=3|IsHidden=T|Name=Date|OwnerPartId=-1|ReadOnlyState=1|Text=*|UniqueID=BMOGFYNM|
RECORD=41|LINENO=   6|OWNERPARTID= -42|OWNERINDEX= -42|Color=8388608|FontID=1|IndexInSheet=4|IsHidden=T|Name=DocumentFullPathAndName|OwnerPartId=-1|ReadOnlyState=1|Text=*|UniqueID=UHBOMEKW|
RECORD=41|LINENO=   7|OWNERPARTID= -42|OWNERINDEX= -42|Color=8388608|FontID=1|IndexInSheet=5|IsHidden=T|Name=DocumentName|OwnerPartId=-1|ReadOnlyState=1|Text=*|UniqueID=NUTYOMWA|
RECORD=41|LINENO=   8|OWNERPARTID= -42|OWNERINDEX= -42|Color=8388608|FontID=1|IndexInSheet=6|IsHidden=T|Name=ModifiedDate|OwnerPartId=-1|ReadOnlyState=1|Text=*|UniqueID=HHMXLGLW|
RECORD=41|LINENO=   9|OWNERPARTID= -42|OWNERINDEX= -42|Color=8388608|FontID=1|IndexInSheet=7|IsHidden=T|Name=ApprovedBy|OwnerPartId=-1|ReadOnlyState=1|Text=*|UniqueID=MKKSTOPX|
RECORD=41|LINENO=  10|OWNERPARTID= -42|OWNERINDEX= -42|Color=8388608|FontID=1|IndexInSheet=8|IsHidden=T|Name=CheckedBy|OwnerPartId=-1|ReadOnlyState=1|Text=*|UniqueID=JWRYQXFH|
RECORD=41|LINENO=  11|OWNERPARTID= -42|OWNERINDEX= -42|Color=8388608|FontID=1|IndexInSheet=9|IsHidden=T|Name=Author|OwnerPartId=-1|ReadOnlyState=1|Text=*|UniqueID=MUSSOKVT|
RECORD=41|LINENO=  12|OWNERPARTID= -42|OWNERINDEX= -42|Color=8388608|FontID=1|IndexInSheet=10|IsHidden=T|Name=CompanyName|OwnerPartId=-1|ReadOnlyState=1|Text=*|UniqueID=VGTBWOAD|
RECORD=41|LINENO=  13|OWNERPARTID= -42|OWNERINDEX= -42|Color=8388608|FontID=1|IndexInSheet=11|IsHidden=T|Name=DrawnBy|OwnerPartId=-1|ReadOnlyState=1|Text=*|UniqueID=BUCDNUYY|
RECORD=41|LINENO=  14|OWNERPARTID= -42|OWNERINDEX= -42|Color=8388608|FontID=1|IndexInSheet=12|IsHidden=T|Name=Engineer|OwnerPartId=-1|ReadOnlyState=1|Text=*|UniqueID=VMIIUHMP|
RECORD=41|LINENO=  15|OWNERPARTID= -42|OWNERINDEX= -42|Color=8388608|FontID=1|IndexInSheet=13|IsHidden=T|Name=Organization|OwnerPartId=-1|ReadOnlyState=1|Text=*|UniqueID=ECBCXOPT|
RECORD=41|LINENO=  16|OWNERPARTID= -42|OWNERINDEX= -42|Color=8388608|FontID=1|IndexInSheet=14|IsHidden=T|Name=Address1|OwnerPartId=-1|ReadOnlyState=1|Text=*|UniqueID=GKUCLOSK|
RECORD=41|LINENO=  17|OWNERPARTID= -42|OWNERINDEX= -42|Color=8388608|FontID=1|IndexInSheet=15|IsHidden=T|Name=Address2|OwnerPartId=-1|ReadOnlyState=1|Text=*|UniqueID=EQLNHEAA|
RECORD=41|LINENO=  18|OWNERPARTID= -42|OWNERINDEX= -42|Color=8388608|FontID=1|IndexInSheet=16|IsHidden=T|Name=Address3|OwnerPartId=-1|ReadOnlyState=1|Text=*|UniqueID=RTPHANIG|
RECORD=41|LINENO=  19|OWNERPARTID= -42|OWNERINDEX= -42|Color=8388608|FontID=1|IndexInSheet=17|IsHidden=T|Name=Address4|OwnerPartId=-1|ReadOnlyState=1|Text=*|UniqueID=ICSFEUDH|
RECORD=41|LINENO=  20|OWNERPARTID= -42|OWNERINDEX= -42|Color=8388608|FontID=1|IndexInSheet=18|IsHidden=T|Name=Title|OwnerPartId=-1|ReadOnlyState=1|Text=*|UniqueID=YSGQMMXY|
RECORD=41|LINENO=  21|OWNERPARTID= -42|OWNERINDEX= -42|Color=8388608|FontID=1|IndexInSheet=19|IsHidden=T|Name=DocumentNumber|OwnerPartId=-1|ReadOnlyState=1|Text=4|UniqueID=MHCQSGVU|
RECORD=41|LINENO=  22|OWNERPARTID= -42|OWNERINDEX= -42|Color=8388608|FontID=1|IndexInSheet=20|IsHidden=T|Name=Revision|OwnerPartId=-1|ReadOnlyState=1|Text=*|UniqueID=XKPQLLXO|
RECORD=41|LINENO=  23|OWNERPARTID= -42|OWNERINDEX= -42|Color=8388608|FontID=1|IndexInSheet=21|IsHidden=T|Name=SheetNumber|OwnerPartId=-1|ReadOnlyState=1|Text=4|UniqueID=WPQYPBDG|
RECORD=41|LINENO=  24|OWNERPARTID= -42|OWNERINDEX= -42|Color=8388608|FontID=1|IndexInSheet=22|IsHidden=T|Name=SheetTotal|OwnerPartId=-1|ReadOnlyState=1|Text=5|UniqueID=CCCKRHEX|
RECORD=41|LINENO=  25|OWNERPARTID= -42|OWNERINDEX= -42|Color=8388608|FontID=1|IndexInSheet=23|IsHidden=T|Name=Rule|OwnerPartId=-1|ReadOnlyState=1|Text=*|UniqueID=RNQYIXGU|
RECORD=41|LINENO=  26|OWNERPARTID= -42|OWNERINDEX= -42|Color=8388608|FontID=1|IndexInSheet=24|IsHidden=T|Name=ImagePath|OwnerPartId=-1|ReadOnlyState=1|Text=*|UniqueID=HXWPVORY|
RECORD=41|LINENO=  27|OWNERPARTID= -42|OWNERINDEX= -42|Color=8388608|FontID=1|IndexInSheet=25|IsHidden=T|Name=ProjectName|OwnerPartId=-1|ReadOnlyState=1|Text=*|UniqueID=UVQAJJYA|
RECORD=41|LINENO=  28|OWNERPARTID= -42|OWNERINDEX= -42|Color=8388608|FontID=1|IndexInSheet=26|IsHidden=T|Name=Application_BuildNumber|OwnerPartId=-1|ReadOnlyState=1|Text=*|UniqueID=IEYMEOFL|
RECORD=14|LINENO=  29|OWNERPARTID= -42|OWNERINDEX= -42|AreaColor=11599871|Corner.X=620|Corner.Y=700|IndexInSheet=27|LineWidth=3|Location.X=335|Location.Y=630|OwnerPartId=-1|
RECORD= 4|LINENO=  30|OWNERPARTID= -42|OWNERINDEX= -42|FontID=2|IndexInSheet=28|Justification=1|Location.X=475|Location.Y=630|OwnerPartId=-1|Text=SENSORS|
RECORD=41|LINENO=  31|OWNERPARTID= -42|OWNERINDEX= -42|Color=8388608|FontID=1|IndexInSheet=29|IsHidden=T|Name=ConfigurationParameters|OwnerPartId=-1|ReadOnlyState=1|UniqueID=YTYRBQAJ|
RECORD=41|LINENO=  32|OWNERPARTID= -42|OWNERINDEX= -42|Color=8388608|FontID=1|IndexInSheet=30|IsHidden=T|Name=ConfiguratorName|OwnerPartId=-1|ReadOnlyState=1|UniqueID=DXNUYKQL|
RECORD=41|LINENO=  33|OWNERPARTID= -42|OWNERINDEX= -42|Color=8388608|FontID=1|IndexInSheet=31|IsHidden=T|Name=VersionControl_RevNumber|OwnerPartId=-1|ReadOnlyState=1|UniqueID=VMXOOHXA|
RECORD=41|LINENO=  34|OWNERPARTID= -42|OWNERINDEX= -42|Color=8388608|FontID=1|IndexInSheet=32|IsHidden=T|Name=IsUserConfigurable|OwnerPartId=-1|ReadOnlyState=1|UniqueID=MGNMJOVX|
RECORD=41|LINENO=  35|OWNERPARTID= -42|OWNERINDEX= -42|Color=8388608|FontID=1|IndexInSheet=33|IsHidden=T|Name=VersionControl_ProjFolderRevNumber|OwnerPartId=-1|ReadOnlyState=1|UniqueID=HIMBHWXY|
RECORD=25|LINENO=  36|OWNERPARTID= -42|OWNERINDEX= -42|Color=128|FontID=1|IndexInSheet=34|Location.X=510|Location.Y=480|OwnerPartId=-1|Text=XL_INT_1|UniqueID=TDCNEDLS|
RECORD=27|LINENO=  37|OWNERPARTID= -42|OWNERINDEX= -42|Color=8388608|IndexInSheet=35|LineWidth=1|LocationCount=2|OwnerPartId=-1|UniqueID=BPLWQLGE|X1=505|X2=555|Y1=490|Y2=490|
RECORD=27|LINENO=  38|OWNERPARTID= -42|OWNERINDEX= -42|Color=8388608|IndexInSheet=36|LineWidth=1|LocationCount=2|OwnerPartId=-1|UniqueID=QQJBPFJV|X1=505|X2=555|Y1=480|Y2=480|
RECORD=27|LINENO=  39|OWNERPARTID= -42|OWNERINDEX= -42|Color=8388608|IndexInSheet=37|LineWidth=1|LocationCount=2|OwnerPartId=-1|UniqueID=WXCXXKDI|X1=375|X2=395|Y1=500|Y2=500|
RECORD=17|LINENO=  40|OWNERPARTID= -42|OWNERINDEX= -42|Color=128|FontID=1|IndexInSheet=38|Location.X=375|Location.Y=500|Orientation=3|OwnerPartId=-1|ShowNetName=T|Style=4|Text=GND|UniqueID=APBLWQQU|
RECORD=25|LINENO=  41|OWNERPARTID= -42|OWNERINDEX= -42|Color=128|FontID=1|IndexInSheet=39|Location.X=510|Location.Y=520|OwnerPartId=-1|Text=SCL|UniqueID=VQYRYOVK|
RECORD=25|LINENO=  42|OWNERPARTID= -42|OWNERINDEX= -42|Color=128|FontID=1|IndexInSheet=40|Location.X=510|Location.Y=510|OwnerPartId=-1|Text=SDA|UniqueID=JRAPHIYB|
RECORD=27|LINENO=  43|OWNERPARTID= -42|OWNERINDEX= -42|Color=8388608|IndexInSheet=41|LineWidth=1|LocationCount=2|OwnerPartId=-1|UniqueID=CERWNUKL|X1=505|X2=535|Y1=510|Y2=510|
RECORD=27|LINENO=  44|OWNERPARTID= -42|OWNERINDEX= -42|Color=8388608|IndexInSheet=42|LineWidth=1|LocationCount=2|OwnerPartId=-1|UniqueID=WNPLXCWD|X1=505|X2=535|Y1=520|Y2=520|
RECORD=14|LINENO=  45|OWNERPARTID= -42|OWNERINDEX= -42|AreaColor=11599871|Corner.X=615|Corner.Y=545|IndexInSheet=43|LineWidth=3|Location.X=340|Location.Y=385|OwnerPartId=-1|
RECORD=14|LINENO=  46|OWNERPARTID= -42|OWNERINDEX= -42|AreaColor=11599871|Corner.X=615|Corner.Y=580|IndexInSheet=44|LineWidth=3|Location.X=340|Location.Y=545|OwnerPartId=-1|
RECORD= 4|LINENO=  47|OWNERPARTID= -42|OWNERINDEX= -42|FontID=3|IndexInSheet=45|Justification=1|Location.X=475|Location.Y=550|OwnerPartId=-1|Text=ACCELEROMETER|
RECORD=18|LINENO=  48|OWNERPARTID= -42|OWNERINDEX= -42|AreaColor=8454143|Color=128|FontID=1|Height=10|IndexInSheet=46|Location.X=555|Location.Y=480|Name=XL_INT_1|OwnerPartId=-1|TextColor=128|UniqueID=XWGTWBJG|Width=45|
RECORD=18|LINENO=  49|OWNERPARTID= -42|OWNERINDEX= -42|AreaColor=8454143|Color=128|FontID=1|Height=10|IndexInSheet=47|Location.X=480|Location.Y=275|Name=I2C_SCL|OwnerPartId=-1|TextColor=128|UniqueID=KLPQPRLW|Width=70|
RECORD=18|LINENO=  50|OWNERPARTID= -42|OWNERINDEX= -42|AreaColor=8454143|Color=128|FontID=1|Height=10|IndexInSheet=48|Location.X=480|Location.Y=265|Name=I2C_SDA|OwnerPartId=-1|TextColor=128|UniqueID=HTEUFHTM|Width=70|
RECORD= 1|LINENO=  51|OWNERPARTID= -42|OWNERINDEX= -42|AllPinCount=2|AreaColor=11599871|Color=128|ComponentDescription=0603 Resistor|CurrentPartId=1|DesignItemId=Resistor_0603|DisplayModeCount=1|IndexInSheet=49|LibReference=Resistor_0603|LibraryPath=*|Location.X=450|Location.Y=285|Orientation=1|OwnerPartId=-1|PartCount=2|PartIDLocked=T|SourceLibraryName=smLib.IntLib|TargetFileName=*|UniqueID=MAXGVNYF|
RECORD= 2|LINENO=  52|OWNERPARTID= -42|OWNERINDEX= -42|Designator=1|Electrical=4|FormalType=1|Location.X=450|Location.Y=279|Name=1|OwnerIndex=50|OwnerPartId=1|PinConglomerate=35|PinLength=4|
RECORD=41|LINENO=  53|OWNERPARTID= -42|OWNERINDEX= -42|Color=8388608|FontID=1|IsHidden=T|Location.X=450|Location.Y=279|Name=PinUniqueId|OwnerIndex=51|OwnerPartId=-1|Text=LOFPVOSS|UniqueID=UOXOAJVP|
RECORD= 2|LINENO=  54|OWNERPARTID= -42|OWNERINDEX= -42|Designator=2|Electrical=4|FormalType=1|Location.X=450|Location.Y=291|Name=2|OwnerIndex=50|OwnerPartId=1|PinConglomerate=33|PinLength=4|
RECORD=41|LINENO=  55|OWNERPARTID= -42|OWNERINDEX= -42|Color=8388608|FontID=1|IsHidden=T|Location.X=450|Location.Y=291|Name=PinUniqueId|OwnerIndex=53|OwnerPartId=-1|Text=UFGVUKMQ|UniqueID=EYUPGUER|
RECORD= 6|LINENO=  56|OWNERPARTID= -42|OWNERINDEX= -42|IndexInSheet=2|IsNotAccesible=T|LineWidth=1|LocationCount=8|OwnerIndex=50|OwnerPartId=1|X1=450|X2=452|X3=448|X4=452|X5=448|X6=452|X7=448|X8=450|Y1=291|Y2=290|Y3=288|Y4=286|Y5=284|Y6=282|Y7=280|Y8=279|
RECORD=34|LINENO=  57|OWNERPARTID= -42|OWNERINDEX= -42|Color=8388608|FontID=1|IndexInSheet=-1|Location.X=430|Location.Y=285|Name=Designator|OwnerIndex=50|OwnerPartId=-1|ReadOnlyState=1|Text=R5|UniqueID=GAOAQOPC|
RECORD=41|LINENO=  58|OWNERPARTID= -42|OWNERINDEX= -42|Color=8388608|FontID=1|IndexInSheet=-1|Location.X=430|Location.Y=275|Name=Comment|OwnerIndex=50|OwnerPartId=-1|Text=10K|UniqueID=OGGTQJJH|
RECORD=44|LINENO=  59|OWNERPARTID= -42|OWNERINDEX= -42|OwnerIndex=50|
RECORD=45|LINENO=  60|OWNERPARTID= -42|OWNERINDEX= -42|DatabaseDatalinksLocked=T|DatabaseModel=T|DatafileCount=1|DatalinksLocked=T|Description=High density 0603 passive|IndexInSheet=-1|IntegratedModel=T|IsCurrent=T|ModelDatafileEntity0=RES_0603_HIGH|ModelDatafileKind0=PCBLib|ModelName=RES_0603_HIGH|ModelType=PCBLIB|OwnerIndex=58|UniqueID=ABWOVEAF|UseComponentLibrary=T|
RECORD=46|LINENO=  61|OWNERPARTID= -42|OWNERINDEX= -42|OwnerIndex=59|
RECORD=48|LINENO=  62|OWNERPARTID= -42|OWNERINDEX= -42|OwnerIndex=59|
RECORD=45|LINENO=  63|OWNERPARTID= -42|OWNERINDEX= -42|DatabaseDatalinksLocked=T|DatabaseModel=T|DatafileCount=1|DatalinksLocked=T|Description=Low density 0603 passive|IndexInSheet=-1|IntegratedModel=T|ModelDatafileEntity0=RES_0603_LOW|ModelDatafileKind0=PCBLib|ModelName=RES_0603_LOW|ModelType=PCBLIB|OwnerIndex=58|UniqueID=FDWWWOUV|UseComponentLibrary=T|
RECORD=46|LINENO=  64|OWNERPARTID= -42|OWNERINDEX= -42|OwnerIndex=62|
RECORD=48|LINENO=  65|OWNERPARTID= -42|OWNERINDEX= -42|OwnerIndex=62|
RECORD=45|LINENO=  66|OWNERPARTID= -42|OWNERINDEX= -42|DatabaseDatalinksLocked=T|DatabaseModel=T|DatafileCount=1|DatalinksLocked=T|Description=Medium density 0603 passive|IndexInSheet=-1|IntegratedModel=T|ModelDatafileEntity0=RES_0603_MEDIUM|ModelDatafileKind0=PCBLib|ModelName=RES_0603_MEDIUM|ModelType=PCBLIB|OwnerIndex=58|UniqueID=VSHODNZC|UseComponentLibrary=T|
RECORD=46|LINENO=  67|OWNERPARTID= -42|OWNERINDEX= -42|OwnerIndex=65|
RECORD=48|LINENO=  68|OWNERPARTID= -42|OWNERINDEX= -42|OwnerIndex=65|
RECORD=25|LINENO=  69|OWNERPARTID= -42|OWNERINDEX= -42|Color=128|FontID=1|IndexInSheet=50|Location.X=455|Location.Y=275|OwnerPartId=-1|Text=SCL|UniqueID=NZKRRWWG|
RECORD=25|LINENO=  70|OWNERPARTID= -42|OWNERINDEX= -42|Color=128|FontID=1|IndexInSheet=51|Location.X=455|Location.Y=265|OwnerPartId=-1|Text=SDA|UniqueID=KKACCXNM|
RECORD=27|LINENO=  71|OWNERPARTID= -42|OWNERINDEX= -42|Color=8388608|IndexInSheet=52|LineWidth=1|LocationCount=2|OwnerPartId=-1|UniqueID=OUIPIAFL|X1=450|X2=480|Y1=275|Y2=275|
RECORD= 1|LINENO=  72|OWNERPARTID= -42|OWNERINDEX= -42|AllPinCount=2|AreaColor=11599871|Color=128|ComponentDescription=0603 Resistor|CurrentPartId=1|DesignItemId=Resistor_0603|DisplayModeCount=1|IndexInSheet=53|LibReference=Resistor_0603|LibraryPath=*|Location.X=420|Location.Y=285|Orientation=1|OwnerPartId=-1|PartCount=2|PartIDLocked=T|SourceLibraryName=smLib.IntLib|TargetFileName=*|UniqueID=IZADDIKK|
RECORD= 2|LINENO=  73|OWNERPARTID= -42|OWNERINDEX= -42|Designator=1|Electrical=4|FormalType=1|Location.X=420|Location.Y=279|Name=1|OwnerIndex=71|OwnerPartId=1|PinConglomerate=35|PinLength=4|
RECORD=41|LINENO=  74|OWNERPARTID= -42|OWNERINDEX= -42|Color=8388608|FontID=1|IsHidden=T|Location.X=420|Location.Y=279|Name=PinUniqueId|OwnerIndex=72|OwnerPartId=-1|Text=EHQFOMZQ|UniqueID=CBAAIPMF|
RECORD= 2|LINENO=  75|OWNERPARTID= -42|OWNERINDEX= -42|Designator=2|Electrical=4|FormalType=1|Location.X=420|Location.Y=291|Name=2|OwnerIndex=71|OwnerPartId=1|PinConglomerate=33|PinLength=4|
RECORD=41|LINENO=  76|OWNERPARTID= -42|OWNERINDEX= -42|Color=8388608|FontID=1|IsHidden=T|Location.X=420|Location.Y=291|Name=PinUniqueId|OwnerIndex=74|OwnerPartId=-1|Text=TTSWBPSO|UniqueID=INWYIMCV|
RECORD= 6|LINENO=  77|OWNERPARTID= -42|OWNERINDEX= -42|IndexInSheet=2|IsNotAccesible=T|LineWidth=1|LocationCount=8|OwnerIndex=71|OwnerPartId=1|X1=420|X2=422|X3=418|X4=422|X5=418|X6=422|X7=418|X8=420|Y1=291|Y2=290|Y3=288|Y4=286|Y5=284|Y6=282|Y7=280|Y8=279|
RECORD=34|LINENO=  78|OWNERPARTID= -42|OWNERINDEX= -42|Color=8388608|FontID=1|IndexInSheet=-1|Location.X=400|Location.Y=285|Name=Designator|OwnerIndex=71|OwnerPartId=-1|ReadOnlyState=1|Text=R4|UniqueID=USVOIIKT|
RECORD=41|LINENO=  79|OWNERPARTID= -42|OWNERINDEX= -42|Color=8388608|FontID=1|IndexInSheet=-1|Location.X=400|Location.Y=275|Name=Comment|OwnerIndex=71|OwnerPartId=-1|Text=10K|UniqueID=HMTKFMWY|
RECORD=44|LINENO=  80|OWNERPARTID= -42|OWNERINDEX= -42|OwnerIndex=71|
RECORD=45|LINENO=  81|OWNERPARTID= -42|OWNERINDEX= -42|DatabaseDatalinksLocked=T|DatabaseModel=T|DatafileCount=1|DatalinksLocked=T|Description=High density 0603 passive|IndexInSheet=-1|IntegratedModel=T|IsCurrent=T|ModelDatafileEntity0=RES_0603_HIGH|ModelDatafileKind0=PCBLib|ModelName=RES_0603_HIGH|ModelType=PCBLIB|OwnerIndex=79|UniqueID=KTDXNGYJ|UseComponentLibrary=T|
RECORD=46|LINENO=  82|OWNERPARTID= -42|OWNERINDEX= -42|OwnerIndex=80|
RECORD=48|LINENO=  83|OWNERPARTID= -42|OWNERINDEX= -42|OwnerIndex=80|
RECORD=45|LINENO=  84|OWNERPARTID= -42|OWNERINDEX= -42|DatabaseDatalinksLocked=T|DatabaseModel=T|DatafileCount=1|DatalinksLocked=T|Description=Low density 0603 passive|IndexInSheet=-1|IntegratedModel=T|ModelDatafileEntity0=RES_0603_LOW|ModelDatafileKind0=PCBLib|ModelName=RES_0603_LOW|ModelType=PCBLIB|OwnerIndex=79|UniqueID=FOTDXJIT|UseComponentLibrary=T|
RECORD=46|LINENO=  85|OWNERPARTID= -42|OWNERINDEX= -42|OwnerIndex=83|
RECORD=48|LINENO=  86|OWNERPARTID= -42|OWNERINDEX= -42|OwnerIndex=83|
RECORD=45|LINENO=  87|OWNERPARTID= -42|OWNERINDEX= -42|DatabaseDatalinksLocked=T|DatabaseModel=T|DatafileCount=1|DatalinksLocked=T|Description=Medium density 0603 passive|IndexInSheet=-1|IntegratedModel=T|ModelDatafileEntity0=RES_0603_MEDIUM|ModelDatafileKind0=PCBLib|ModelName=RES_0603_MEDIUM|ModelType=PCBLIB|OwnerIndex=79|UniqueID=JYPHJJCB|UseComponentLibrary=T|
RECORD=46|LINENO=  88|OWNERPARTID= -42|OWNERINDEX= -42|OwnerIndex=86|
RECORD=48|LINENO=  89|OWNERPARTID= -42|OWNERINDEX= -42|OwnerIndex=86|
RECORD=27|LINENO=  90|OWNERPARTID= -42|OWNERINDEX= -42|Color=8388608|IndexInSheet=54|LineWidth=1|LocationCount=3|OwnerPartId=-1|UniqueID=JHAASWTJ|X1=420|X2=420|X3=480|Y1=275|Y2=265|Y3=265|
RECORD=27|LINENO=  91|OWNERPARTID= -42|OWNERINDEX= -42|Color=8388608|IndexInSheet=55|LineWidth=1|LocationCount=5|OwnerPartId=-1|UniqueID=KZNDZKFA|X1=450|X2=450|X3=435|X4=420|X5=420|Y1=295|Y2=305|Y3=305|Y4=305|Y5=295|
RECORD=27|LINENO=  92|OWNERPARTID= -42|OWNERINDEX= -42|Color=8388608|IndexInSheet=56|LineWidth=1|LocationCount=5|OwnerPartId=-1|UniqueID=ONOOQERL|X1=425|X2=425|X3=425|X4=395|X5=375|Y1=490|Y2=510|Y3=520|Y4=520|Y5=520|
RECORD= 1|LINENO=  93|OWNERPARTID= -42|OWNERINDEX= -42|AllPinCount=16|AreaColor=11599871|Color=128|ComponentDescription=LIS3DH ACCEL 2-16G I2C/SPI 16LGA|CurrentPartId=1|DesignItemId=LIS3DH|DisplayModeCount=1|IndexInSheet=57|LibReference=LIS3DH|LibraryPath=*|Location.X=465|Location.Y=470|OwnerPartId=-1|PartCount=2|PartIDLocked=T|SourceLibraryName=smLib.IntLib|TargetFileName=*|UniqueID=ZCWZNJNL|
RECORD= 2|LINENO=  94|OWNERPARTID= -42|OWNERINDEX= -42|%UTF8%SwapIDPart=Â¦&Â¦VDD|Designator=1|Designator_CustomPosition_Margin=2|Electrical=4|FormalType=1|Location.X=435|Location.Y=520|Name=VDD|Name_CustomPosition_Margin=2|OwnerIndex=92|OwnerPartId=1|PinConglomerate=58|PinDesignator_PositionConglomerate=1|PinLength=10|PinName_PositionConglomerate=1|SwapIDPart=Ž&ŽVDD|
RECORD=41|LINENO=  95|OWNERPARTID= -42|OWNERINDEX= -42|Color=8388608|FontID=1|IsHidden=T|Location.X=435|Location.Y=520|Name=PinUniqueId|OwnerIndex=93|OwnerPartId=-1|Text=BPTXHXEA|UniqueID=RKPKZZWH|
RECORD= 2|LINENO=  96|OWNERPARTID= -42|OWNERINDEX= -42|%UTF8%SwapIDPart=Â¦&Â¦VDD|Designator=2|Designator_CustomPosition_Margin=2|Electrical=4|FormalType=1|Location.X=435|Location.Y=430|Name=NC|Name_CustomPosition_Margin=2|OwnerIndex=92|OwnerPartId=1|PinConglomerate=58|PinDesignator_PositionConglomerate=1|PinLength=10|PinName_PositionConglomerate=1|SwapIDPart=Ž&ŽVDD|
RECORD=41|LINENO=  97|OWNERPARTID= -42|OWNERINDEX= -42|Color=8388608|FontID=1|IsHidden=T|Location.X=435|Location.Y=430|Name=PinUniqueId|OwnerIndex=95|OwnerPartId=-1|Text=NVHFVBFC|UniqueID=HCHUEXID|
RECORD= 2|LINENO=  98|OWNERPARTID= -42|OWNERINDEX= -42|%UTF8%SwapIDPart=Â¦&Â¦VDD|Designator=3|Designator_CustomPosition_Margin=2|Electrical=4|FormalType=1|Location.X=435|Location.Y=420|Name=NC|Name_CustomPosition_Margin=2|OwnerIndex=92|OwnerPartId=1|PinConglomerate=58|PinDesignator_PositionConglomerate=1|PinLength=10|PinName_PositionConglomerate=1|SwapIDPart=Ž&ŽVDD|
RECORD=41|LINENO=  99|OWNERPARTID= -42|OWNERINDEX= -42|Color=8388608|FontID=1|IsHidden=T|Location.X=435|Location.Y=420|Name=PinUniqueId|OwnerIndex=97|OwnerPartId=-1|Text=WXCJDWVT|UniqueID=SOUBPCSE|
RECORD= 2|LINENO= 100|OWNERPARTID= -42|OWNERINDEX= -42|%UTF8%SwapIDPart=Â¦&Â¦VDD|Designator=4|Designator_CustomPosition_Margin=2|Electrical=4|FormalType=1|Location.X=495|Location.Y=520|Name=SCL|Name_CustomPosition_Margin=2|OwnerIndex=92|OwnerPartId=1|PinConglomerate=56|PinDesignator_PositionConglomerate=1|PinLength=10|PinName_PositionConglomerate=1|SwapIDPart=Ž&ŽVDD|
RECORD=41|LINENO= 101|OWNERPARTID= -42|OWNERINDEX= -42|Color=8388608|FontID=1|IsHidden=T|Location.X=495|Location.Y=520|Name=PinUniqueId|OwnerIndex=99|OwnerPartId=-1|Text=VHTRULBV|UniqueID=CSGMNWHR|
RECORD= 2|LINENO= 102|OWNERPARTID= -42|OWNERINDEX= -42|%UTF8%SwapIDPart=Â¦&Â¦VDD|Designator=5|Designator_CustomPosition_Margin=2|Electrical=4|FormalType=1|Location.X=495|Location.Y=430|Name=GND|Name_CustomPosition_Margin=2|OwnerIndex=92|OwnerPartId=1|PinConglomerate=56|PinDesignator_PositionConglomerate=1|PinLength=10|PinName_PositionConglomerate=1|SwapIDPart=Ž&ŽVDD|
RECORD=41|LINENO= 103|OWNERPARTID= -42|OWNERINDEX= -42|Color=8388608|FontID=1|IsHidden=T|Location.X=495|Location.Y=430|Name=PinUniqueId|OwnerIndex=101|OwnerPartId=-1|Text=RQLAHVCS|UniqueID=WZYVETSC|
RECORD= 2|LINENO= 104|OWNERPARTID= -42|OWNERINDEX= -42|%UTF8%SwapIDPart=Â¦&Â¦VDD|Designator=6|Designator_CustomPosition_Margin=2|Electrical=4|FormalType=1|Location.X=495|Location.Y=510|Name=SDA|Name_CustomPosition_Margin=2|OwnerIndex=92|OwnerPartId=1|PinConglomerate=56|PinDesignator_PositionConglomerate=1|PinLength=10|PinName_PositionConglomerate=1|SwapIDPart=Ž&ŽVDD|
RECORD=41|LINENO= 105|OWNERPARTID= -42|OWNERINDEX= -42|Color=8388608|FontID=1|IsHidden=T|Location.X=495|Location.Y=510|Name=PinUniqueId|OwnerIndex=103|OwnerPartId=-1|Text=AMVQAWKY|UniqueID=FTSFISBL|
RECORD= 2|LINENO= 106|OWNERPARTID= -42|OWNERINDEX= -42|%UTF8%SwapIDPart=Â¦&Â¦VDD|Designator=7|Designator_CustomPosition_Margin=2|Electrical=4|FormalType=1|Location.X=495|Location.Y=460|Name=SA0|Name_CustomPosition_Margin=2|OwnerIndex=92|OwnerPartId=1|PinConglomerate=56|PinDesignator_PositionConglomerate=1|PinLength=10|PinName_PositionConglomerate=1|SwapIDPart=Ž&ŽVDD|
RECORD=41|LINENO= 107|OWNERPARTID= -42|OWNERINDEX= -42|Color=8388608|FontID=1|IsHidden=T|Location.X=495|Location.Y=460|Name=PinUniqueId|OwnerIndex=105|OwnerPartId=-1|Text=XUCQGEIE|UniqueID=ETGTRAFO|
RECORD= 2|LINENO= 108|OWNERPARTID= -42|OWNERINDEX= -42|%UTF8%SwapIDPart=Â¦&Â¦VDD|Designator=8|Designator_CustomPosition_Margin=2|Electrical=4|FormalType=1|Location.X=435|Location.Y=490|Name=CS|Name_CustomPosition_Margin=2|OwnerIndex=92|OwnerPartId=1|PinConglomerate=58|PinDesignator_PositionConglomerate=1|PinLength=10|PinName_PositionConglomerate=1|SwapIDPart=Ž&ŽVDD|
RECORD=41|LINENO= 109|OWNERPARTID= -42|OWNERINDEX= -42|Color=8388608|FontID=1|IsHidden=T|Location.X=435|Location.Y=490|Name=PinUniqueId|OwnerIndex=107|OwnerPartId=-1|Text=UACADMFB|UniqueID=SLIGTJTL|
RECORD= 2|LINENO= 110|OWNERPARTID= -42|OWNERINDEX= -42|%UTF8%SwapIDPart=Â¦&Â¦VDD|Designator=9|Designator_CustomPosition_Margin=2|Electrical=4|FormalType=1|Location.X=495|Location.Y=490|Name=INT2|Name_CustomPosition_Margin=2|OwnerIndex=92|OwnerPartId=1|PinConglomerate=56|PinDesignator_PositionConglomerate=1|PinLength=10|PinName_PositionConglomerate=1|SwapIDPart=Ž&ŽVDD|
RECORD=41|LINENO= 111|OWNERPARTID= -42|OWNERINDEX= -42|Color=8388608|FontID=1|IsHidden=T|Location.X=495|Location.Y=490|Name=PinUniqueId|OwnerIndex=109|OwnerPartId=-1|Text=TMNEPFUB|UniqueID=VPXFYMYY|
RECORD= 2|LINENO= 112|OWNERPARTID= -42|OWNERINDEX= -42|%UTF8%SwapIDPart=Â¦&Â¦VDD|Designator=10|Designator_CustomPosition_Margin=2|Electrical=4|FormalType=1|Location.X=495|Location.Y=440|Name=RES|Name_CustomPosition_Margin=2|OwnerIndex=92|OwnerPartId=1|PinConglomerate=56|PinDesignator_PositionConglomerate=1|PinLength=10|PinName_PositionConglomerate=1|SwapIDPart=Ž&ŽVDD|
RECORD=41|LINENO= 113|OWNERPARTID= -42|OWNERINDEX= -42|Color=8388608|FontID=1|IsHidden=T|Location.X=495|Location.Y=440|Name=PinUniqueId|OwnerIndex=111|OwnerPartId=-1|Text=VKJQBETZ|UniqueID=WSWWJMWJ|
RECORD= 2|LINENO= 114|OWNERPARTID= -42|OWNERINDEX= -42|%UTF8%SwapIDPart=Â¦&Â¦VDD|Designator=11|Designator_CustomPosition_Margin=2|Electrical=4|FormalType=1|Location.X=495|Location.Y=480|Name=INT1|Name_CustomPosition_Margin=2|OwnerIndex=92|OwnerPartId=1|PinConglomerate=56|PinDesignator_PositionConglomerate=1|PinLength=10|PinName_PositionConglomerate=1|SwapIDPart=Ž&ŽVDD|
RECORD=41|LINENO= 115|OWNERPARTID= -42|OWNERINDEX= -42|Color=8388608|FontID=1|IsHidden=T|Location.X=495|Location.Y=480|Name=PinUniqueId|OwnerIndex=113|OwnerPartId=-1|Text=XVUAILPN|UniqueID=RUHUQNAW|
RECORD= 2|LINENO= 116|OWNERPARTID= -42|OWNERINDEX= -42|%UTF8%SwapIDPart=Â¦&Â¦VDD|Designator=12|Designator_CustomPosition_Margin=2|Electrical=4|FormalType=1|Location.X=495|Location.Y=420|Name=GND|Name_CustomPosition_Margin=2|OwnerIndex=92|OwnerPartId=1|PinConglomerate=56|PinDesignator_PositionConglomerate=1|PinLength=10|PinName_PositionConglomerate=1|SwapIDPart=Ž&ŽVDD|
RECORD=41|LINENO= 117|OWNERPARTID= -42|OWNERINDEX= -42|Color=8388608|FontID=1|IsHidden=T|Location.X=495|Location.Y=420|Name=PinUniqueId|OwnerIndex=115|OwnerPartId=-1|Text=HGGHTBPN|UniqueID=TJDTLLIV|
RECORD= 2|LINENO= 118|OWNERPARTID= -42|OWNERINDEX= -42|%UTF8%SwapIDPart=Â¦&Â¦VDD|Designator=13|Designator_CustomPosition_Margin=2|Electrical=4|FormalType=1|Location.X=435|Location.Y=470|Name=ADC3|Name_CustomPosition_Margin=2|OwnerIndex=92|OwnerPartId=1|PinConglomerate=58|PinDesignator_PositionConglomerate=1|PinLength=10|PinName_PositionConglomerate=1|SwapIDPart=Ž&ŽVDD|
RECORD=41|LINENO= 119|OWNERPARTID= -42|OWNERINDEX= -42|Color=8388608|FontID=1|IsHidden=T|Location.X=435|Location.Y=470|Name=PinUniqueId|OwnerIndex=117|OwnerPartId=-1|Text=HTWOIFIR|UniqueID=ZHKSUWMS|
RECORD= 2|LINENO= 120|OWNERPARTID= -42|OWNERINDEX= -42|%UTF8%SwapIDPart=Â¦&Â¦VDD|Designator=14|Designator_CustomPosition_Margin=2|Electrical=4|FormalType=1|Location.X=435|Location.Y=510|Name=VDD|Name_CustomPosition_Margin=2|OwnerIndex=92|OwnerPartId=1|PinConglomerate=58|PinDesignator_PositionConglomerate=1|PinLength=10|PinName_PositionConglomerate=1|SwapIDPart=Ž&ŽVDD|
RECORD=41|LINENO= 121|OWNERPARTID= -42|OWNERINDEX= -42|Color=8388608|FontID=1|IsHidden=T|Location.X=435|Location.Y=510|Name=PinUniqueId|OwnerIndex=119|OwnerPartId=-1|Text=ZBUWVRCQ|UniqueID=UHXYDJEF|
RECORD= 2|LINENO= 122|OWNERPARTID= -42|OWNERINDEX= -42|%UTF8%SwapIDPart=Â¦&Â¦VDD|Designator=15|Designator_CustomPosition_Margin=2|Electrical=4|FormalType=1|Location.X=435|Location.Y=460|Name=ADC2|Name_CustomPosition_Margin=2|OwnerIndex=92|OwnerPartId=1|PinConglomerate=58|PinDesignator_PositionConglomerate=1|PinLength=10|PinName_PositionConglomerate=1|SwapIDPart=Ž&ŽVDD|
RECORD=41|LINENO= 123|OWNERPARTID= -42|OWNERINDEX= -42|Color=8388608|FontID=1|IsHidden=T|Location.X=435|Location.Y=460|Name=PinUniqueId|OwnerIndex=121|OwnerPartId=-1|Text=HCDHSESI|UniqueID=OZPYBZVI|
RECORD= 2|LINENO= 124|OWNERPARTID= -42|OWNERINDEX= -42|%UTF8%SwapIDPart=Â¦&Â¦VDD|Designator=16|Designator_CustomPosition_Margin=2|Electrical=4|FormalType=1|Location.X=435|Location.Y=450|Name=ADC1|Name_CustomPosition_Margin=2|OwnerIndex=92|OwnerPartId=1|PinConglomerate=58|PinDesignator_PositionConglomerate=1|PinLength=10|PinName_PositionConglomerate=1|SwapIDPart=Ž&ŽVDD|
RECORD=41|LINENO= 125|OWNERPARTID= -42|OWNERINDEX= -42|Color=8388608|FontID=1|IsHidden=T|Location.X=435|Location.Y=450|Name=PinUniqueId|OwnerIndex=123|OwnerPartId=-1|Text=WAXIZNHT|UniqueID=PBLPIFNK|
RECORD=14|LINENO= 126|OWNERPARTID= -42|OWNERINDEX= -42|AreaColor=11599871|Color=128|Corner.X=495|Corner.Y=530|IndexInSheet=16|IsNotAccesible=T|IsSolid=T|Location.X=435|Location.Y=410|OwnerIndex=92|OwnerPartId=1|Transparent=T|
RECORD=34|LINENO= 127|OWNERPARTID= -42|OWNERINDEX= -42|Color=8388608|FontID=1|IndexInSheet=-1|Location.X=435|Location.Y=530|Name=Designator|OwnerIndex=92|OwnerPartId=-1|ReadOnlyState=1|Text=U2|UniqueID=NCBHQTSP|
RECORD=41|LINENO= 128|OWNERPARTID= -42|OWNERINDEX= -42|Color=8388608|FontID=1|IndexInSheet=-1|Location.X=435|Location.Y=400|Name=Comment|OwnerIndex=92|OwnerPartId=-1|Text=LIS3DH|UniqueID=EQAQYHUC|
RECORD=44|LINENO= 129|OWNERPARTID= -42|OWNERINDEX= -42|OwnerIndex=92|
RECORD=45|LINENO= 130|OWNERPARTID= -42|OWNERINDEX= -42|%UTF8%Description=LIS3DH Accelerometer X, Y, Z Axis Â±2g, 4g, 8g, 16g 0.5Hz ~ 625Hz 16-LGA (3x3)|DatabaseDatalinksLocked=T|DatabaseModel=T|DatafileCount=1|DatalinksLocked=T|Description=LIS3DH Accelerometer X, Y, Z Axis ±2g, 4g, 8g, 16g 0.5Hz ~ 625Hz 16-LGA (3x3)|IndexInSheet=-1|IntegratedModel=T|IsCurrent=T|ModelDatafileEntity0=LIS3DH|ModelDatafileKind0=PCBLib|ModelName=LIS3DH|ModelType=PCBLIB|OwnerIndex=128|UniqueID=UVJHHFRR|UseComponentLibrary=T|
RECORD=46|LINENO= 131|OWNERPARTID= -42|OWNERINDEX= -42|OwnerIndex=129|
RECORD=48|LINENO= 132|OWNERPARTID= -42|OWNERINDEX= -42|OwnerIndex=129|
RECORD=27|LINENO= 133|OWNERPARTID= -42|OWNERINDEX= -42|Color=8388608|IndexInSheet=58|LineWidth=1|LocationCount=6|OwnerPartId=-1|UniqueID=WLQRRHZF|X1=505|X2=515|X3=515|X4=515|X5=515|X6=505|Y1=460|Y2=460|Y3=440|Y4=430|Y5=420|Y6=420|
RECORD=27|LINENO= 134|OWNERPARTID= -42|OWNERINDEX= -42|Color=8388608|IndexInSheet=59|LineWidth=1|LocationCount=2|OwnerPartId=-1|UniqueID=VMBIUGCT|X1=505|X2=515|Y1=430|Y2=430|
RECORD=27|LINENO= 135|OWNERPARTID= -42|OWNERINDEX= -42|Color=8388608|IndexInSheet=60|LineWidth=1|LocationCount=2|OwnerPartId=-1|UniqueID=ZYADRBAB|X1=505|X2=515|Y1=440|Y2=440|
RECORD=17|LINENO= 136|OWNERPARTID= -42|OWNERINDEX= -42|Color=128|FontID=1|IndexInSheet=61|Location.X=515|Location.Y=420|Orientation=3|OwnerPartId=-1|ShowNetName=T|Style=4|Text=GND|UniqueID=WRIALXGY|
RECORD=22|LINENO= 137|OWNERPARTID= -42|OWNERINDEX= -42|Color=255|IndexInSheet=62|IsActive=T|Location.X=425|Location.Y=470|Orientation=1|OwnerPartId=-1|SuppressAll=T|Symbol=Thin Cross|UniqueID=VVGRMCXU|
RECORD=22|LINENO= 138|OWNERPARTID= -42|OWNERINDEX= -42|Color=255|IndexInSheet=63|IsActive=T|Location.X=425|Location.Y=460|Orientation=1|OwnerPartId=-1|SuppressAll=T|Symbol=Thin Cross|UniqueID=KOKTSHZL|
RECORD=22|LINENO= 139|OWNERPARTID= -42|OWNERINDEX= -42|Color=255|IndexInSheet=64|IsActive=T|Location.X=425|Location.Y=450|Orientation=1|OwnerPartId=-1|SuppressAll=T|Symbol=Thin Cross|UniqueID=GMMDXBIB|
RECORD=22|LINENO= 140|OWNERPARTID= -42|OWNERINDEX= -42|Color=255|IndexInSheet=65|IsActive=T|Location.X=425|Location.Y=430|Orientation=1|OwnerPartId=-1|SuppressAll=T|Symbol=Thin Cross|UniqueID=RCUAUGDQ|
RECORD=22|LINENO= 141|OWNERPARTID= -42|OWNERINDEX= -42|Color=255|IndexInSheet=66|IsActive=T|Location.X=425|Location.Y=420|Orientation=1|OwnerPartId=-1|SuppressAll=T|Symbol=Thin Cross|UniqueID=SAWKDOCT|
RECORD= 1|LINENO= 142|OWNERPARTID= -42|OWNERINDEX= -42|AllPinCount=2|AreaColor=11599871|Color=128|ComponentDescription=0603 Capacitor|CurrentPartId=1|DesignItemId=Capacitor_0603|DisplayModeCount=1|IndexInSheet=67|LibReference=Capacitor_0603|LibraryPath=*|Location.X=395|Location.Y=510|Orientation=3|OwnerPartId=-1|PartCount=2|PartIDLocked=T|SourceLibraryName=smLib.IntLib|TargetFileName=*|UniqueID=KGLTPSLR|
RECORD= 2|LINENO= 143|OWNERPARTID= -42|OWNERINDEX= -42|Designator=1|Electrical=4|FormalType=1|Location.X=395|Location.Y=515|Name=1|OwnerIndex=141|OwnerPartId=1|PinConglomerate=33|PinLength=5|
RECORD=41|LINENO= 144|OWNERPARTID= -42|OWNERINDEX= -42|Color=8388608|FontID=1|IsHidden=T|Location.X=395|Location.Y=515|Name=PinUniqueId|OwnerIndex=142|OwnerPartId=-1|Text=RSZIHGNZ|UniqueID=KAXCCDOU|
RECORD= 2|LINENO= 145|OWNERPARTID= -42|OWNERINDEX= -42|Designator=2|Electrical=4|FormalType=1|Location.X=395|Location.Y=505|Name=2|OwnerIndex=141|OwnerPartId=1|PinConglomerate=35|PinLength=5|
RECORD=41|LINENO= 146|OWNERPARTID= -42|OWNERINDEX= -42|Color=8388608|FontID=1|IsHidden=T|Location.X=395|Location.Y=505|Name=PinUniqueId|OwnerIndex=144|OwnerPartId=-1|Text=BCZPQBWV|UniqueID=IPZIPBSJ|
RECORD=13|LINENO= 147|OWNERPARTID= -42|OWNERINDEX= -42|Corner.X=390|Corner.Y=508|IndexInSheet=2|IsNotAccesible=T|LineWidth=1|Location.X=400|Location.Y=508|OwnerIndex=141|OwnerPartId=1|
RECORD=13|LINENO= 148|OWNERPARTID= -42|OWNERINDEX= -42|Corner.X=400|Corner.Y=512|IndexInSheet=3|IsNotAccesible=T|LineWidth=1|Location.X=390|Location.Y=512|OwnerIndex=141|OwnerPartId=1|
RECORD= 6|LINENO= 149|OWNERPARTID= -42|OWNERINDEX= -42|IndexInSheet=4|IsNotAccesible=T|LineWidth=1|LocationCount=2|OwnerIndex=141|OwnerPartId=1|X1=395|X2=395|Y1=515|Y2=512|
RECORD= 6|LINENO= 150|OWNERPARTID= -42|OWNERINDEX= -42|IndexInSheet=5|IsNotAccesible=T|LineWidth=1|LocationCount=2|OwnerIndex=141|OwnerPartId=1|X1=395|X2=395|Y1=505|Y2=508|
RECORD=34|LINENO= 151|OWNERPARTID= -42|OWNERINDEX= -42|Color=8388608|FontID=1|IndexInSheet=-1|Location.X=400|Location.Y=510|Name=Designator|OwnerIndex=141|OwnerPartId=-1|ReadOnlyState=1|Text=C2|UniqueID=FJLMTDNJ|
RECORD=41|LINENO= 152|OWNERPARTID= -42|OWNERINDEX= -42|Color=8388608|FontID=1|IndexInSheet=-1|Location.X=400|Location.Y=500|Name=Comment|OwnerIndex=141|OwnerPartId=-1|Text=10uF|UniqueID=JPTLXUJD|
RECORD=44|LINENO= 153|OWNERPARTID= -42|OWNERINDEX= -42|OwnerIndex=141|
RECORD=45|LINENO= 154|OWNERPARTID= -42|OWNERINDEX= -42|DatabaseDatalinksLocked=T|DatabaseModel=T|DatafileCount=1|DatalinksLocked=T|Description=High density 0603 passive|IndexInSheet=-1|IntegratedModel=T|IsCurrent=T|ModelDatafileEntity0=CAP_0603_HIGH|ModelDatafileKind0=PCBLib|ModelName=CAP_0603_HIGH|ModelType=PCBLIB|OwnerIndex=152|UniqueID=ZEUQHNAT|UseComponentLibrary=T|
RECORD=46|LINENO= 155|OWNERPARTID= -42|OWNERINDEX= -42|OwnerIndex=153|
RECORD=48|LINENO= 156|OWNERPARTID= -42|OWNERINDEX= -42|OwnerIndex=153|
RECORD=45|LINENO= 157|OWNERPARTID= -42|OWNERINDEX= -42|DatabaseDatalinksLocked=T|DatabaseModel=T|DatafileCount=1|DatalinksLocked=T|Description=Low density 0603 passive|IndexInSheet=-1|IntegratedModel=T|ModelDatafileEntity0=CAP_0603_LOW|ModelDatafileKind0=PCBLib|ModelName=CAP_0603_LOW|ModelType=PCBLIB|OwnerIndex=152|UniqueID=OTLWXIMV|UseComponentLibrary=T|
RECORD=46|LINENO= 158|OWNERPARTID= -42|OWNERINDEX= -42|OwnerIndex=156|
RECORD=48|LINENO= 159|OWNERPARTID= -42|OWNERINDEX= -42|OwnerIndex=156|
RECORD=45|LINENO= 160|OWNERPARTID= -42|OWNERINDEX= -42|DatabaseDatalinksLocked=T|DatabaseModel=T|DatafileCount=1|DatalinksLocked=T|Description=Medium density 0603 passive|IndexInSheet=-1|IntegratedModel=T|ModelDatafileEntity0=CAP_0603_MEDIUM|ModelDatafileKind0=PCBLib|ModelName=CAP_0603_MEDIUM|ModelType=PCBLIB|OwnerIndex=152|UniqueID=IQSVSBVB|UseComponentLibrary=T|
RECORD=46|LINENO= 161|OWNERPARTID= -42|OWNERINDEX= -42|OwnerIndex=159|
RECORD=48|LINENO= 162|OWNERPARTID= -42|OWNERINDEX= -42|OwnerIndex=159|
RECORD= 1|LINENO= 163|OWNERPARTID= -42|OWNERINDEX= -42|AllPinCount=2|AreaColor=11599871|Color=128|ComponentDescription=0603 Capacitor|CurrentPartId=1|DesignItemId=Capacitor_0603|DisplayModeCount=1|IndexInSheet=68|LibReference=Capacitor_0603|LibraryPath=*|Location.X=375|Location.Y=510|Orientation=3|OwnerPartId=-1|PartCount=2|PartIDLocked=T|SourceLibraryName=smLib.IntLib|TargetFileName=*|UniqueID=KSWOQNOU|
RECORD= 2|LINENO= 164|OWNERPARTID= -42|OWNERINDEX= -42|Designator=1|Electrical=4|FormalType=1|Location.X=375|Location.Y=515|Name=1|OwnerIndex=162|OwnerPartId=1|PinConglomerate=33|PinLength=5|
RECORD=41|LINENO= 165|OWNERPARTID= -42|OWNERINDEX= -42|Color=8388608|FontID=1|IsHidden=T|Location.X=375|Location.Y=515|Name=PinUniqueId|OwnerIndex=163|OwnerPartId=-1|Text=UXZWZSLI|UniqueID=EYELWJUZ|
RECORD= 2|LINENO= 166|OWNERPARTID= -42|OWNERINDEX= -42|Designator=2|Electrical=4|FormalType=1|Location.X=375|Location.Y=505|Name=2|OwnerIndex=162|OwnerPartId=1|PinConglomerate=35|PinLength=5|
RECORD=41|LINENO= 167|OWNERPARTID= -42|OWNERINDEX= -42|Color=8388608|FontID=1|IsHidden=T|Location.X=375|Location.Y=505|Name=PinUniqueId|OwnerIndex=165|OwnerPartId=-1|Text=UUKCTHIH|UniqueID=MCDTKXJP|
RECORD=13|LINENO= 168|OWNERPARTID= -42|OWNERINDEX= -42|Corner.X=370|Corner.Y=508|IndexInSheet=2|IsNotAccesible=T|LineWidth=1|Location.X=380|Location.Y=508|OwnerIndex=162|OwnerPartId=1|
RECORD=13|LINENO= 169|OWNERPARTID= -42|OWNERINDEX= -42|Corner.X=380|Corner.Y=512|IndexInSheet=3|IsNotAccesible=T|LineWidth=1|Location.X=370|Location.Y=512|OwnerIndex=162|OwnerPartId=1|
RECORD= 6|LINENO= 170|OWNERPARTID= -42|OWNERINDEX= -42|IndexInSheet=4|IsNotAccesible=T|LineWidth=1|LocationCount=2|OwnerIndex=162|OwnerPartId=1|X1=375|X2=375|Y1=515|Y2=512|
RECORD= 6|LINENO= 171|OWNERPARTID= -42|OWNERINDEX= -42|IndexInSheet=5|IsNotAccesible=T|LineWidth=1|LocationCount=2|OwnerIndex=162|OwnerPartId=1|X1=375|X2=375|Y1=505|Y2=508|
RECORD=34|LINENO= 172|OWNERPARTID= -42|OWNERINDEX= -42|Color=8388608|FontID=1|IndexInSheet=-1|Location.X=355|Location.Y=510|Name=Designator|OwnerIndex=162|OwnerPartId=-1|ReadOnlyState=1|Text=C1|UniqueID=ALODKNKC|
RECORD=41|LINENO= 173|OWNERPARTID= -42|OWNERINDEX= -42|Color=8388608|FontID=1|IndexInSheet=-1|Location.X=345|Location.Y=500|Name=Comment|OwnerIndex=162|OwnerPartId=-1|Text=100nF|UniqueID=JOVDJDDT|
RECORD=44|LINENO= 174|OWNERPARTID= -42|OWNERINDEX= -42|OwnerIndex=162|
RECORD=45|LINENO= 175|OWNERPARTID= -42|OWNERINDEX= -42|DatabaseDatalinksLocked=T|DatabaseModel=T|DatafileCount=1|DatalinksLocked=T|Description=High density 0603 passive|IndexInSheet=-1|IntegratedModel=T|IsCurrent=T|ModelDatafileEntity0=CAP_0603_HIGH|ModelDatafileKind0=PCBLib|ModelName=CAP_0603_HIGH|ModelType=PCBLIB|OwnerIndex=173|UniqueID=SNDKQALX|UseComponentLibrary=T|
RECORD=46|LINENO= 176|OWNERPARTID= -42|OWNERINDEX= -42|OwnerIndex=174|
RECORD=48|LINENO= 177|OWNERPARTID= -42|OWNERINDEX= -42|OwnerIndex=174|
RECORD=45|LINENO= 178|OWNERPARTID= -42|OWNERINDEX= -42|DatabaseDatalinksLocked=T|DatabaseModel=T|DatafileCount=1|DatalinksLocked=T|Description=Low density 0603 passive|IndexInSheet=-1|IntegratedModel=T|ModelDatafileEntity0=CAP_0603_LOW|ModelDatafileKind0=PCBLib|ModelName=CAP_0603_LOW|ModelType=PCBLIB|OwnerIndex=173|UniqueID=GJDHONNR|UseComponentLibrary=T|
RECORD=46|LINENO= 179|OWNERPARTID= -42|OWNERINDEX= -42|OwnerIndex=177|
RECORD=48|LINENO= 180|OWNERPARTID= -42|OWNERINDEX= -42|OwnerIndex=177|
RECORD=45|LINENO= 181|OWNERPARTID= -42|OWNERINDEX= -42|DatabaseDatalinksLocked=T|DatabaseModel=T|DatafileCount=1|DatalinksLocked=T|Description=Medium density 0603 passive|IndexInSheet=-1|IntegratedModel=T|ModelDatafileEntity0=CAP_0603_MEDIUM|ModelDatafileKind0=PCBLib|ModelName=CAP_0603_MEDIUM|ModelType=PCBLIB|OwnerIndex=173|UniqueID=WTBAPZYI|UseComponentLibrary=T|
RECORD=46|LINENO= 182|OWNERPARTID= -42|OWNERINDEX= -42|OwnerIndex=180|
RECORD=48|LINENO= 183|OWNERPARTID= -42|OWNERINDEX= -42|OwnerIndex=180|
RECORD=17|LINENO= 184|OWNERPARTID= -42|OWNERINDEX= -42|Color=128|FontID=1|IndexInSheet=69|Location.X=375|Location.Y=520|Orientation=1|OwnerPartId=-1|ShowNetName=T|Style=2|Text=3V3|UniqueID=MGDXHWWK|
RECORD=17|LINENO= 185|OWNERPARTID= -42|OWNERINDEX= -42|Color=128|FontID=1|IndexInSheet=70|Location.X=435|Location.Y=305|Orientation=1|OwnerPartId=-1|ShowNetName=T|Style=2|Text=3V3|UniqueID=JWOQWNXC|
RECORD=25|LINENO= 186|OWNERPARTID= -42|OWNERINDEX= -42|Color=128|FontID=1|IndexInSheet=71|Location.X=510|Location.Y=490|OwnerPartId=-1|Text=XL_INT_2|UniqueID=JLHNWCDO|
RECORD=18|LINENO= 187|OWNERPARTID= -42|OWNERINDEX= -42|AreaColor=8454143|Color=128|FontID=1|Height=10|IndexInSheet=72|Location.X=555|Location.Y=490|Name=XL_INT_2|OwnerPartId=-1|TextColor=128|UniqueID=SKRFKUNJ|Width=45|
RECORD=14|LINENO= 188|OWNERPARTID= -42|OWNERINDEX= -42|AreaColor=11599871|Corner.X=560|Corner.Y=330|IndexInSheet=73|LineWidth=3|Location.X=395|Location.Y=250|OwnerPartId=-1|
RECORD=14|LINENO= 189|OWNERPARTID= -42|OWNERINDEX= -42|AreaColor=11599871|Corner.X=560|Corner.Y=365|IndexInSheet=74|LineWidth=3|Location.X=395|Location.Y=330|OwnerPartId=-1|
RECORD= 4|LINENO= 190|OWNERPARTID= -42|OWNERINDEX= -42|FontID=3|IndexInSheet=75|Justification=1|Location.X=475|Location.Y=335|OwnerPartId=-1|Text=I2C PULLUPS|
RECORD=29|LINENO= 191|OWNERPARTID= -42|OWNERINDEX= -42|Color=128|IndexInSheet=-1|Location.X=375|Location.Y=500|OwnerPartId=-1|
RECORD=29|LINENO= 192|OWNERPARTID= -42|OWNERINDEX= -42|Color=128|IndexInSheet=-1|Location.X=375|Location.Y=520|OwnerPartId=-1|
RECORD=29|LINENO= 193|OWNERPARTID= -42|OWNERINDEX= -42|Color=128|IndexInSheet=-1|Location.X=395|Location.Y=520|OwnerPartId=-1|
RECORD=29|LINENO= 194|OWNERPARTID= -42|OWNERINDEX= -42|Color=128|IndexInSheet=-1|Location.X=425|Location.Y=510|OwnerPartId=-1|
RECORD=29|LINENO= 195|OWNERPARTID= -42|OWNERINDEX= -42|Color=128|IndexInSheet=-1|Location.X=425|Location.Y=520|OwnerPartId=-1|
RECORD=29|LINENO= 196|OWNERPARTID= -42|OWNERINDEX= -42|Color=128|IndexInSheet=-1|Location.X=435|Location.Y=305|OwnerPartId=-1|
RECORD=29|LINENO= 197|OWNERPARTID= -42|OWNERINDEX= -42|Color=128|IndexInSheet=-1|Location.X=515|Location.Y=420|OwnerPartId=-1|
RECORD=29|LINENO= 198|OWNERPARTID= -42|OWNERINDEX= -42|Color=128|IndexInSheet=-1|Location.X=515|Location.Y=430|OwnerPartId=-1|
RECORD=29|LINENO= 199|OWNERPARTID= -42|OWNERINDEX= -42|Color=128|IndexInSheet=-1|Location.X=515|Location.Y=440|OwnerPartId=-1|
