SEGGER J-Link GDB Server V6.14h LogFile
Logging started @ 2019-09-19 21:28
03-00000000-00-00000000-0023: -----GDB Server start settings-----
03-00000000-00-00000000-0023: GDBInit file:                  none
03-00000000-00-00000000-0023: GDB Server Listening port:     2331
03-00000000-00-00000000-0023: SWO raw output listening port: 2332
03-00000000-00-00000000-0023: Terminal I/O port:             2333
03-00000000-00-00000000-002D: Accept remote connection:      localhost only
03-00000000-00-00000000-0021: Generate logfile:              on
03-00000000-00-00000000-0022: Verify download:               off
03-00000000-00-00000000-0022: Init regs on start:            off
03-00000000-00-00000000-0021: Silent mode:                   on
03-00000000-00-00000000-0021: Single run mode:               on
03-00000000-00-00000000-0023: Target connection timeout:     0 ms
03-00000000-00-00000000-0023: ------J-Link related settings------
03-00000000-00-00000000-0022: J-Link Host interface:         USB
03-00000000-00-00000000-0023: J-Link script:                 none
03-00000000-00-00000000-0023: J-Link settings file:          none
03-00000000-00-00000000-0023: ------Target related settings------
03-00000000-00-00000000-0028: Target device:                 Cortex-M0
03-00000000-00-00000000-0022: Target interface:              SWD
03-00000000-00-00000000-0026: Target interface speed:        4000kHz
03-00000000-00-00000000-0025: Target endian:                 little
03-00000000-00-00000002-0017: Connecting to J-Link...
02-00000000-00-00000019-003A: Firmware: J-Link EDU Mini V1 compiled Jul 10 2019 16:32:48
02-00000000-00-00000019-000F: Hardware: V1.00
02-00000000-00-00000019-000E: S/N: 801015021
02-00000000-00-00000027-005B: Feature(s): FlashBP, GDBWEBSRV Webserver running on local port 19080 (0025ms, 0026ms total)
02-00000000-00-00000027-0033: T2634 000:003   returns O.K. (0025ms, 0026ms total)
03-00000000-00-00000027-0014: J-Link is connected.
02-00000000-00-00000121-00B3: T2634 000:028 JLINK_ExecCommand("device = Cortex-M0", ...). C:\Program Files (x86)\SEGGER\JLink_V614h\JLinkDevices.xml evaluated successfully.  returns 0x00 (0094ms, 0120ms total)
02-00000000-00-00000121-006A: T2634 000:122 JLINK_ExecCommand("SetFlashRewriteBehavior = 1", ...).   returns 0x00 (0000ms, 0120ms total)
02-00000000-00-00000121-0041: T2634 000:122 JLINK_GetFirmwareString(...) (0000ms, 0120ms total)
03-00000000-00-00000121-003A: Firmware: J-Link EDU Mini V1 compiled Jul 10 2019 16:32:48
02-00000000-00-00000121-004F: T2634 000:122 JLINK_GetHardwareVersion()  returns 0x2710 (0000ms, 0120ms total)
03-00000000-00-00000121-000F: Hardware: V1.00
03-00000000-00-00000121-000E: S/N: 801015021
03-00000000-00-00000121-0018: Feature(s): FlashBP, GDB
02-00000000-00-00000122-0049: T2634 000:122 JLINK_GetHWStatus(...)  returns 0x00 (0001ms, 0121ms total)
02-00000000-00-00000122-003C: T2634 000:123 JLINK_EnableSoftBPs(ON) (0000ms, 0121ms total)
03-00000000-00-00000122-001A: Checking target voltage...
03-00000000-00-00000122-0016: Target voltage: 3.30 V
03-00000000-00-00000122-001D: Listening on TCP/IP port 2331
03-00000000-00-00000122-0017: Connecting to target...
02-00000000-00-00000122-0035: T2634 000:123 JLINK_ClrError() (0000ms, 0121ms total)
02-00000000-00-00000122-0049: T2634 000:123 JLINK_GetHWStatus(...)  returns 0x00 (0000ms, 0121ms total)
02-00000000-00-00000123-0055: T2634 000:123 JLINK_TIF_Select(JLINKARM_TIF_SWD)  returns 0x00 (0001ms, 0122ms total)
02-00000000-00-00000123-0039: T2634 000:124 JLINK_SetSpeed(4000) (0000ms, 0122ms total)
02-00000000-00-00000123-0044: T2634 000:124 JLINK_GetSpeed()  returns 0xFA0 (0000ms, 0122ms total)
02-00000000-00-00000123-0077: T2634 000:124 JLINK_SetResetType(JLINKARM_RESET_TYPE_NORMAL)  returns JLINKARM_RESET_TYPE_NORMAL (0000ms, 0122ms total)
02-00000000-00-00000123-003B: T2634 000:124 JLINK_SetResetDelay(0) (0000ms, 0122ms total)
02-00000000-00-00000123-0055: T2634 000:124 JLINK_SetEndian(ARM_ENDIAN_LITTLE)  returns 0x00 (0000ms, 0122ms total)
02-00000000-00-00000129-01FA: T2634 000:124 JLINK_Connect() >0x10B TIF>Found SW-DP with ID 0x0BB11477 >0x0D TIF> >0x28 TIF> >0x0D TIF> >0x28 TIF>No AP preselected. Assuming that AP[0] is the AHB-AP >0x0D TIF> >0x28 TIF> >0x0D TIF> >0x28 TIF> >0x0D TIF> >0x21 TIF> >0x0D TIF> >0x28 TIF> >0x0D TIF> >0x28 TIF> >0x0D TIF> >0x21 TIF> >0x0D TIF> >0x21 TIF> >0x0D TIF> >0x21 TIF>AP-IDR: 0x04770021, Type: AHB-APAHB-AP ROM: 0xE00FF000 (Base addr. of first ROM table) >0x0D TIF> >0x28 TIF> >0x0D TIF> >0x28 TIF> >0x0D TIF> >0x28 TIF> >0x0D TIF>
02-00000000-00-00000133-01DC:  >0x21 TIF> >0x0D TIF> >0x21 TIF> >0x0D TIF> >0x28 TIF> >0x0D TIF> >0x21 TIF> >0x0D TIF> >0x21 TIF>Found Cortex-M0 r0p0, Little endian. -- CPU_ReadMem(4 bytes @ 0xE000EDF0) -- CPU_ReadMem(4 bytes @ 0xE0002000) -- CPU_ReadMem(4 bytes @ 0xE000EDFC) -- CPU_ReadMem(4 bytes @ 0xE0001000) -- CPU_WriteMem(4 bytes @ 0xE0001000)CoreSight components:ROMTbl[0] @ E00FF000 -- CPU_ReadMem(16 bytes @ 0xE00FF000) -- CPU_ReadMem(16 bytes @ 0xE000EFF0) -- CPU_ReadMem(16 bytes @ 0xE000EFE0)
02-00000000-00-00000135-0165: ROMTbl[0][0]: E000E000, CID: B105E00D, PID: 000BB008 SCS -- CPU_ReadMem(16 bytes @ 0xE0001FF0) -- CPU_ReadMem(16 bytes @ 0xE0001FE0)ROMTbl[0][1]: E0001000, CID: B105E00D, PID: 000BB00A DWT -- CPU_ReadMem(16 bytes @ 0xE0002FF0) -- CPU_ReadMem(16 bytes @ 0xE0002FE0)ROMTbl[0][2]: E0002000, CID: B105E00D, PID: 000BB00B FPB  returns 0x00 (0012ms, 0134ms total)
02-00000000-00-00000135-00A2: T2634 000:136 JLINK_GetIdData(...) >0x0D TIF> >0x21 TIF> ScanLen=4 NumDevices=1 aId[0]=0x0BB11477 aIrRead[0]=0 aScanLen[0]=0 aScanRead[0]=0 (0000ms, 0134ms total)
02-00000000-00-00000135-0047: T2634 000:136 JLINK_GetDeviceFamily()  returns 6 (0000ms, 0134ms total)
02-00000000-00-00000135-004D: T2634 000:136 JLINK_CORE_GetFound()  returns 0x60000FF (0000ms, 0134ms total)
02-00000000-00-00000138-0043: T2634 000:136 JLINK_IsHalted()  returns TRUE (0003ms, 0137ms total)
02-00000000-00-00000138-0043: T2634 000:139 JLINK_IsHalted()  returns TRUE (0000ms, 0134ms total)
03-00000000-00-00000138-0013: Connected to target
03-00000000-00-00000138-001D: Waiting for GDB connection...
03-00000000-00-00000138-0016: Connected to 127.0.0.1
00-000004B4-00-00000139-0014: $qRcmd,636C726270#3D
01-000004B4-00-00000139-0001: +
01-000004B4-00-00000139-0006: $OK#9a
00-000004B4-00-00000139-0001: +
00-000004B4-00-00000139-0018: $qRcmd,72657365742030#FC
01-000004B4-00-00000139-0001: +
02-00000000-00-00000139-007F: T1850 000:140 JLINK_SetResetType(JLINKARM_CM3_RESET_TYPE_NORMAL)  returns JLINKARM_CM3_RESET_TYPE_NORMAL (0000ms, 0134ms total)
02-00000000-00-00000139-003E: T1850 000:140 JLINK_ResetPullsRESET(ON) (0000ms, 0134ms total)
02-00000000-00-00000205-01EB: T1850 000:140 JLINK_Reset() -- CPU_WriteMem(4 bytes @ 0xE000EDF0) -- CPU_WriteMem(4 bytes @ 0xE000EDFC) >0x35 TIF> -- CPU_WriteMem(4 bytes @ 0xE000ED0C) >0x0D TIF> >0x28 TIF> -- CPU_ReadMem(4 bytes @ 0xE000EDF0) -- CPU_ReadMem(4 bytes @ 0xE000EDF0) -- CPU_WriteMem(4 bytes @ 0xE000EDF0) -- CPU_WriteMem(4 bytes @ 0xE000EDFC) -- CPU is running -- CPU_ReadMem(4 bytes @ 0xE000EDF0) -- CPU_WriteMem(4 bytes @ 0xE0002000) -- CPU_ReadMem(4 bytes @ 0xE000EDFC) -- CPU_ReadMem(4 bytes @ 0xE0001000)
02-00000000-00-00000206-003D:  -- CPU_WriteMem(4 bytes @ 0xE0001000) (0067ms, 0201ms total)
01-000004B4-00-00000206-007C: $52657365747320636f72652026207065726970686572616c7320766961205359535245534554524551202620564543545245534554206269742e0D0A#1f
00-000004B4-00-00000206-0001: +
03-00000000-00-00000206-003A: Resets core & peripherals via SYSRESETREQ & VECTRESET bit.
00-000004B4-00-00000206-001A: $qRcmd,736C656570203130#6C
01-000004B4-00-00000206-0001: +
01-000004B4-00-00000217-001C: $536c6565702031306d730D0A#50
00-000004B4-00-00000217-0001: +
03-00000000-00-00000217-000A: Sleep 10ms
00-000004B4-00-00000217-0012: $qRcmd,68616C74#DC
01-000004B4-00-00000217-0001: +
03-00000000-00-00000217-0015: Halting target CPU...
02-00000000-00-00000217-003F: T1850 000:218 JLINK_Halt()  returns 0x00 (0000ms, 0201ms total)
02-00000000-00-00000217-0043: T1850 000:218 JLINK_IsHalted()  returns TRUE (0000ms, 0201ms total)
02-00000000-00-00000217-0050: T1850 000:218 JLINK_ReadReg(R15 (PC))  returns 0x0000022C (0000ms, 0201ms total)
03-00000000-00-00000217-0022: ...Target halted (PC = 0x0000022C)
01-000004B4-00-00000217-0006: $OK#9a
00-000004B4-00-00000217-0001: +
00-000004B4-00-00000217-0044: $qRcmd,6D656D55333220307837666430303030203D2030786465616462656566#14
01-000004B4-00-00000217-0001: +
02-00000000-00-00000218-007F: T1850 000:218 JLINK_WriteU32(0x07FD0000, 0xDEADBEEF) -- CPU_WriteMem(4 bytes @ 0x07FD0000)  returns 0x00 (0001ms, 0202ms total)
01-000004B4-00-00000218-0056: $57726974696e6720307844454144424545462040206164647265737320307830374644303030300D0A#e9
00-000004B4-00-00000218-0001: +
03-00000000-00-00000218-0027: Writing 0xDEADBEEF @ address 0x07FD0000
00-000004B4-00-00000218-0044: $qRcmd,6D656D55333220307837666430303034203D2030786465616462656566#18
01-000004B4-00-00000218-0001: +
02-00000000-00-00000218-007F: T1850 000:219 JLINK_WriteU32(0x07FD0004, 0xDEADBEEF) -- CPU_WriteMem(4 bytes @ 0x07FD0004)  returns 0x00 (0000ms, 0202ms total)
01-000004B4-00-00000218-0056: $57726974696e6720307844454144424545462040206164647265737320307830374644303030340D0A#ed
00-000004B4-00-00000218-0001: +
03-00000000-00-00000218-0027: Writing 0xDEADBEEF @ address 0x07FD0004
00-000004B4-00-00000218-0044: $qRcmd,6D656D55333220307837666430303038203D2030786465616462656566#1C
01-000004B4-00-00000218-0001: +
02-00000000-00-00000219-007F: T1850 000:219 JLINK_WriteU32(0x07FD0008, 0xDEADBEEF) -- CPU_WriteMem(4 bytes @ 0x07FD0008)  returns 0x00 (0001ms, 0203ms total)
01-000004B4-00-00000219-0056: $57726974696e6720307844454144424545462040206164647265737320307830374644303030380D0A#f1
00-000004B4-00-00000219-0001: +
03-00000000-00-00000219-0027: Writing 0xDEADBEEF @ address 0x07FD0008
00-000004B4-00-00000219-0044: $qRcmd,6D656D55333220307837666430303063203D2030786465616431306363#09
01-000004B4-00-00000219-0001: +
02-00000000-00-00000219-007F: T1850 000:220 JLINK_WriteU32(0x07FD000C, 0xDEAD10CC) -- CPU_WriteMem(4 bytes @ 0x07FD000C)  returns 0x00 (0000ms, 0203ms total)
01-000004B4-00-00000219-0056: $57726974696e6720307844454144313043432040206164647265737320307830374644303030430D0A#e0
00-000004B4-00-00000220-0001: +
03-00000000-00-00000220-0027: Writing 0xDEAD10CC @ address 0x07FD000C
00-000004B4-01-00000220-0014: 245834303063333035302c343a01000000234232
01-000004B4-00-00000220-0001: +
03-00000000-00-00000220-0028: Downloading 4 bytes @ address 0x400C3050
02-00000000-00-00000220-009A: T1850 000:221 JLINK_WriteMem(0x400C3050, 0x0004 Bytes, ...) - Data: 01 00 00 00 -- CPU_WriteMem(4 bytes @ 0x400C3050)  returns 0x04 (0000ms, 0203ms total)
01-000004B4-00-00000220-0006: $OK#9a
00-000004B4-00-00000220-0001: +
00-000004B4-00-00000220-001C: $qRcmd,736C65657020313030#CF
01-000004B4-00-00000220-0001: +
01-000004B4-00-00000322-001E: $536c656570203130306d730D0A#b3
00-000004B4-00-00000322-0001: +
03-00000000-00-00000322-000B: Sleep 100ms
00-000004B4-00-00001322-0018: $qRcmd,72657365742030#FC
01-000004B4-00-00001322-0001: +
02-00000000-00-00001322-007F: T1850 001:323 JLINK_SetResetType(JLINKARM_CM3_RESET_TYPE_NORMAL)  returns JLINKARM_CM3_RESET_TYPE_NORMAL (0000ms, 0203ms total)
02-00000000-00-00001322-003E: T1850 001:323 JLINK_ResetPullsRESET(ON) (0000ms, 0203ms total)
02-00000000-00-00001387-01EB: T1850 001:323 JLINK_Reset() -- CPU_WriteMem(4 bytes @ 0xE000EDF0) -- CPU_WriteMem(4 bytes @ 0xE000EDFC) >0x35 TIF> -- CPU_WriteMem(4 bytes @ 0xE000ED0C) >0x0D TIF> >0x28 TIF> -- CPU_ReadMem(4 bytes @ 0xE000EDF0) -- CPU_ReadMem(4 bytes @ 0xE000EDF0) -- CPU_WriteMem(4 bytes @ 0xE000EDF0) -- CPU_WriteMem(4 bytes @ 0xE000EDFC) -- CPU is running -- CPU_ReadMem(4 bytes @ 0xE000EDF0) -- CPU_WriteMem(4 bytes @ 0xE0002000) -- CPU_ReadMem(4 bytes @ 0xE000EDFC) -- CPU_ReadMem(4 bytes @ 0xE0001000)
02-00000000-00-00001387-003D:  -- CPU_WriteMem(4 bytes @ 0xE0001000) (0065ms, 0268ms total)
01-000004B4-00-00001387-007C: $52657365747320636f72652026207065726970686572616c7320766961205359535245534554524551202620564543545245534554206269742e0D0A#1f
00-000004B4-00-00001387-0001: +
03-00000000-00-00001387-003A: Resets core & peripherals via SYSRESETREQ & VECTRESET bit.
00-000004B4-00-00001387-0018: $qRcmd,736C6565702031#09
01-000004B4-00-00001387-0001: +
01-000004B4-00-00001389-001A: $536c65657020316d730D0A#ed
00-000004B4-00-00001389-0001: +
03-00000000-00-00001389-0009: Sleep 1ms
00-000004B4-00-00001389-0012: $qRcmd,68616C74#DC
01-000004B4-00-00001389-0001: +
03-00000000-00-00001389-0015: Halting target CPU...
02-00000000-00-00001389-003F: T1850 001:390 JLINK_Halt()  returns 0x00 (0000ms, 0268ms total)
02-00000000-00-00001389-0043: T1850 001:390 JLINK_IsHalted()  returns TRUE (0000ms, 0268ms total)
02-00000000-00-00001389-0050: T1850 001:390 JLINK_ReadReg(R15 (PC))  returns 0x07F01DFC (0000ms, 0268ms total)
03-00000000-00-00001389-0022: ...Target halted (PC = 0x07F01DFC)
01-000004B4-00-00001389-0006: $OK#9a
00-000004B4-00-00001389-0001: +
00-000004B4-01-00001389-0012: 245835303030303031322c323aab00233233
01-000004B4-00-00001389-0001: +
03-00000000-00-00001389-0028: Downloading 2 bytes @ address 0x50000012
02-00000000-00-00001389-0094: T1850 001:390 JLINK_WriteMem(0x50000012, 0x0002 Bytes, ...) - Data: AB 00 -- CPU_WriteMem(2 bytes @ 0x50000012)  returns 0x02 (0000ms, 0268ms total)
01-000004B4-00-00001389-0006: $OK#9a
00-000004B4-00-00001389-0001: +
00-000004B4-00-00001428-0088: $qRcmd,6C6F616462696E20433A5C55736572735C4E69747769745C417070446174615C4C6F63616C5C54656D705C333544322E746D702C2030783030303030303030#D9
01-000004B4-00-00001428-0001: +
03-00000000-00-00001428-0045: Loading binary file [C:\Users\Nitwit\AppData\Local\Temp\35D2.tmp] ...
03-00000000-00-00001428-002C: Downloading 24388 bytes @ address 0x00000000
02-00000000-00-00001566-00C8: T1850 001:429 JLINK_WriteMem(0x00000000, 0x5F44 Bytes, ...) - Data: 00 94 00 00 2D 02 00 00 2D 05 00 00 2D 05 00 00 ... -- CPU_WriteMem(24388 bytes @ 0x00000000)  returns 0x5F44 (0138ms, 0406ms total)
01-000004B4-00-00001566-0078: $42696e6172792066696c65206c6f61646564207375636365737366756c6c792028323433383820627974657320646f776e6c6f61646564290D0A#db
00-000004B4-00-00001566-0001: +
03-00000000-00-00001566-0038: Binary file loaded successfully (24388 bytes downloaded)
00-000004B4-00-00001566-0018: $qRcmd,72657365742030#FC
01-000004B4-00-00001566-0001: +
02-00000000-00-00001566-007F: T1850 001:567 JLINK_SetResetType(JLINKARM_CM3_RESET_TYPE_NORMAL)  returns JLINKARM_CM3_RESET_TYPE_NORMAL (0000ms, 0406ms total)
02-00000000-00-00001566-003E: T1850 001:567 JLINK_ResetPullsRESET(ON) (0000ms, 0406ms total)
02-00000000-00-00001632-01EC: T1850 001:567 JLINK_Reset() -- CPU_ReadMem(4 bytes @ 0x00000000) -- CPU_WriteMem(4 bytes @ 0x00000000) -- CPU_WriteMem(4 bytes @ 0xE000EDF0) -- CPU_WriteMem(4 bytes @ 0xE000EDFC) >0x35 TIF> -- CPU_WriteMem(4 bytes @ 0xE000ED0C) >0x0D TIF> >0x28 TIF> -- CPU_ReadMem(4 bytes @ 0xE000EDF0) -- CPU_ReadMem(4 bytes @ 0xE000EDF0) -- CPU_WriteMem(4 bytes @ 0xE000EDF0) -- CPU_WriteMem(4 bytes @ 0xE000EDFC) -- CPU is running -- CPU_ReadMem(4 bytes @ 0xE000EDF0) -- CPU_WriteMem(4 bytes @ 0xE0002000)
02-00000000-00-00001634-0087:  -- CPU_ReadMem(4 bytes @ 0xE000EDFC) -- CPU_ReadMem(4 bytes @ 0xE0001000) -- CPU_WriteMem(4 bytes @ 0xE0001000) (0068ms, 0474ms total)
01-000004B4-00-00001634-007C: $52657365747320636f72652026207065726970686572616c7320766961205359535245534554524551202620564543545245534554206269742e0D0A#1f
00-000004B4-00-00001634-0001: +
03-00000000-00-00001634-003A: Resets core & peripherals via SYSRESETREQ & VECTRESET bit.
00-000004B4-00-00001634-0012: $qRcmd,68616C74#DC
01-000004B4-00-00001634-0001: +
03-00000000-00-00001634-0015: Halting target CPU...
02-00000000-00-00001634-003F: T1850 001:635 JLINK_Halt()  returns 0x00 (0000ms, 0474ms total)
02-00000000-00-00001634-0043: T1850 001:635 JLINK_IsHalted()  returns TRUE (0000ms, 0474ms total)
02-00000000-00-00001634-0050: T1850 001:635 JLINK_ReadReg(R15 (PC))  returns 0x0000022C (0000ms, 0474ms total)
03-00000000-00-00001634-0022: ...Target halted (PC = 0x0000022C)
01-000004B4-00-00001634-0006: $OK#9a
00-000004B4-00-00001634-0001: +
00-000004B4-01-00001634-000C: 24583231382c313a01233842
01-000004B4-00-00001634-0001: +
03-00000000-00-00001634-0028: Downloading 1 bytes @ address 0x00000218
02-00000000-00-00001634-0091: T1850 001:635 JLINK_WriteMem(0x00000218, 0x0001 Bytes, ...) - Data: 01 -- CPU_WriteMem(1 bytes @ 0x00000218)  returns 0x01 (0000ms, 0474ms total)
01-000004B4-00-00001634-0006: $OK#9a
00-000004B4-00-00001635-0001: +
00-000004B4-00-00001635-0005: $s#73
01-000004B4-00-00001635-0001: +
03-00000000-00-00001635-0019: Performing single step...
02-00000000-00-00001640-0131: T1850 001:636 JLINK_Step() -- CPU_ReadMem(2 bytes @ 0x0000022C) -- CPU_ReadMem(4 bytes @ 0xE000ED18) -- CPU_WriteMem(4 bytes @ 0xE000ED18) -- CPU_ReadMem(4 bytes @ 0xE000ED18) -- CPU_WriteMem(4 bytes @ 0xE000ED18) -- Not simulated -- CPU_WriteMem(4 bytes @ 0xE0001004)  returns 0x00 (0005ms, 0479ms total)
02-00000000-00-00001640-0043: T1850 001:641 JLINK_IsHalted()  returns TRUE (0000ms, 0479ms total)
02-00000000-00-00001640-0050: T1850 001:641 JLINK_ReadReg(R15 (PC))  returns 0x0000022E (0000ms, 0479ms total)
02-00000000-00-00001640-006A: T1850 001:641 JLINK_GetMOEs(...) -- CPU_ReadMem(4 bytes @ 0xE000ED30)  returns 0x01 (0000ms, 0479ms total)
03-00000000-00-00001640-0030: ...Target halted (Vector catch, PC = 0x0000022E)
01-000004B4-00-00001640-0017: $T05thread:0000dead;#f4
00-000004B4-00-00001640-0001: +
00-000004B4-00-00001640-0005: $c#63
01-000004B4-00-00001640-0001: +
03-00000000-00-00001640-0016: Starting target CPU...
02-00000000-00-00001640-0043: T1850 001:641 JLINK_IsHalted()  returns TRUE (0000ms, 0479ms total)
02-00000000-00-00001642-00C1: T1850 001:641 JLINK_GoEx(MaxEmulInsts = -1, Flags = 0x00) -- CPU_ReadMem(4 bytes @ 0xE0001000) -- CPU_WriteMem(4 bytes @ 0xE000ED30) -- CPU_WriteMem(4 bytes @ 0xE0001000) (0002ms, 0481ms total)
02-00000000-00-00001642-0044: T1850 001:643 JLINK_IsHalted()  returns FALSE (0000ms, 0481ms total)
02-00000000-00-00001663-0044: T1850 001:664 JLINK_IsHalted()  returns FALSE (0000ms, 0481ms total)
02-00000000-00-00001684-0044: T1850 001:685 JLINK_IsHalted()  returns FALSE (0000ms, 0481ms total)
02-00000000-00-00001705-0044: T1850 001:706 JLINK_IsHalted()  returns FALSE (0000ms, 0481ms total)
02-00000000-00-00001726-0044: T1850 001:727 JLINK_IsHalted()  returns FALSE (0000ms, 0481ms total)
02-00000000-00-00001747-0044: T1850 001:748 JLINK_IsHalted()  returns FALSE (0000ms, 0481ms total)
02-00000000-00-00001768-0044: T1850 001:769 JLINK_IsHalted()  returns FALSE (0000ms, 0481ms total)
02-00000000-00-00001789-0044: T1850 001:790 JLINK_IsHalted()  returns FALSE (0000ms, 0481ms total)
02-00000000-00-00001809-0044: T1850 001:810 JLINK_IsHalted()  returns FALSE (0000ms, 0481ms total)
02-00000000-00-00001830-0044: T1850 001:831 JLINK_IsHalted()  returns FALSE (0000ms, 0481ms total)
02-00000000-00-00001851-0044: T1850 001:852 JLINK_IsHalted()  returns FALSE (0000ms, 0481ms total)
02-00000000-00-00001872-0044: T1850 001:873 JLINK_IsHalted()  returns FALSE (0000ms, 0481ms total)
02-00000000-00-00001893-0044: T1850 001:894 JLINK_IsHalted()  returns FALSE (0000ms, 0481ms total)
02-00000000-00-00001914-0044: T1850 001:915 JLINK_IsHalted()  returns FALSE (0000ms, 0481ms total)
02-00000000-00-00001935-0044: T1850 001:936 JLINK_IsHalted()  returns FALSE (0000ms, 0481ms total)
02-00000000-00-00001956-0044: T1850 001:957 JLINK_IsHalted()  returns FALSE (0000ms, 0481ms total)
02-00000000-00-00001977-0044: T1850 001:978 JLINK_IsHalted()  returns FALSE (0000ms, 0481ms total)
02-00000000-00-00001998-0044: T1850 001:999 JLINK_IsHalted()  returns FALSE (0000ms, 0481ms total)
02-00000000-00-00002019-0044: T1850 002:020 JLINK_IsHalted()  returns FALSE (0000ms, 0481ms total)
02-00000000-00-00002040-0044: T1850 002:041 JLINK_IsHalted()  returns FALSE (0000ms, 0481ms total)
02-00000000-00-00002061-0044: T1850 002:062 JLINK_IsHalted()  returns FALSE (0000ms, 0481ms total)
02-00000000-00-00002082-0044: T1850 002:083 JLINK_IsHalted()  returns FALSE (0000ms, 0481ms total)
02-00000000-00-00002103-0044: T1850 002:104 JLINK_IsHalted()  returns FALSE (0000ms, 0481ms total)
02-00000000-00-00002124-0044: T1850 002:125 JLINK_IsHalted()  returns FALSE (0000ms, 0481ms total)
02-00000000-00-00002145-0044: T1850 002:146 JLINK_IsHalted()  returns FALSE (0000ms, 0481ms total)
02-00000000-00-00002165-0044: T1850 002:166 JLINK_IsHalted()  returns FALSE (0000ms, 0481ms total)
02-00000000-00-00002186-0044: T1850 002:187 JLINK_IsHalted()  returns FALSE (0000ms, 0481ms total)
02-00000000-00-00002206-0049: T3A70 002:207 JLINK_GetHWStatus(...)  returns 0x00 (0000ms, 0481ms total)
02-00000000-00-00002207-0044: T1850 002:208 JLINK_IsHalted()  returns FALSE (0000ms, 0481ms total)
02-00000000-00-00002228-0044: T1850 002:229 JLINK_IsHalted()  returns FALSE (0000ms, 0481ms total)
02-00000000-00-00002249-0044: T1850 002:250 JLINK_IsHalted()  returns FALSE (0000ms, 0481ms total)
02-00000000-00-00002270-0044: T1850 002:271 JLINK_IsHalted()  returns FALSE (0000ms, 0481ms total)
02-00000000-00-00002291-0044: T1850 002:292 JLINK_IsHalted()  returns FALSE (0000ms, 0481ms total)
02-00000000-00-00002312-0044: T1850 002:313 JLINK_IsHalted()  returns FALSE (0000ms, 0481ms total)
02-00000000-00-00002333-0044: T1850 002:334 JLINK_IsHalted()  returns FALSE (0000ms, 0481ms total)
02-00000000-00-00002354-0044: T1850 002:355 JLINK_IsHalted()  returns FALSE (0000ms, 0481ms total)
02-00000000-00-00002375-0044: T1850 002:376 JLINK_IsHalted()  returns FALSE (0000ms, 0481ms total)
02-00000000-00-00002396-0044: T1850 002:397 JLINK_IsHalted()  returns FALSE (0000ms, 0481ms total)
02-00000000-00-00002417-0044: T1850 002:418 JLINK_IsHalted()  returns FALSE (0000ms, 0481ms total)
02-00000000-00-00002438-0044: T1850 002:439 JLINK_IsHalted()  returns FALSE (0000ms, 0481ms total)
02-00000000-00-00002459-0044: T1850 002:460 JLINK_IsHalted()  returns FALSE (0000ms, 0481ms total)
02-00000000-00-00002480-0044: T1850 002:481 JLINK_IsHalted()  returns FALSE (0000ms, 0481ms total)
02-00000000-00-00002501-0044: T1850 002:502 JLINK_IsHalted()  returns FALSE (0000ms, 0481ms total)
02-00000000-00-00002522-0044: T1850 002:523 JLINK_IsHalted()  returns FALSE (0000ms, 0481ms total)
02-00000000-00-00002542-0044: T1850 002:543 JLINK_IsHalted()  returns FALSE (0000ms, 0481ms total)
02-00000000-00-00002563-0044: T1850 002:564 JLINK_IsHalted()  returns FALSE (0000ms, 0481ms total)
02-00000000-00-00002584-0044: T1850 002:585 JLINK_IsHalted()  returns FALSE (0000ms, 0481ms total)
02-00000000-00-00002605-0044: T1850 002:606 JLINK_IsHalted()  returns FALSE (0000ms, 0481ms total)
02-00000000-00-00002626-0044: T1850 002:627 JLINK_IsHalted()  returns FALSE (0000ms, 0481ms total)
02-00000000-00-00002647-0044: T1850 002:648 JLINK_IsHalted()  returns FALSE (0000ms, 0481ms total)
02-00000000-00-00002668-0044: T1850 002:669 JLINK_IsHalted()  returns FALSE (0000ms, 0481ms total)
02-00000000-00-00002689-0044: T1850 002:690 JLINK_IsHalted()  returns FALSE (0000ms, 0481ms total)
02-00000000-00-00002710-0044: T1850 002:711 JLINK_IsHalted()  returns FALSE (0000ms, 0481ms total)
02-00000000-00-00002731-0044: T1850 002:732 JLINK_IsHalted()  returns FALSE (0000ms, 0481ms total)
02-00000000-00-00002752-0044: T1850 002:753 JLINK_IsHalted()  returns FALSE (0000ms, 0481ms total)
02-00000000-00-00002773-0044: T1850 002:774 JLINK_IsHalted()  returns FALSE (0000ms, 0481ms total)
02-00000000-00-00002794-0044: T1850 002:795 JLINK_IsHalted()  returns FALSE (0000ms, 0481ms total)
02-00000000-00-00002814-0044: T1850 002:815 JLINK_IsHalted()  returns FALSE (0000ms, 0481ms total)
02-00000000-00-00002835-0044: T1850 002:836 JLINK_IsHalted()  returns FALSE (0000ms, 0481ms total)
02-00000000-00-00002856-0044: T1850 002:857 JLINK_IsHalted()  returns FALSE (0000ms, 0481ms total)
02-00000000-00-00002877-0044: T1850 002:878 JLINK_IsHalted()  returns FALSE (0000ms, 0481ms total)
02-00000000-00-00002898-0044: T1850 002:899 JLINK_IsHalted()  returns FALSE (0000ms, 0481ms total)
02-00000000-00-00002919-0044: T1850 002:920 JLINK_IsHalted()  returns FALSE (0000ms, 0481ms total)
02-00000000-00-00002940-0044: T1850 002:941 JLINK_IsHalted()  returns FALSE (0000ms, 0481ms total)
02-00000000-00-00002961-0044: T1850 002:962 JLINK_IsHalted()  returns FALSE (0000ms, 0481ms total)
02-00000000-00-00002982-0044: T1850 002:983 JLINK_IsHalted()  returns FALSE (0000ms, 0481ms total)
02-00000000-00-00003004-0044: T1850 003:005 JLINK_IsHalted()  returns FALSE (0000ms, 0481ms total)
02-00000000-00-00003028-0043: T1850 003:026 JLINK_IsHalted()  returns TRUE (0003ms, 0484ms total)
02-00000000-00-00003028-0050: T1850 003:029 JLINK_ReadReg(R15 (PC))  returns 0x000013CE (0000ms, 0481ms total)
02-00000000-00-00003028-006A: T1850 003:029 JLINK_GetMOEs(...) -- CPU_ReadMem(4 bytes @ 0xE000ED30)  returns 0x01 (0000ms, 0481ms total)
02-00000000-00-00003029-00F0: T1850 003:029 JLINK_ReadMemU16(0x000013CE, 0x0001 Items, ...) -- CPU_ReadMem(64 bytes @ 0x000013C0) -- Updating DA cache (64 bytes @ 0x000013C0) -- Read from DA cache (2 bytes @ 0x000013CE) - Data: 0C BE  returns 0x01 (0001ms, 0482ms total)
01-000004B4-00-00003029-0017: $T05thread:0000dead;#f4
00-000004B4-00-00003029-0001: +
00-000004B4-01-00003050-0035: 2458376663393430302c32343a7061ffff801001006766874e312e302e302e3100ffffffffffffffffc0d6835d7d04000000233245
01-000004B4-00-00003050-0001: +
03-00000000-00-00003050-0029: Downloading 36 bytes @ address 0x07FC9400
02-00000000-00-00003051-00C3: T1850 003:051 JLINK_WriteMem(0x07FC9400, 0x0024 Bytes, ...) - Data: 70 61 FF FF 80 10 01 00 67 66 87 4E 31 2E 30 2E ... -- CPU_WriteMem(36 bytes @ 0x07FC9400)  returns 0x24 (0001ms, 0483ms total)
01-000004B4-00-00003051-0006: $OK#9a
00-000004B4-00-00003051-0001: +
00-000004B4-01-00003051-001B: 2458346536642c653a01030a000094fc077d040000f00100233644
01-000004B4-00-00003051-0001: +
03-00000000-00-00003051-0029: Downloading 14 bytes @ address 0x00004E6D
02-00000000-00-00003052-00B9: T1850 003:052 JLINK_WriteMem(0x00004E6D, 0x000E Bytes, ...) - Data: 01 03 0A 00 00 94 FC 07 24 00 00 F0 01 00 -- CPU_WriteMem(14 bytes @ 0x00004E6D)  returns 0x0E (0001ms, 0484ms total)
01-000004B4-00-00003052-0006: $OK#9a
00-000004B4-00-00003052-0001: +
00-000004B4-01-00003052-000F: 24583231632c343a01000000234239
01-000004B4-00-00003052-0001: +
03-00000000-00-00003052-0028: Downloading 4 bytes @ address 0x0000021C
02-00000000-00-00003052-009A: T1850 003:053 JLINK_WriteMem(0x0000021C, 0x0004 Bytes, ...) - Data: 01 00 00 00 -- CPU_WriteMem(4 bytes @ 0x0000021C)  returns 0x04 (0000ms, 0484ms total)
01-000004B4-00-00003052-0006: $OK#9a
00-000004B4-00-00003052-0001: +
00-000004B4-00-00003052-0005: $s#73
01-000004B4-00-00003052-0001: +
03-00000000-00-00003052-0019: Performing single step...
02-00000000-00-00003053-0096: T1850 003:053 JLINK_Step() -- CPU_ReadMem(2 bytes @ 0x000013CE) -- CPU_ReadMem(4 bytes @ 0xE0001004) -- Simulated  returns 0x00 (0001ms, 0485ms total)
02-00000000-00-00003053-0043: T1850 003:054 JLINK_IsHalted()  returns TRUE (0000ms, 0485ms total)
02-00000000-00-00003053-0050: T1850 003:054 JLINK_ReadReg(R15 (PC))  returns 0x000013D0 (0000ms, 0485ms total)
02-00000000-00-00003053-0045: T1850 003:054 JLINK_GetMOEs(...)  returns 0x01 (0000ms, 0485ms total)
02-00000000-00-00003054-0095: T1850 003:054 JLINK_ReadMemU16(0x000013D0, 0x0001 Items, ...) -- CPU_ReadMem(2 bytes @ 0x000013D0) - Data: 33 1C  returns 0x01 (0001ms, 0486ms total)
03-00000000-00-00003054-002A: ...Breakpoint reached @ address 0x000013D0
01-000004B4-00-00003054-0017: $T05thread:0000dead;#f4
00-000004B4-00-00003054-0001: +
00-000004B4-00-00003054-0005: $c#63
01-000004B4-00-00003054-0001: +
03-00000000-00-00003054-0016: Starting target CPU...
02-00000000-00-00003054-0043: T1850 003:055 JLINK_IsHalted()  returns TRUE (0000ms, 0486ms total)
02-00000000-00-00003057-00E7: T1850 003:055 JLINK_GoEx(MaxEmulInsts = -1, Flags = 0x00) -- CPU_ReadMem(4 bytes @ 0xE0001000) -- CPU_WriteMem(4 bytes @ 0xE000ED30) -- CPU_WriteMem(4 bytes @ 0xE0001000) -- CPU_WriteMem(4 bytes @ 0xE0001004) (0003ms, 0489ms total)
02-00000000-00-00003059-0043: T1850 003:058 JLINK_IsHalted()  returns TRUE (0002ms, 0491ms total)
02-00000000-00-00003059-0050: T1850 003:060 JLINK_ReadReg(R15 (PC))  returns 0x000013CE (0000ms, 0489ms total)
02-00000000-00-00003059-006A: T1850 003:060 JLINK_GetMOEs(...) -- CPU_ReadMem(4 bytes @ 0xE000ED30)  returns 0x01 (0000ms, 0489ms total)
02-00000000-00-00003061-00F0: T1850 003:060 JLINK_ReadMemU16(0x000013CE, 0x0001 Items, ...) -- CPU_ReadMem(64 bytes @ 0x000013C0) -- Updating DA cache (64 bytes @ 0x000013C0) -- Read from DA cache (2 bytes @ 0x000013CE) - Data: 0C BE  returns 0x01 (0002ms, 0491ms total)
01-000004B4-00-00003061-0017: $T05thread:0000dead;#f4
00-000004B4-00-00003061-0001: +
00-000004B4-00-00003061-0016: $m00000228,00000001#A6
01-000004B4-00-00003061-0001: +
02-00000000-00-00003061-00EB: T1850 003:062 JLINK_ReadMem (0x00000228, 0x0001 Bytes, ...) -- CPU_ReadMem(64 bytes @ 0x00000200) -- Updating DA cache (64 bytes @ 0x00000200) -- Read from DA cache (1 bytes @ 0x00000228) - Data: 06  returns 0x00 (0000ms, 0491ms total)
03-00000000-00-00003061-002F: Read 1 bytes @ address 0x00000228 (Data = 0x06)
01-000004B4-00-00003061-0006: $06#66
00-000004B4-00-00003061-0001: +
03-00000000-00-00003061-001C: GDB closed TCP/IP connection
03-00000000-00-00003262-0037: Restoring target state and closing J-Link connection...
02-00000000-00-00003262-0041: T2634 003:263 JLINK_IsOpen()  returns 0x01 (0000ms, 0491ms total)
02-00000000-00-00003262-0058: T2634 003:263 JLINK_ExecCommand("ClrAllBPs", ...).   returns 0x00 (0000ms, 0491ms total)
03-00000000-00-00003281-0010: Shutting down...
